вХФвХРвХРвХРвХРвХРвХРвХРвХРвХРвХРвХРвХРвХРвХРвХРвХРвХРвХРвХРвХРвХРвХРвХРвХРвХРвХРвХРвХРвХРвХРвХРвХРвХРвХРвХРвХРвХРвХРвХРвХРвХРвХРвХРвХРвХРвХРвХРвХРвХРвХРвХРвХЧ
вХС  SagittaSBR  >>---->  MONOSTATIC RCS CALCULATION  вХС
вХЪвХРвХРвХРвХРвХРвХРвХРвХРвХРвХРвХРвХРвХРвХРвХРвХРвХРвХРвХРвХРвХРвХРвХРвХРвХРвХРвХРвХРвХРвХРвХРвХРвХРвХРвХРвХРвХРвХРвХРвХРвХРвХРвХРвХРвХРвХРвХРвХРвХРвХРвХРвХЭ
Using frequency from config file: 5e+09 Hz
вХФвХРвХРвХРвХРвХРвХРвХРвХРвХРвХРвХРвХРвХРвХРвХРвХРвХРвХРвХРвХРвХРвХРвХРвХРвХРвХРвХРвХРвХРвХРвХРвХРвХРвХРвХРвХРвХРвХРвХРвХРвХРвХРвХРвХРвХРвХРвХРвХРвХРвХРвХРвХЧ
вХС                   GPU INFORMATION                 вХС
вХ†вХРвХРвХРвХРвХРвХРвХРвХРвХРвХРвХРвХРвХРвХРвХРвХРвХРвХРвХРвХРвХРвХРвХРвХРвХРвХРвХРвХРвХРвХРвХРвХРвХРвХРвХРвХРвХРвХРвХРвХРвХРвХРвХРвХРвХРвХРвХРвХРвХРвХРвХРвХ£
вХС Device: NVIDIA A100-PCIE-40GB
вХС Compute Capability: 8.0
вХС Total Global Memory: 39.3929 GB
вХС Multiprocessors: 108
вХС Max Threads per Block: 1024
вХЪвХРвХРвХРвХРвХРвХРвХРвХРвХРвХРвХРвХРвХРвХРвХРвХРвХРвХРвХРвХРвХРвХРвХРвХРвХРвХРвХРвХРвХРвХРвХРвХРвХРвХРвХРвХРвХРвХРвХРвХРвХРвХРвХРвХРвХРвХРвХРвХРвХРвХРвХРвХЭ


вФМвФАвФА MEMORY ALLOCATION                              вФР
вФВ  BVH buffers and world setup complete.
вФФвФАвФАвФАвФАвФАвФАвФАвФАвФАвФАвФАвФАвФАвФАвФАвФАвФАвФАвФАвФАвФАвФАвФАвФАвФАвФАвФАвФАвФАвФАвФАвФАвФАвФАвФАвФАвФАвФАвФАвФАвФАвФАвФАвФАвФАвФАвФАвФАвФАвФАвФШ

вФМвФАвФА INITIALIZATION TIMING                          вФР
вФВ Model Loading       : 149.339 ms
вФВ BVH Construction    : 1801.39 ms
вФВ GPU Memory Alloc    : 844.456 ms
вФВ Total Init Time     : 2795.18 ms
вФВ Triangle Count      : 161962 
вФВ BVH Node Count      : 111289 
вФФвФАвФАвФАвФАвФАвФАвФАвФАвФАвФАвФАвФАвФАвФАвФАвФАвФАвФАвФАвФАвФАвФАвФАвФАвФАвФАвФАвФАвФАвФАвФАвФАвФАвФАвФАвФАвФАвФАвФАвФАвФАвФАвФАвФАвФАвФАвФАвФАвФАвФАвФШ

вФМвФАвФА SIMULATION PARAMETERS                          вФР
вФВ Frequency           : 5 GHz
вФВ Wavelength          : 59.9585 mm
вФВ Wave Number k       : 104.792 rad/m
вФВ Illumination Area   : 10000 m¬≤
вФВ Grid Size           : 20000x20000 
вФВ Total Rays          : 400000000 
вФВ Ray Density         : 40000 rays/m¬≤
вФВ Ray Area            : 2.5e-05 m¬≤
вФВ Phi Range           : 0.000000 to 180.000000 
вФВ Theta Range         : 0.000000 to 360.000000 
вФВ Show GPU info       : 1 
вФВ Show Hit info       : 1 
вФФвФАвФАвФАвФАвФАвФАвФАвФАвФАвФАвФАвФАвФАвФАвФАвФАвФАвФАвФАвФАвФАвФАвФАвФАвФАвФАвФАвФАвФАвФАвФАвФАвФАвФАвФАвФАвФАвФАвФАвФАвФАвФАвФАвФАвФАвФАвФАвФАвФАвФАвФШ

вФМвФАвФА EXECUTING SWEEP                                вФР
[1  /100] вФВ ќШ: 0  ¬∞ вФВ ќ¶: 0  ¬∞ вФВ RT: 38.29ms вФВ PO: 11.43ms вФВ Tot: 49.76ms вФВ Hit: 14% вФВ Bounces: 1.00
[2  /100] вФВ ќШ: 0  ¬∞ вФВ ќ¶: 20 ¬∞ вФВ RT: 22.09ms вФВ PO: 7.60ms вФВ Tot: 29.73ms вФВ Hit: 14% вФВ Bounces: 1.00
[3  /100] вФВ ќШ: 0  ¬∞ вФВ ќ¶: 40 ¬∞ вФВ RT: 22.15ms вФВ PO: 7.60ms вФВ Tot: 29.78ms вФВ Hit: 14% вФВ Bounces: 1.00
[4  /100] вФВ ќШ: 0  ¬∞ вФВ ќ¶: 60 ¬∞ вФВ RT: 22.15ms вФВ PO: 7.65ms вФВ Tot: 29.84ms вФВ Hit: 14% вФВ Bounces: 1.00
[5  /100] вФВ ќШ: 0  ¬∞ вФВ ќ¶: 80 ¬∞ вФВ RT: 22.08ms вФВ PO: 7.64ms вФВ Tot: 29.76ms вФВ Hit: 14% вФВ Bounces: 1.00
[6  /100] вФВ ќШ: 0  ¬∞ вФВ ќ¶: 100¬∞ вФВ RT: 22.15ms вФВ PO: 7.60ms вФВ Tot: 29.79ms вФВ Hit: 14% вФВ Bounces: 1.00
[7  /100] вФВ ќШ: 0  ¬∞ вФВ ќ¶: 120¬∞ вФВ RT: 22.15ms вФВ PO: 7.60ms вФВ Tot: 29.79ms вФВ Hit: 14% вФВ Bounces: 1.00
[8  /100] вФВ ќШ: 0  ¬∞ вФВ ќ¶: 140¬∞ вФВ RT: 22.15ms вФВ PO: 7.60ms вФВ Tot: 29.78ms вФВ Hit: 14% вФВ Bounces: 1.00
[9  /100] вФВ ќШ: 0  ¬∞ вФВ ќ¶: 160¬∞ вФВ RT: 22.15ms вФВ PO: 7.61ms вФВ Tot: 29.79ms вФВ Hit: 14% вФВ Bounces: 1.00
[10 /100] вФВ ќШ: 0  ¬∞ вФВ ќ¶: 180¬∞ вФВ RT: 22.14ms вФВ PO: 7.66ms вФВ Tot: 29.84ms вФВ Hit: 14% вФВ Bounces: 1.00
[11 /100] вФВ ќШ: 40 ¬∞ вФВ ќ¶: 0  ¬∞ вФВ RT: 20.97ms вФВ PO: 7.56ms вФВ Tot: 28.57ms вФВ Hit: 11% вФВ Bounces: 1.00
[12 /100] вФВ ќШ: 40 ¬∞ вФВ ќ¶: 20 ¬∞ вФВ RT: 21.90ms вФВ PO: 7.56ms вФВ Tot: 29.51ms вФВ Hit: 11% вФВ Bounces: 1.00
[13 /100] вФВ ќШ: 40 ¬∞ вФВ ќ¶: 40 ¬∞ вФВ RT: 22.15ms вФВ PO: 7.58ms вФВ Tot: 29.76ms вФВ Hit: 12% вФВ Bounces: 1.00
[14 /100] вФВ ќШ: 40 ¬∞ вФВ ќ¶: 60 ¬∞ вФВ RT: 21.78ms вФВ PO: 7.58ms вФВ Tot: 29.39ms вФВ Hit: 12% вФВ Bounces: 1.00
[15 /100] вФВ ќШ: 40 ¬∞ вФВ ќ¶: 80 ¬∞ вФВ RT: 21.05ms вФВ PO: 7.65ms вФВ Tot: 28.73ms вФВ Hit: 12% вФВ Bounces: 1.00
[16 /100] вФВ ќШ: 40 ¬∞ вФВ ќ¶: 100¬∞ вФВ RT: 22.21ms вФВ PO: 7.65ms вФВ Tot: 29.90ms вФВ Hit: 12% вФВ Bounces: 1.00
[17 /100] вФВ ќШ: 40 ¬∞ вФВ ќ¶: 120¬∞ вФВ RT: 24.69ms вФВ PO: 7.58ms вФВ Tot: 32.30ms вФВ Hit: 12% вФВ Bounces: 1.00
[18 /100] вФВ ќШ: 40 ¬∞ вФВ ќ¶: 140¬∞ вФВ RT: 26.26ms вФВ PO: 7.61ms вФВ Tot: 33.91ms вФВ Hit: 12% вФВ Bounces: 1.00
[19 /100] вФВ ќШ: 40 ¬∞ вФВ ќ¶: 160¬∞ вФВ RT: 26.77ms вФВ PO: 7.74ms вФВ Tot: 34.54ms вФВ Hit: 11% вФВ Bounces: 1.00
[20 /100] вФВ ќШ: 40 ¬∞ вФВ ќ¶: 180¬∞ вФВ RT: 25.76ms вФВ PO: 7.57ms вФВ Tot: 33.37ms вФВ Hit: 11% вФВ Bounces: 1.00
[21 /100] вФВ ќШ: 80 ¬∞ вФВ ќ¶: 0  ¬∞ вФВ RT: 12.15ms вФВ PO: 7.46ms вФВ Tot: 19.65ms вФВ Hit: 3% вФВ Bounces: 1.00
[22 /100] вФВ ќШ: 80 ¬∞ вФВ ќ¶: 20 ¬∞ вФВ RT: 13.49ms вФВ PO: 7.48ms вФВ Tot: 21.00ms вФВ Hit: 4% вФВ Bounces: 1.00
[23 /100] вФВ ќШ: 80 ¬∞ вФВ ќ¶: 40 ¬∞ вФВ RT: 13.32ms вФВ PO: 7.50ms вФВ Tot: 20.84ms вФВ Hit: 6% вФВ Bounces: 1.00
[24 /100] вФВ ќШ: 80 ¬∞ вФВ ќ¶: 60 ¬∞ вФВ RT: 12.62ms вФВ PO: 7.50ms вФВ Tot: 20.16ms вФВ Hit: 6% вФВ Bounces: 1.00
[25 /100] вФВ ќШ: 80 ¬∞ вФВ ќ¶: 80 ¬∞ вФВ RT: 11.66ms вФВ PO: 7.50ms вФВ Tot: 19.20ms вФВ Hit: 7% вФВ Bounces: 1.00
[26 /100] вФВ ќШ: 80 ¬∞ вФВ ќ¶: 100¬∞ вФВ RT: 13.84ms вФВ PO: 7.51ms вФВ Tot: 21.38ms вФВ Hit: 7% вФВ Bounces: 1.00
[27 /100] вФВ ќШ: 80 ¬∞ вФВ ќ¶: 120¬∞ вФВ RT: 19.01ms вФВ PO: 7.50ms вФВ Tot: 26.55ms вФВ Hit: 6% вФВ Bounces: 1.00
[28 /100] вФВ ќШ: 80 ¬∞ вФВ ќ¶: 140¬∞ вФВ RT: 22.50ms вФВ PO: 7.49ms вФВ Tot: 30.02ms вФВ Hit: 5% вФВ Bounces: 1.00
[29 /100] вФВ ќШ: 80 ¬∞ вФВ ќ¶: 160¬∞ вФВ RT: 22.64ms вФВ PO: 7.47ms вФВ Tot: 30.14ms вФВ Hit: 4% вФВ Bounces: 1.00
[30 /100] вФВ ќШ: 80 ¬∞ вФВ ќ¶: 180¬∞ вФВ RT: 19.85ms вФВ PO: 7.46ms вФВ Tot: 27.34ms вФВ Hit: 3% вФВ Bounces: 1.00
[31 /100] вФВ ќШ: 120¬∞ вФВ ќ¶: 0  ¬∞ вФВ RT: 17.95ms вФВ PO: 7.52ms вФВ Tot: 25.50ms вФВ Hit: 7% вФВ Bounces: 1.00
[32 /100] вФВ ќШ: 120¬∞ вФВ ќ¶: 20 ¬∞ вФВ RT: 19.45ms вФВ PO: 7.54ms вФВ Tot: 27.03ms вФВ Hit: 8% вФВ Bounces: 1.00
[33 /100] вФВ ќШ: 120¬∞ вФВ ќ¶: 40 ¬∞ вФВ RT: 20.41ms вФВ PO: 7.59ms вФВ Tot: 28.04ms вФВ Hit: 9% вФВ Bounces: 1.00
[34 /100] вФВ ќШ: 120¬∞ вФВ ќ¶: 60 ¬∞ вФВ RT: 20.70ms вФВ PO: 7.55ms вФВ Tot: 28.28ms вФВ Hit: 10% вФВ Bounces: 1.00
[35 /100] вФВ ќШ: 120¬∞ вФВ ќ¶: 80 ¬∞ вФВ RT: 20.06ms вФВ PO: 7.54ms вФВ Tot: 27.64ms вФВ Hit: 10% вФВ Bounces: 1.00
[36 /100] вФВ ќШ: 120¬∞ вФВ ќ¶: 100¬∞ вФВ RT: 21.77ms вФВ PO: 7.54ms вФВ Tot: 29.34ms вФВ Hit: 10% вФВ Bounces: 1.00
[37 /100] вФВ ќШ: 120¬∞ вФВ ќ¶: 120¬∞ вФВ RT: 25.57ms вФВ PO: 7.61ms вФВ Tot: 33.22ms вФВ Hit: 9% вФВ Bounces: 1.00
[38 /100] вФВ ќШ: 120¬∞ вФВ ќ¶: 140¬∞ вФВ RT: 27.57ms вФВ PO: 7.62ms вФВ Tot: 35.23ms вФВ Hit: 9% вФВ Bounces: 1.00
[39 /100] вФВ ќШ: 120¬∞ вФВ ќ¶: 160¬∞ вФВ RT: 27.36ms вФВ PO: 7.53ms вФВ Tot: 34.92ms вФВ Hit: 8% вФВ Bounces: 1.00
[40 /100] вФВ ќШ: 120¬∞ вФВ ќ¶: 180¬∞ вФВ RT: 25.28ms вФВ PO: 7.52ms вФВ Tot: 32.84ms вФВ Hit: 7% вФВ Bounces: 1.00
[41 /100] вФВ ќШ: 160¬∞ вФВ ќ¶: 0  ¬∞ вФВ RT: 26.74ms вФВ PO: 7.59ms вФВ Tot: 34.37ms вФВ Hit: 13% вФВ Bounces: 1.00
[42 /100] вФВ ќШ: 160¬∞ вФВ ќ¶: 20 ¬∞ вФВ RT: 27.55ms вФВ PO: 7.87ms вФВ Tot: 35.46ms вФВ Hit: 13% вФВ Bounces: 1.00
[43 /100] вФВ ќШ: 160¬∞ вФВ ќ¶: 40 ¬∞ вФВ RT: 28.11ms вФВ PO: 7.60ms вФВ Tot: 35.75ms вФВ Hit: 14% вФВ Bounces: 1.00
[44 /100] вФВ ќШ: 160¬∞ вФВ ќ¶: 60 ¬∞ вФВ RT: 28.41ms вФВ PO: 7.89ms вФВ Tot: 36.34ms вФВ Hit: 14% вФВ Bounces: 1.00
[45 /100] вФВ ќШ: 160¬∞ вФВ ќ¶: 80 ¬∞ вФВ RT: 28.31ms вФВ PO: 7.60ms вФВ Tot: 35.94ms вФВ Hit: 14% вФВ Bounces: 1.00
[46 /100] вФВ ќШ: 160¬∞ вФВ ќ¶: 100¬∞ вФВ RT: 28.86ms вФВ PO: 7.85ms вФВ Tot: 36.74ms вФВ Hit: 14% вФВ Bounces: 1.00
[47 /100] вФВ ќШ: 160¬∞ вФВ ќ¶: 120¬∞ вФВ RT: 29.96ms вФВ PO: 7.59ms вФВ Tot: 37.59ms вФВ Hit: 14% вФВ Bounces: 1.00
[48 /100] вФВ ќШ: 160¬∞ вФВ ќ¶: 140¬∞ вФВ RT: 30.71ms вФВ PO: 7.86ms вФВ Tot: 38.60ms вФВ Hit: 14% вФВ Bounces: 1.00
[49 /100] вФВ ќШ: 160¬∞ вФВ ќ¶: 160¬∞ вФВ RT: 30.48ms вФВ PO: 7.71ms вФВ Tot: 38.22ms вФВ Hit: 13% вФВ Bounces: 1.00
[50 /100] вФВ ќШ: 160¬∞ вФВ ќ¶: 180¬∞ вФВ RT: 29.68ms вФВ PO: 7.74ms вФВ Tot: 37.45ms вФВ Hit: 13% вФВ Bounces: 1.00
[51 /100] вФВ ќШ: 200¬∞ вФВ ќ¶: 0  ¬∞ вФВ RT: 29.69ms вФВ PO: 7.77ms вФВ Tot: 37.50ms вФВ Hit: 13% вФВ Bounces: 1.00
[52 /100] вФВ ќШ: 200¬∞ вФВ ќ¶: 20 ¬∞ вФВ RT: 31.23ms вФВ PO: 7.68ms вФВ Tot: 38.94ms вФВ Hit: 13% вФВ Bounces: 1.00
[53 /100] вФВ ќШ: 200¬∞ вФВ ќ¶: 40 ¬∞ вФВ RT: 31.93ms вФВ PO: 7.95ms вФВ Tot: 39.92ms вФВ Hit: 14% вФВ Bounces: 1.00
[54 /100] вФВ ќШ: 200¬∞ вФВ ќ¶: 60 ¬∞ вФВ RT: 31.81ms вФВ PO: 7.74ms вФВ Tot: 39.58ms вФВ Hit: 14% вФВ Bounces: 1.00
[55 /100] вФВ ќШ: 200¬∞ вФВ ќ¶: 80 ¬∞ вФВ RT: 30.98ms вФВ PO: 7.68ms вФВ Tot: 38.70ms вФВ Hit: 14% вФВ Bounces: 1.00
[56 /100] вФВ ќШ: 200¬∞ вФВ ќ¶: 100¬∞ вФВ RT: 30.34ms вФВ PO: 7.93ms вФВ Tot: 38.31ms вФВ Hit: 14% вФВ Bounces: 1.00
[57 /100] вФВ ќШ: 200¬∞ вФВ ќ¶: 120¬∞ вФВ RT: 30.20ms вФВ PO: 7.59ms вФВ Tot: 37.83ms вФВ Hit: 14% вФВ Bounces: 1.00
[58 /100] вФВ ќШ: 200¬∞ вФВ ќ¶: 140¬∞ вФВ RT: 29.45ms вФВ PO: 7.77ms вФВ Tot: 37.26ms вФВ Hit: 14% вФВ Bounces: 1.00
[59 /100] вФВ ќШ: 200¬∞ вФВ ќ¶: 160¬∞ вФВ RT: 28.22ms вФВ PO: 7.59ms вФВ Tot: 35.84ms вФВ Hit: 13% вФВ Bounces: 1.00
[60 /100] вФВ ќШ: 200¬∞ вФВ ќ¶: 180¬∞ вФВ RT: 26.77ms вФВ PO: 7.76ms вФВ Tot: 34.57ms вФВ Hit: 13% вФВ Bounces: 1.00
[61 /100] вФВ ќШ: 240¬∞ вФВ ќ¶: 0  ¬∞ вФВ RT: 25.21ms вФВ PO: 7.52ms вФВ Tot: 32.77ms вФВ Hit: 7% вФВ Bounces: 1.00
[62 /100] вФВ ќШ: 240¬∞ вФВ ќ¶: 20 ¬∞ вФВ RT: 29.14ms вФВ PO: 7.82ms вФВ Tot: 37.00ms вФВ Hit: 8% вФВ Bounces: 1.00
[63 /100] вФВ ќШ: 240¬∞ вФВ ќ¶: 40 ¬∞ вФВ RT: 31.10ms вФВ PO: 7.54ms вФВ Tot: 38.67ms вФВ Hit: 9% вФВ Bounces: 1.00
[64 /100] вФВ ќШ: 240¬∞ вФВ ќ¶: 60 ¬∞ вФВ RT: 31.18ms вФВ PO: 7.80ms вФВ Tot: 39.02ms вФВ Hit: 9% вФВ Bounces: 1.00
[65 /100] вФВ ќШ: 240¬∞ вФВ ќ¶: 80 ¬∞ вФВ RT: 28.60ms вФВ PO: 7.56ms вФВ Tot: 36.19ms вФВ Hit: 10% вФВ Bounces: 1.00
[66 /100] вФВ ќШ: 240¬∞ вФВ ќ¶: 100¬∞ вФВ RT: 26.55ms вФВ PO: 7.63ms вФВ Tot: 34.21ms вФВ Hit: 10% вФВ Bounces: 1.00
[67 /100] вФВ ќШ: 240¬∞ вФВ ќ¶: 120¬∞ вФВ RT: 25.63ms вФВ PO: 7.54ms вФВ Tot: 33.20ms вФВ Hit: 10% вФВ Bounces: 1.00
[68 /100] вФВ ќШ: 240¬∞ вФВ ќ¶: 140¬∞ вФВ RT: 23.28ms вФВ PO: 7.57ms вФВ Tot: 30.88ms вФВ Hit: 9% вФВ Bounces: 1.00
[69 /100] вФВ ќШ: 240¬∞ вФВ ќ¶: 160¬∞ вФВ RT: 20.68ms вФВ PO: 7.60ms вФВ Tot: 28.31ms вФВ Hit: 8% вФВ Bounces: 1.00
[70 /100] вФВ ќШ: 240¬∞ вФВ ќ¶: 180¬∞ вФВ RT: 17.90ms вФВ PO: 7.52ms вФВ Tot: 25.45ms вФВ Hit: 7% вФВ Bounces: 1.00
[71 /100] вФВ ќШ: 280¬∞ вФВ ќ¶: 0  ¬∞ вФВ RT: 19.85ms вФВ PO: 7.49ms вФВ Tot: 27.37ms вФВ Hit: 3% вФВ Bounces: 1.00
[72 /100] вФВ ќШ: 280¬∞ вФВ ќ¶: 20 ¬∞ вФВ RT: 25.01ms вФВ PO: 7.55ms вФВ Tot: 32.60ms вФВ Hit: 4% вФВ Bounces: 1.00
[73 /100] вФВ ќШ: 280¬∞ вФВ ќ¶: 40 ¬∞ вФВ RT: 27.90ms вФВ PO: 7.48ms вФВ Tot: 35.43ms вФВ Hit: 5% вФВ Bounces: 1.00
[74 /100] вФВ ќШ: 280¬∞ вФВ ќ¶: 60 ¬∞ вФВ RT: 27.29ms вФВ PO: 7.71ms вФВ Tot: 35.03ms вФВ Hit: 6% вФВ Bounces: 1.00
[75 /100] вФВ ќШ: 280¬∞ вФВ ќ¶: 80 ¬∞ вФВ RT: 23.41ms вФВ PO: 7.50ms вФВ Tot: 30.95ms вФВ Hit: 7% вФВ Bounces: 1.00
[76 /100] вФВ ќШ: 280¬∞ вФВ ќ¶: 100¬∞ вФВ RT: 18.24ms вФВ PO: 7.51ms вФВ Tot: 25.79ms вФВ Hit: 7% вФВ Bounces: 1.00
[77 /100] вФВ ќШ: 280¬∞ вФВ ќ¶: 120¬∞ вФВ RT: 15.75ms вФВ PO: 7.51ms вФВ Tot: 23.29ms вФВ Hit: 6% вФВ Bounces: 1.00
[78 /100] вФВ ќШ: 280¬∞ вФВ ќ¶: 140¬∞ вФВ RT: 15.04ms вФВ PO: 7.50ms вФВ Tot: 22.58ms вФВ Hit: 6% вФВ Bounces: 1.00
[79 /100] вФВ ќШ: 280¬∞ вФВ ќ¶: 160¬∞ вФВ RT: 14.34ms вФВ PO: 7.48ms вФВ Tot: 21.85ms вФВ Hit: 4% вФВ Bounces: 1.00
[80 /100] вФВ ќШ: 280¬∞ вФВ ќ¶: 180¬∞ вФВ RT: 12.15ms вФВ PO: 7.46ms вФВ Tot: 19.64ms вФВ Hit: 3% вФВ Bounces: 1.00
[81 /100] вФВ ќШ: 320¬∞ вФВ ќ¶: 0  ¬∞ вФВ RT: 25.77ms вФВ PO: 7.73ms вФВ Tot: 33.54ms вФВ Hit: 11% вФВ Bounces: 1.00
[82 /100] вФВ ќШ: 320¬∞ вФВ ќ¶: 20 ¬∞ вФВ RT: 28.00ms вФВ PO: 7.65ms вФВ Tot: 35.69ms вФВ Hit: 11% вФВ Bounces: 1.00
[83 /100] вФВ ќШ: 320¬∞ вФВ ќ¶: 40 ¬∞ вФВ RT: 28.68ms вФВ PO: 7.79ms вФВ Tot: 36.51ms вФВ Hit: 12% вФВ Bounces: 1.00
[84 /100] вФВ ќШ: 320¬∞ вФВ ќ¶: 60 ¬∞ вФВ RT: 27.91ms вФВ PO: 7.66ms вФВ Tot: 35.61ms вФВ Hit: 12% вФВ Bounces: 1.00
[85 /100] вФВ ќШ: 320¬∞ вФВ ќ¶: 80 ¬∞ вФВ RT: 25.40ms вФВ PO: 7.61ms вФВ Tot: 33.04ms вФВ Hit: 12% вФВ Bounces: 1.00
[86 /100] вФВ ќШ: 320¬∞ вФВ ќ¶: 100¬∞ вФВ RT: 24.25ms вФВ PO: 7.75ms вФВ Tot: 32.04ms вФВ Hit: 12% вФВ Bounces: 1.00
[87 /100] вФВ ќШ: 320¬∞ вФВ ќ¶: 120¬∞ вФВ RT: 24.39ms вФВ PO: 7.57ms вФВ Tot: 32.00ms вФВ Hit: 12% вФВ Bounces: 1.00
[88 /100] вФВ ќШ: 320¬∞ вФВ ќ¶: 140¬∞ вФВ RT: 23.96ms вФВ PO: 7.57ms вФВ Tot: 31.57ms вФВ Hit: 12% вФВ Bounces: 1.00
[89 /100] вФВ ќШ: 320¬∞ вФВ ќ¶: 160¬∞ вФВ RT: 22.81ms вФВ PO: 7.66ms вФВ Tot: 30.51ms вФВ Hit: 11% вФВ Bounces: 1.00
[90 /100] вФВ ќШ: 320¬∞ вФВ ќ¶: 180¬∞ вФВ RT: 21.09ms вФВ PO: 7.58ms вФВ Tot: 28.70ms вФВ Hit: 11% вФВ Bounces: 1.00
[91 /100] вФВ ќШ: 360¬∞ вФВ ќ¶: 0  ¬∞ вФВ RT: 22.15ms вФВ PO: 7.60ms вФВ Tot: 29.79ms вФВ Hit: 14% вФВ Bounces: 1.00
[92 /100] вФВ ќШ: 360¬∞ вФВ ќ¶: 20 ¬∞ вФВ RT: 22.15ms вФВ PO: 7.60ms вФВ Tot: 29.79ms вФВ Hit: 14% вФВ Bounces: 1.00
[93 /100] вФВ ќШ: 360¬∞ вФВ ќ¶: 40 ¬∞ вФВ RT: 22.15ms вФВ PO: 7.60ms вФВ Tot: 29.79ms вФВ Hit: 14% вФВ Bounces: 1.00
[94 /100] вФВ ќШ: 360¬∞ вФВ ќ¶: 60 ¬∞ вФВ RT: 22.15ms вФВ PO: 7.69ms вФВ Tot: 29.87ms вФВ Hit: 14% вФВ Bounces: 1.00
[95 /100] вФВ ќШ: 360¬∞ вФВ ќ¶: 80 ¬∞ вФВ RT: 22.15ms вФВ PO: 7.60ms вФВ Tot: 29.78ms вФВ Hit: 14% вФВ Bounces: 1.00
[96 /100] вФВ ќШ: 360¬∞ вФВ ќ¶: 100¬∞ вФВ RT: 22.16ms вФВ PO: 7.60ms вФВ Tot: 29.80ms вФВ Hit: 14% вФВ Bounces: 1.00
[97 /100] вФВ ќШ: 360¬∞ вФВ ќ¶: 120¬∞ вФВ RT: 22.15ms вФВ PO: 7.61ms вФВ Tot: 29.79ms вФВ Hit: 14% вФВ Bounces: 1.00
[98 /100] вФВ ќШ: 360¬∞ вФВ ќ¶: 140¬∞ вФВ RT: 22.15ms вФВ PO: 7.64ms вФВ Tot: 29.83ms вФВ Hit: 14% вФВ Bounces: 1.00
[99 /100] вФВ ќШ: 360¬∞ вФВ ќ¶: 160¬∞ вФВ RT: 22.10ms вФВ PO: 7.70ms вФВ Tot: 29.83ms вФВ Hit: 14% вФВ Bounces: 1.00
[100/100] вФВ ќШ: 360¬∞ вФВ ќ¶: 180¬∞ вФВ RT: 22.15ms вФВ PO: 7.60ms вФВ Tot: 29.79ms вФВ Hit: 14% вФВ Bounces: 1.00
вФФвФАвФАвФАвФАвФАвФАвФАвФАвФАвФАвФАвФАвФАвФАвФАвФАвФАвФАвФАвФАвФАвФАвФАвФАвФАвФАвФАвФАвФАвФАвФАвФАвФАвФАвФАвФАвФАвФАвФАвФАвФАвФАвФАвФАвФАвФАвФАвФАвФАвФАвФШ

вФМвФАвФА SWEEP PERFORMANCE BREAKDOWN                    вФР
вФВ Ray Tracing Kernel (total): 2379.57 ms
вФВ PO Integration Kernel (total): 765.36 ms
вФВ Memset (total)      : 1.54 ms
вФВ Memcpy D2H (total)  : 1.58 ms
вФВ File Writes (total) : 0.53 ms
вФВ Stats Computation (total): 19539.03 ms
вФВ вФАвФАвФАвФАвФАвФАвФАвФАвФАвФАвФАвФАвФАвФАвФАвФАвФА:  
вФВ GPU Time (kernels only): 3144.93 ms
вФВ Total Sweep Wall Time: 22700.17 ms
вФФвФАвФАвФАвФАвФАвФАвФАвФАвФАвФАвФАвФАвФАвФАвФАвФАвФАвФАвФАвФАвФАвФАвФАвФАвФАвФАвФАвФАвФАвФАвФАвФАвФАвФАвФАвФАвФАвФАвФАвФАвФАвФАвФАвФАвФАвФАвФАвФАвФАвФАвФШ

вФМвФАвФА PER-ITERATION AVERAGES                         вФР
вФВ Ray Tracing Kernel  : 23.80 ms
вФВ PO Integration Kernel: 7.65 ms
вФВ Memset              : 0.02 ms
вФВ Memcpy D2H          : 0.02 ms
вФВ File Write          : 0.01 ms
вФВ вФАвФАвФАвФАвФАвФАвФАвФАвФАвФАвФАвФАвФАвФАвФАвФАвФА:  
вФВ Total Points        : 100 
вФВ Average Time/Point  : 227.00 ms
вФФвФАвФАвФАвФАвФАвФАвФАвФАвФАвФАвФАвФАвФАвФАвФАвФАвФАвФАвФАвФАвФАвФАвФАвФАвФАвФАвФАвФАвФАвФАвФАвФАвФАвФАвФАвФАвФАвФАвФАвФАвФАвФАвФАвФАвФАвФАвФАвФАвФАвФАвФШ

вФМвФАвФА CLEANUP                                        вФР
вФВ  Device memory released. Success.
вФФвФАвФАвФАвФАвФАвФАвФАвФАвФАвФАвФАвФАвФАвФАвФАвФАвФАвФАвФАвФАвФАвФАвФАвФАвФАвФАвФАвФАвФАвФАвФАвФАвФАвФАвФАвФАвФАвФАвФАвФАвФАвФАвФАвФАвФАвФАвФАвФАвФАвФАвФШ

вФМвФАвФА TOTAL TIMING BREAKDOWN                         вФР
вФВ Model Loading       : 149.34 ms
вФВ BVH Construction    : 1801.39 ms
вФВ GPU Memory Alloc    : 844.46 ms
вФВ File Open/Header    : 0.17 ms
вФВ Sweep Execution     : 22700.17 ms
вФВ File Close          : 0.25 ms
вФВ Cleanup             : 257.76 ms
вФВ вФАвФАвФАвФАвФАвФАвФАвФАвФАвФАвФАвФАвФАвФАвФАвФАвФА:  
вФВ Total App Time      : 27698.83 ms
вФФвФАвФАвФАвФАвФАвФАвФАвФАвФАвФАвФАвФАвФАвФАвФАвФАвФАвФАвФАвФАвФАвФАвФАвФАвФАвФАвФАвФАвФАвФАвФАвФАвФАвФАвФАвФАвФАвФАвФАвФАвФАвФАвФАвФАвФАвФАвФАвФАвФАвФАвФШ
