╔═══════════════════════════════════════════════════╗
║  SagittaSBR  >>---->  MONOSTATIC RCS CALCULATION  ║
╚═══════════════════════════════════════════════════╝
╔═══════════════════════════════════════════════════╗
║  SagittaSBR  >>---->  MONOSTATIC RCS CALCULATION  ║
╚═══════════════════════════════════════════════════╝
Using frequency from config file: 1e+10 Hz
╔═══════════════════════════════════════════════════╗
║                   GPU INFORMATION                 ║
╠═══════════════════════════════════════════════════╣
║ Device: AMD Instinct MI250X
║ Compute Capability: 9.0
║ Total Global Memory: 63.9844 GB
║ Multiprocessors: 110
║ Max Threads per Block: 1024
╚═══════════════════════════════════════════════════╝

Using frequency from config file: 1e+10 Hz
╔═══════════════════════════════════════════════════╗
║                   GPU INFORMATION                 ║
╠═══════════════════════════════════════════════════╣
║ Device: AMD Instinct MI250X
║ Compute Capability: 9.0
║ Total Global Memory: 63.9844 GB
║ Multiprocessors: 110
║ Max Threads per Block: 1024
╚═══════════════════════════════════════════════════╝


┌── MEMORY ALLOCATION                              ┐

┌── MEMORY ALLOCATION                              ┐
│  BVH buffers and world setup complete.
└──────────────────────────────────────────────────┘

┌── INITIALIZATION TIMING                          ┐
│ Model Loading       : 625.172 ms
│ BVH Construction    : 3587.5 ms
│ GPU Memory Alloc    : 1622.55 ms
│ Total Init Time     : 5835.22 ms
│ Triangle Count      : 161962 
│ BVH Node Count      : 111289 
└──────────────────────────────────────────────────┘

┌── SIMULATION PARAMETERS                          ┐
│ MPI Processes       : 2 
│ Frequency           : 10 GHz
│ Wavelength          : 29.9792 mm
│ Wave Number k       : 209.585 rad/m
│ Illumination Area   : 10000 m²
│ Grid Size           : 20000x20000 
│ Total Rays          : 400000000 
│ Ray Density         : 40000 rays/m²
│ Ray Area            : 2.5e-05 m²
│ Phi Range           : 0.000000 to 180.000000 
│ Theta Range         : 0.000000 to 360.000000 
│ Show GPU info       : 1 
│ Show Hit info       : 1 
└──────────────────────────────────────────────────┘

┌── EXECUTING SWEEP                                ┐
│ Total iterations: 100
│ Distributed across 2 MPI processes
└──────────────────────────────────────────────────┘
│  BVH buffers and world setup complete.
└──────────────────────────────────────────────────┘

┌── INITIALIZATION TIMING                          ┐
│ Model Loading       : 622.472 ms
│ BVH Construction    : 3620.97 ms
│ GPU Memory Alloc    : 1641.99 ms
│ Total Init Time     : 5885.43 ms
│ Triangle Count      : 161962 
│ BVH Node Count      : 111289 
└──────────────────────────────────────────────────┘
[R0:1  /100] │ Θ: 0  ° │ Φ: 0  ° │ RT: 214.57ms │ PO: 73.52ms │ Tot: 288.12ms │ Hit: 14% │ Bounces: 1.21
[R1:51 /100] │ Θ: 200° │ Φ: 0  ° │ RT: 347.67ms │ PO: 70.95ms │ Tot: 418.65ms │ Hit: 13% │ Bounces: 1.48
[R0:2  /100] │ Θ: 0  ° │ Φ: 20 ° │ RT: 212.25ms │ PO: 73.53ms │ Tot: 285.80ms │ Hit: 14% │ Bounces: 1.21
[R1:52 /100] │ Θ: 200° │ Φ: 20 ° │ RT: 350.80ms │ PO: 71.82ms │ Tot: 422.64ms │ Hit: 13% │ Bounces: 1.45
[R0:3  /100] │ Θ: 0  ° │ Φ: 40 ° │ RT: 213.27ms │ PO: 73.60ms │ Tot: 286.90ms │ Hit: 14% │ Bounces: 1.21
[R0:4  /100] │ Θ: 0  ° │ Φ: 60 ° │ RT: 212.42ms │ PO: 79.51ms │ Tot: 291.96ms │ Hit: 14% │ Bounces: 1.21
[R1:53 /100] │ Θ: 200° │ Φ: 40 ° │ RT: 337.99ms │ PO: 70.85ms │ Tot: 408.87ms │ Hit: 14% │ Bounces: 1.43
[R0:5  /100] │ Θ: 0  ° │ Φ: 80 ° │ RT: 212.44ms │ PO: 73.46ms │ Tot: 285.93ms │ Hit: 14% │ Bounces: 1.21
[R1:54 /100] │ Θ: 200° │ Φ: 60 ° │ RT: 324.06ms │ PO: 71.94ms │ Tot: 396.03ms │ Hit: 14% │ Bounces: 1.41
[R0:6  /100] │ Θ: 0  ° │ Φ: 100° │ RT: 212.76ms │ PO: 73.69ms │ Tot: 286.48ms │ Hit: 14% │ Bounces: 1.21
[R1:55 /100] │ Θ: 200° │ Φ: 80 ° │ RT: 298.77ms │ PO: 71.35ms │ Tot: 370.15ms │ Hit: 14% │ Bounces: 1.34
[R0:7  /100] │ Θ: 0  ° │ Φ: 120° │ RT: 211.93ms │ PO: 73.41ms │ Tot: 285.36ms │ Hit: 14% │ Bounces: 1.21
[R1:56 /100] │ Θ: 200° │ Φ: 100° │ RT: 291.82ms │ PO: 75.10ms │ Tot: 366.95ms │ Hit: 14% │ Bounces: 1.33
[R0:8  /100] │ Θ: 0  ° │ Φ: 140° │ RT: 210.87ms │ PO: 73.90ms │ Tot: 284.79ms │ Hit: 14% │ Bounces: 1.21
[R1:57 /100] │ Θ: 200° │ Φ: 120° │ RT: 303.35ms │ PO: 76.54ms │ Tot: 379.91ms │ Hit: 14% │ Bounces: 1.34
[R0:9  /100] │ Θ: 0  ° │ Φ: 160° │ RT: 212.13ms │ PO: 73.61ms │ Tot: 285.77ms │ Hit: 14% │ Bounces: 1.21
[R0:10 /100] │ Θ: 0  ° │ Φ: 180° │ RT: 214.97ms │ PO: 73.75ms │ Tot: 288.75ms │ Hit: 14% │ Bounces: 1.21
[R1:58 /100] │ Θ: 200° │ Φ: 140° │ RT: 298.07ms │ PO: 71.32ms │ Tot: 369.42ms │ Hit: 14% │ Bounces: 1.36
[R0:11 /100] │ Θ: 40 ° │ Φ: 0  ° │ RT: 283.26ms │ PO: 60.71ms │ Tot: 344.00ms │ Hit: 11% │ Bounces: 1.41
[R1:59 /100] │ Θ: 200° │ Φ: 160° │ RT: 300.37ms │ PO: 71.60ms │ Tot: 372.00ms │ Hit: 13% │ Bounces: 1.37
[R0:12 /100] │ Θ: 40 ° │ Φ: 20 ° │ RT: 285.35ms │ PO: 61.67ms │ Tot: 347.05ms │ Hit: 11% │ Bounces: 1.42
[R1:60 /100] │ Θ: 200° │ Φ: 180° │ RT: 285.77ms │ PO: 70.26ms │ Tot: 356.06ms │ Hit: 13% │ Bounces: 1.33
[R0:13 /100] │ Θ: 40 ° │ Φ: 40 ° │ RT: 276.91ms │ PO: 62.97ms │ Tot: 339.91ms │ Hit: 12% │ Bounces: 1.42
[R1:61 /100] │ Θ: 240° │ Φ: 0  ° │ RT: 332.44ms │ PO: 47.67ms │ Tot: 380.14ms │ Hit: 7% │ Bounces: 2.05
[R0:14 /100] │ Θ: 40 ° │ Φ: 60 ° │ RT: 251.77ms │ PO: 62.96ms │ Tot: 314.76ms │ Hit: 12% │ Bounces: 1.40
[R1:62 /100] │ Θ: 240° │ Φ: 20 ° │ RT: 337.68ms │ PO: 48.80ms │ Tot: 386.51ms │ Hit: 8% │ Bounces: 1.96
[R0:15 /100] │ Θ: 40 ° │ Φ: 80 ° │ RT: 228.67ms │ PO: 67.60ms │ Tot: 296.30ms │ Hit: 12% │ Bounces: 1.35
[R1:63 /100] │ Θ: 240° │ Φ: 40 ° │ RT: 333.72ms │ PO: 51.33ms │ Tot: 385.08ms │ Hit: 9% │ Bounces: 1.84
[R0:16 /100] │ Θ: 40 ° │ Φ: 100° │ RT: 239.11ms │ PO: 62.84ms │ Tot: 301.98ms │ Hit: 12% │ Bounces: 1.37
[R1:64 /100] │ Θ: 240° │ Φ: 60 ° │ RT: 293.17ms │ PO: 55.06ms │ Tot: 348.26ms │ Hit: 9% │ Bounces: 1.66
[R0:17 /100] │ Θ: 40 ° │ Φ: 120° │ RT: 245.96ms │ PO: 62.76ms │ Tot: 308.75ms │ Hit: 12% │ Bounces: 1.35
[R1:65 /100] │ Θ: 240° │ Φ: 80 ° │ RT: 242.87ms │ PO: 50.58ms │ Tot: 293.48ms │ Hit: 10% │ Bounces: 1.54
[R0:18 /100] │ Θ: 40 ° │ Φ: 140° │ RT: 241.36ms │ PO: 62.06ms │ Tot: 303.45ms │ Hit: 12% │ Bounces: 1.30
[R1:66 /100] │ Θ: 240° │ Φ: 100° │ RT: 258.85ms │ PO: 51.47ms │ Tot: 310.34ms │ Hit: 10% │ Bounces: 1.58
[R0:19 /100] │ Θ: 40 ° │ Φ: 160° │ RT: 227.78ms │ PO: 60.59ms │ Tot: 288.40ms │ Hit: 11% │ Bounces: 1.23
[R1:67 /100] │ Θ: 240° │ Φ: 120° │ RT: 267.79ms │ PO: 51.60ms │ Tot: 319.41ms │ Hit: 10% │ Bounces: 1.61
[R0:20 /100] │ Θ: 40 ° │ Φ: 180° │ RT: 213.40ms │ PO: 59.97ms │ Tot: 273.40ms │ Hit: 11% │ Bounces: 1.21
[R0:21 /100] │ Θ: 80 ° │ Φ: 0  ° │ RT: 214.03ms │ PO: 29.36ms │ Tot: 243.42ms │ Hit: 3% │ Bounces: 1.98
[R1:68 /100] │ Θ: 240° │ Φ: 140° │ RT: 279.46ms │ PO: 49.47ms │ Tot: 328.95ms │ Hit: 9% │ Bounces: 1.62
[R0:22 /100] │ Θ: 80 ° │ Φ: 20 ° │ RT: 225.91ms │ PO: 33.72ms │ Tot: 259.65ms │ Hit: 4% │ Bounces: 1.81
[R1:69 /100] │ Θ: 240° │ Φ: 160° │ RT: 288.60ms │ PO: 47.07ms │ Tot: 335.70ms │ Hit: 8% │ Bounces: 1.63
[R0:23 /100] │ Θ: 80 ° │ Φ: 40 ° │ RT: 192.10ms │ PO: 36.32ms │ Tot: 228.46ms │ Hit: 6% │ Bounces: 1.56
[R1:70 /100] │ Θ: 240° │ Φ: 180° │ RT: 283.58ms │ PO: 45.08ms │ Tot: 328.69ms │ Hit: 7% │ Bounces: 1.63
[R0:24 /100] │ Θ: 80 ° │ Φ: 60 ° │ RT: 162.03ms │ PO: 39.10ms │ Tot: 201.15ms │ Hit: 6% │ Bounces: 1.43
[R1:71 /100] │ Θ: 280° │ Φ: 0  ° │ RT: 151.19ms │ PO: 27.52ms │ Tot: 178.73ms │ Hit: 3% │ Bounces: 1.61
[R0:25 /100] │ Θ: 80 ° │ Φ: 80 ° │ RT: 124.83ms │ PO: 38.42ms │ Tot: 163.28ms │ Hit: 7% │ Bounces: 1.37
[R1:72 /100] │ Θ: 280° │ Φ: 20 ° │ RT: 165.67ms │ PO: 30.53ms │ Tot: 196.22ms │ Hit: 4% │ Bounces: 1.60
[R0:26 /100] │ Θ: 80 ° │ Φ: 100° │ RT: 117.24ms │ PO: 39.95ms │ Tot: 157.21ms │ Hit: 7% │ Bounces: 1.28
[R1:73 /100] │ Θ: 280° │ Φ: 40 ° │ RT: 162.31ms │ PO: 34.03ms │ Tot: 196.37ms │ Hit: 5% │ Bounces: 1.47
[R0:27 /100] │ Θ: 80 ° │ Φ: 120° │ RT: 137.52ms │ PO: 37.11ms │ Tot: 174.67ms │ Hit: 6% │ Bounces: 1.35
[R1:74 /100] │ Θ: 280° │ Φ: 60 ° │ RT: 162.67ms │ PO: 37.21ms │ Tot: 199.90ms │ Hit: 6% │ Bounces: 1.29
[R0:28 /100] │ Θ: 80 ° │ Φ: 140° │ RT: 162.07ms │ PO: 33.45ms │ Tot: 195.54ms │ Hit: 5% │ Bounces: 1.49
[R1:75 /100] │ Θ: 280° │ Φ: 80 ° │ RT: 129.52ms │ PO: 39.91ms │ Tot: 169.46ms │ Hit: 7% │ Bounces: 1.22
[R0:29 /100] │ Θ: 80 ° │ Φ: 160° │ RT: 161.75ms │ PO: 30.09ms │ Tot: 191.86ms │ Hit: 4% │ Bounces: 1.61
[R1:76 /100] │ Θ: 280° │ Φ: 100° │ RT: 129.22ms │ PO: 38.98ms │ Tot: 168.23ms │ Hit: 7% │ Bounces: 1.27
[R0:30 /100] │ Θ: 80 ° │ Φ: 180° │ RT: 152.27ms │ PO: 27.35ms │ Tot: 179.64ms │ Hit: 3% │ Bounces: 1.62
[R1:77 /100] │ Θ: 280° │ Φ: 120° │ RT: 171.41ms │ PO: 40.15ms │ Tot: 211.59ms │ Hit: 6% │ Bounces: 1.37
[R0:31 /100] │ Θ: 120° │ Φ: 0  ° │ RT: 297.74ms │ PO: 45.00ms │ Tot: 342.77ms │ Hit: 7% │ Bounces: 1.67
[R1:78 /100] │ Θ: 280° │ Φ: 140° │ RT: 193.05ms │ PO: 36.87ms │ Tot: 229.95ms │ Hit: 6% │ Bounces: 1.52
[R0:32 /100] │ Θ: 120° │ Φ: 20 ° │ RT: 299.32ms │ PO: 46.58ms │ Tot: 345.92ms │ Hit: 8% │ Bounces: 1.70
[R1:79 /100] │ Θ: 280° │ Φ: 160° │ RT: 229.66ms │ PO: 33.77ms │ Tot: 263.46ms │ Hit: 4% │ Bounces: 1.83
[R1:80 /100] │ Θ: 280° │ Φ: 180° │ RT: 205.99ms │ PO: 29.45ms │ Tot: 235.46ms │ Hit: 3% │ Bounces: 1.94
[R0:33 /100] │ Θ: 120° │ Φ: 40 ° │ RT: 297.42ms │ PO: 49.19ms │ Tot: 346.64ms │ Hit: 9% │ Bounces: 1.69
[R1:81 /100] │ Θ: 320° │ Φ: 0  ° │ RT: 217.67ms │ PO: 60.34ms │ Tot: 278.03ms │ Hit: 11% │ Bounces: 1.21
[R0:34 /100] │ Θ: 120° │ Φ: 60 ° │ RT: 273.81ms │ PO: 51.51ms │ Tot: 325.34ms │ Hit: 10% │ Bounces: 1.68
[R1:82 /100] │ Θ: 320° │ Φ: 20 ° │ RT: 222.16ms │ PO: 60.87ms │ Tot: 283.05ms │ Hit: 11% │ Bounces: 1.22
[R0:35 /100] │ Θ: 120° │ Φ: 80 ° │ RT: 242.32ms │ PO: 51.39ms │ Tot: 293.74ms │ Hit: 10% │ Bounces: 1.61
[R1:83 /100] │ Θ: 320° │ Φ: 40 ° │ RT: 242.91ms │ PO: 62.15ms │ Tot: 305.09ms │ Hit: 12% │ Bounces: 1.29
[R0:36 /100] │ Θ: 120° │ Φ: 100° │ RT: 251.19ms │ PO: 50.57ms │ Tot: 301.79ms │ Hit: 10% │ Bounces: 1.61
[R1:84 /100] │ Θ: 320° │ Φ: 60 ° │ RT: 228.39ms │ PO: 62.99ms │ Tot: 291.41ms │ Hit: 12% │ Bounces: 1.30
[R0:37 /100] │ Θ: 120° │ Φ: 120° │ RT: 288.09ms │ PO: 51.06ms │ Tot: 339.18ms │ Hit: 9% │ Bounces: 1.68
[R1:85 /100] │ Θ: 320° │ Φ: 80 ° │ RT: 245.24ms │ PO: 67.40ms │ Tot: 312.67ms │ Hit: 12% │ Bounces: 1.36
[R0:38 /100] │ Θ: 120° │ Φ: 140° │ RT: 342.12ms │ PO: 50.47ms │ Tot: 392.61ms │ Hit: 9% │ Bounces: 1.87
[R1:86 /100] │ Θ: 320° │ Φ: 100° │ RT: 239.19ms │ PO: 63.12ms │ Tot: 302.33ms │ Hit: 12% │ Bounces: 1.36
[R0:39 /100] │ Θ: 120° │ Φ: 160° │ RT: 351.31ms │ PO: 49.66ms │ Tot: 401.00ms │ Hit: 8% │ Bounces: 2.00
[R1:87 /100] │ Θ: 320° │ Φ: 120° │ RT: 267.74ms │ PO: 63.34ms │ Tot: 331.10ms │ Hit: 12% │ Bounces: 1.39
[R0:40 /100] │ Θ: 120° │ Φ: 180° │ RT: 312.66ms │ PO: 45.98ms │ Tot: 358.68ms │ Hit: 7% │ Bounces: 1.96
[R1:88 /100] │ Θ: 320° │ Φ: 140° │ RT: 290.79ms │ PO: 62.77ms │ Tot: 353.59ms │ Hit: 12% │ Bounces: 1.46
[R0:41 /100] │ Θ: 160° │ Φ: 0  ° │ RT: 295.58ms │ PO: 69.93ms │ Tot: 365.53ms │ Hit: 13% │ Bounces: 1.37
[R1:89 /100] │ Θ: 320° │ Φ: 160° │ RT: 290.36ms │ PO: 65.79ms │ Tot: 356.17ms │ Hit: 11% │ Bounces: 1.45
[R0:42 /100] │ Θ: 160° │ Φ: 20 ° │ RT: 319.43ms │ PO: 70.05ms │ Tot: 389.51ms │ Hit: 13% │ Bounces: 1.42
[R1:90 /100] │ Θ: 320° │ Φ: 180° │ RT: 285.40ms │ PO: 61.65ms │ Tot: 347.08ms │ Hit: 11% │ Bounces: 1.42
[R1:91 /100] │ Θ: 360° │ Φ: 0  ° │ RT: 212.82ms │ PO: 73.72ms │ Tot: 286.57ms │ Hit: 14% │ Bounces: 1.20
[R0:43 /100] │ Θ: 160° │ Φ: 40 ° │ RT: 310.08ms │ PO: 70.51ms │ Tot: 380.62ms │ Hit: 14% │ Bounces: 1.38
[R1:92 /100] │ Θ: 360° │ Φ: 20 ° │ RT: 216.95ms │ PO: 73.54ms │ Tot: 290.52ms │ Hit: 14% │ Bounces: 1.22
[R0:44 /100] │ Θ: 160° │ Φ: 60 ° │ RT: 312.89ms │ PO: 71.15ms │ Tot: 384.07ms │ Hit: 14% │ Bounces: 1.35
[R1:93 /100] │ Θ: 360° │ Φ: 40 ° │ RT: 208.72ms │ PO: 74.10ms │ Tot: 282.85ms │ Hit: 14% │ Bounces: 1.20
[R0:45 /100] │ Θ: 160° │ Φ: 80 ° │ RT: 296.27ms │ PO: 70.92ms │ Tot: 367.21ms │ Hit: 14% │ Bounces: 1.35
[R1:94 /100] │ Θ: 360° │ Φ: 60 ° │ RT: 223.95ms │ PO: 74.06ms │ Tot: 298.03ms │ Hit: 14% │ Bounces: 1.23
[R0:46 /100] │ Θ: 160° │ Φ: 100° │ RT: 314.06ms │ PO: 76.75ms │ Tot: 390.84ms │ Hit: 14% │ Bounces: 1.40
[R1:95 /100] │ Θ: 360° │ Φ: 80 ° │ RT: 227.65ms │ PO: 74.45ms │ Tot: 302.12ms │ Hit: 14% │ Bounces: 1.23
[R0:47 /100] │ Θ: 160° │ Φ: 120° │ RT: 329.90ms │ PO: 71.07ms │ Tot: 401.00ms │ Hit: 14% │ Bounces: 1.40
[R1:96 /100] │ Θ: 360° │ Φ: 100° │ RT: 231.84ms │ PO: 73.93ms │ Tot: 305.80ms │ Hit: 14% │ Bounces: 1.24
[R1:97 /100] │ Θ: 360° │ Φ: 120° │ RT: 232.76ms │ PO: 73.70ms │ Tot: 306.48ms │ Hit: 14% │ Bounces: 1.25
[R0:48 /100] │ Θ: 160° │ Φ: 140° │ RT: 347.09ms │ PO: 71.26ms │ Tot: 418.38ms │ Hit: 14% │ Bounces: 1.45
[R1:98 /100] │ Θ: 360° │ Φ: 140° │ RT: 230.99ms │ PO: 73.99ms │ Tot: 305.00ms │ Hit: 14% │ Bounces: 1.26
[R0:49 /100] │ Θ: 160° │ Φ: 160° │ RT: 345.60ms │ PO: 70.97ms │ Tot: 416.59ms │ Hit: 13% │ Bounces: 1.44
[R1:99 /100] │ Θ: 360° │ Φ: 160° │ RT: 224.35ms │ PO: 74.00ms │ Tot: 298.37ms │ Hit: 14% │ Bounces: 1.24
[R0:50 /100] │ Θ: 160° │ Φ: 180° │ RT: 345.75ms │ PO: 70.37ms │ Tot: 416.15ms │ Hit: 13% │ Bounces: 1.49
[R1:100/100] │ Θ: 360° │ Φ: 180° │ RT: 214.41ms │ PO: 83.42ms │ Tot: 297.86ms │ Hit: 14% │ Bounces: 1.22
└──────────────────────────────────────────────────┘

┌── SWEEP PERFORMANCE BREAKDOWN                    ┐
│ Ray Tracing Kernel (total): 24955.38 ms
│ PO Integration Kernel (total): 5863.00 ms
│ Memset (total)      : 1.31 ms
│ Memcpy D2H (total)  : 1.35 ms
│ File Writes (total) : 0.14 ms
│ Stats Computation (total): 12412.62 ms
│ ─────────────────:  
│ GPU Time (kernels only): 30818.38 ms
│ Total Sweep Wall Time: 21642.07 ms
└──────────────────────────────────────────────────┘

┌── PER-ITERATION AVERAGES                         ┐
│ Ray Tracing Kernel  : 249.55 ms
│ PO Integration Kernel: 58.63 ms
│ Memset              : 0.01 ms

│ Memcpy D2H          : 0.01 ms
┌── CLEANUP                                        ┐
│ File Write          : 0.00 ms
│ ─────────────────:  
│ Total Points        : 100 
│ Average Time/Point  : 216.42 ms
│ Speedup (vs sequential): 1.42 x
└──────────────────────────────────────────────────┘

┌── CLEANUP                                        ┐
│  Device memory released. Success.
└──────────────────────────────────────────────────┘

┌── TOTAL TIMING BREAKDOWN                         ┐
│ Model Loading       : 622.47 ms
│ BVH Construction    : 3620.97 ms
│ GPU Memory Alloc    : 1641.99 ms
│ File Open/Header    : 0.25 ms
│ Sweep Execution     : 0.00 ms
│ File Close          : 0.13 ms
│ Cleanup             : 3.27 ms
│ ─────────────────:  
│ Total App Time      : 28895.07 ms
└──────────────────────────────────────────────────┘
│  Device memory released. Success.
└──────────────────────────────────────────────────┘

┌── TOTAL TIMING BREAKDOWN                         ┐
│ Model Loading       : 625.17 ms
│ BVH Construction    : 3587.50 ms
│ GPU Memory Alloc    : 1622.55 ms
│ File Open/Header    : 0.21 ms
│ Sweep Execution     : 21642.07 ms
│ File Close          : 0.18 ms
│ Cleanup             : 3.36 ms
│ ─────────────────:  
│ Total App Time      : 28860.15 ms
└──────────────────────────────────────────────────┘
[CRAYBLAS_WARNING] Application linked against multiple cray-libsci libraries
[CRAYBLAS_WARNING] Application linked against multiple cray-libsci libraries
