╔═══════════════════════════════════════════════════╗
║  SagittaSBR  >>---->  MONOSTATIC RCS CALCULATION  ║
╚═══════════════════════════════════════════════════╝
Using frequency from config file: 1e+10 Hz
╔═══════════════════════════════════════════════════╗
║                   GPU INFORMATION                 ║
╠═══════════════════════════════════════════════════╣
║ Device: AMD Instinct MI250X
║ Compute Capability: 9.0
║ Total Global Memory: 63.9844 GB
║ Multiprocessors: 110
║ Max Threads per Block: 1024
╚═══════════════════════════════════════════════════╝


┌── MEMORY ALLOCATION                              ┐
│  BVH buffers and world setup complete.
└──────────────────────────────────────────────────┘

┌── INITIALIZATION TIMING                          ┐
│ Model Loading       : 622.333 ms
│ BVH Construction    : 3645.88 ms
│ GPU Memory Alloc    : 1643.13 ms
│ Total Init Time     : 5911.34 ms
│ Triangle Count      : 161962 
│ BVH Node Count      : 111289 
└──────────────────────────────────────────────────┘

┌── SIMULATION PARAMETERS                          ┐
│ Frequency           : 10 GHz
│ Wavelength          : 29.9792 mm
│ Wave Number k       : 209.585 rad/m
│ Illumination Area   : 10000 m²
│ Grid Size           : 20000x20000 
│ Total Rays          : 400000000 
│ Ray Density         : 40000 rays/m²
│ Ray Area            : 2.5e-05 m²
│ Phi Range           : 0.000000 to 180.000000 
│ Theta Range         : 0.000000 to 360.000000 
│ Show GPU info       : 1 
│ Show Hit info       : 1 
└──────────────────────────────────────────────────┘

┌── EXECUTING SWEEP                                ┐
[1  /400] │ Θ: 0  ° │ Φ: 0  ° │ RT: 212.16ms │ PO: 73.12ms │ Tot: 285.32ms │ Hit: 14% │ Bounces: 1.21
[2  /400] │ Θ: 0  ° │ Φ: 9  ° │ RT: 212.08ms │ PO: 72.91ms │ Tot: 285.03ms │ Hit: 14% │ Bounces: 1.21
[3  /400] │ Θ: 0  ° │ Φ: 18 ° │ RT: 211.22ms │ PO: 76.82ms │ Tot: 288.08ms │ Hit: 14% │ Bounces: 1.21
[4  /400] │ Θ: 0  ° │ Φ: 28 ° │ RT: 212.92ms │ PO: 74.04ms │ Tot: 286.99ms │ Hit: 14% │ Bounces: 1.21
[5  /400] │ Θ: 0  ° │ Φ: 37 ° │ RT: 213.82ms │ PO: 72.85ms │ Tot: 286.71ms │ Hit: 14% │ Bounces: 1.21
[6  /400] │ Θ: 0  ° │ Φ: 47 ° │ RT: 211.34ms │ PO: 73.10ms │ Tot: 284.48ms │ Hit: 14% │ Bounces: 1.21
[7  /400] │ Θ: 0  ° │ Φ: 56 ° │ RT: 212.15ms │ PO: 73.33ms │ Tot: 285.52ms │ Hit: 14% │ Bounces: 1.21
[8  /400] │ Θ: 0  ° │ Φ: 66 ° │ RT: 211.18ms │ PO: 73.25ms │ Tot: 284.47ms │ Hit: 14% │ Bounces: 1.21
[9  /400] │ Θ: 0  ° │ Φ: 75 ° │ RT: 212.12ms │ PO: 72.96ms │ Tot: 285.12ms │ Hit: 14% │ Bounces: 1.21
[10 /400] │ Θ: 0  ° │ Φ: 85 ° │ RT: 212.58ms │ PO: 80.30ms │ Tot: 292.92ms │ Hit: 14% │ Bounces: 1.21
[11 /400] │ Θ: 0  ° │ Φ: 94 ° │ RT: 211.03ms │ PO: 72.94ms │ Tot: 284.01ms │ Hit: 14% │ Bounces: 1.21
[12 /400] │ Θ: 0  ° │ Φ: 104° │ RT: 211.96ms │ PO: 73.56ms │ Tot: 285.55ms │ Hit: 14% │ Bounces: 1.21
[13 /400] │ Θ: 0  ° │ Φ: 113° │ RT: 212.37ms │ PO: 74.08ms │ Tot: 286.49ms │ Hit: 14% │ Bounces: 1.21
[14 /400] │ Θ: 0  ° │ Φ: 123° │ RT: 211.96ms │ PO: 73.27ms │ Tot: 285.26ms │ Hit: 14% │ Bounces: 1.21
[15 /400] │ Θ: 0  ° │ Φ: 132° │ RT: 211.75ms │ PO: 74.35ms │ Tot: 286.13ms │ Hit: 14% │ Bounces: 1.21
[16 /400] │ Θ: 0  ° │ Φ: 142° │ RT: 211.57ms │ PO: 73.39ms │ Tot: 284.99ms │ Hit: 14% │ Bounces: 1.21
[17 /400] │ Θ: 0  ° │ Φ: 151° │ RT: 211.43ms │ PO: 73.04ms │ Tot: 284.51ms │ Hit: 14% │ Bounces: 1.21
[18 /400] │ Θ: 0  ° │ Φ: 161° │ RT: 212.64ms │ PO: 74.14ms │ Tot: 286.82ms │ Hit: 14% │ Bounces: 1.21
[19 /400] │ Θ: 0  ° │ Φ: 170° │ RT: 212.52ms │ PO: 74.65ms │ Tot: 287.21ms │ Hit: 14% │ Bounces: 1.21
[20 /400] │ Θ: 0  ° │ Φ: 180° │ RT: 212.51ms │ PO: 77.87ms │ Tot: 290.41ms │ Hit: 14% │ Bounces: 1.21
[21 /400] │ Θ: 18 ° │ Φ: 0  ° │ RT: 266.49ms │ PO: 71.39ms │ Tot: 337.92ms │ Hit: 14% │ Bounces: 1.33
[22 /400] │ Θ: 18 ° │ Φ: 9  ° │ RT: 280.31ms │ PO: 71.19ms │ Tot: 351.53ms │ Hit: 14% │ Bounces: 1.33
[2026-02-09T09:18:05.345] error: *** STEP 17218552.0 ON nid002819 CANCELLED AT 2026-02-09T09:18:05 DUE to SIGNAL Terminated ***
[2026-02-09T09:18:05.346] error: *** JOB 17218552 ON nid002819 CANCELLED AT 2026-02-09T09:18:05 DUE to SIGNAL Terminated ***
