╔═══════════════════════════════════════════════════╗
║  SagittaSBR  >>---->  MONOSTATIC RCS CALCULATION  ║
╚═══════════════════════════════════════════════════╝
╔═══════════════════════════════════════════════════╗
║  SagittaSBR  >>---->  MONOSTATIC RCS CALCULATION  ║
╚═══════════════════════════════════════════════════╝
Using frequency from config file: 1e+10 Hz
╔═══════════════════════════════════════════════════╗
║                   GPU INFORMATION                 ║
╠═══════════════════════════════════════════════════╣
║ Device: AMD Instinct MI250X
║ Compute Capability: 9.0
║ Total Global Memory: 63.9844 GB
║ Multiprocessors: 110
║ Max Threads per Block: 1024
╚═══════════════════════════════════════════════════╝

Using frequency from config file: 1e+10 Hz
╔═══════════════════════════════════════════════════╗
║                   GPU INFORMATION                 ║
╠═══════════════════════════════════════════════════╣
║ Device: AMD Instinct MI250X
║ Compute Capability: 9.0
║ Total Global Memory: 63.9844 GB
║ Multiprocessors: 110
║ Max Threads per Block: 1024
╚═══════════════════════════════════════════════════╝


┌── MEMORY ALLOCATION                              ┐

┌── MEMORY ALLOCATION                              ┐
│  BVH buffers and world setup complete.
└──────────────────────────────────────────────────┘

┌── INITIALIZATION TIMING                          ┐
│ Model Loading       : 620.527 ms
│ BVH Construction    : 3790.06 ms
│ GPU Memory Alloc    : 1648.28 ms
│ Total Init Time     : 6058.87 ms
│ Triangle Count      : 161962 
│ BVH Node Count      : 111289 
└──────────────────────────────────────────────────┘

┌── SIMULATION PARAMETERS                          ┐
│ MPI Processes       : 2 
│ Frequency           : 10 GHz
│ Wavelength          : 29.9792 mm
│ Wave Number k       : 209.585 rad/m
│ Illumination Area   : 10000 m²
│ Grid Size           : 20000x20000 
│ Total Rays          : 400000000 
│ Ray Density         : 40000 rays/m²
│ Ray Area            : 2.5e-05 m²
│ Phi Range           : 0.000000 to 180.000000 
│ Theta Range         : 0.000000 to 360.000000 
│ Show GPU info       : 1 
│ Show Hit info       : 1 
└──────────────────────────────────────────────────┘

┌── EXECUTING SWEEP                                ┐
│ Total iterations: 100
│ Distributed across 2 MPI processes
└──────────────────────────────────────────────────┘
│  BVH buffers and world setup complete.
└──────────────────────────────────────────────────┘

┌── INITIALIZATION TIMING                          ┐
│ Model Loading       : 624.473 ms
│ BVH Construction    : 3677.14 ms
│ GPU Memory Alloc    : 1631.38 ms
│ Total Init Time     : 5932.99 ms
│ Triangle Count      : 161962 
│ BVH Node Count      : 111289 
└──────────────────────────────────────────────────┘
[R0:1  /100] │ Θ: 0  ° │ Φ: 0  ° │ RT: 214.50ms │ PO: 73.58ms │ Tot: 288.11ms │ Hit: 14% │ Bounces: 1.21
[R1:51 /100] │ Θ: 200° │ Φ: 0  ° │ RT: 346.31ms │ PO: 70.84ms │ Tot: 417.18ms │ Hit: 13% │ Bounces: 1.48
[R0:2  /100] │ Θ: 0  ° │ Φ: 20 ° │ RT: 212.77ms │ PO: 73.37ms │ Tot: 286.17ms │ Hit: 14% │ Bounces: 1.21
[R1:52 /100] │ Θ: 200° │ Φ: 20 ° │ RT: 351.56ms │ PO: 71.19ms │ Tot: 422.78ms │ Hit: 13% │ Bounces: 1.45
[R0:3  /100] │ Θ: 0  ° │ Φ: 40 ° │ RT: 212.06ms │ PO: 73.43ms │ Tot: 285.51ms │ Hit: 14% │ Bounces: 1.21
[R1:53 /100] │ Θ: 200° │ Φ: 40 ° │ RT: 337.76ms │ PO: 71.36ms │ Tot: 409.14ms │ Hit: 14% │ Bounces: 1.43
[R0:4  /100] │ Θ: 0  ° │ Φ: 60 ° │ RT: 212.40ms │ PO: 77.45ms │ Tot: 289.88ms │ Hit: 14% │ Bounces: 1.21
[R0:5  /100] │ Θ: 0  ° │ Φ: 80 ° │ RT: 211.86ms │ PO: 73.57ms │ Tot: 285.45ms │ Hit: 14% │ Bounces: 1.21
[R1:54 /100] │ Θ: 200° │ Φ: 60 ° │ RT: 321.89ms │ PO: 71.66ms │ Tot: 393.59ms │ Hit: 14% │ Bounces: 1.41
[R0:6  /100] │ Θ: 0  ° │ Φ: 100° │ RT: 212.58ms │ PO: 73.43ms │ Tot: 286.04ms │ Hit: 14% │ Bounces: 1.21
[R1:55 /100] │ Θ: 200° │ Φ: 80 ° │ RT: 301.66ms │ PO: 71.50ms │ Tot: 373.19ms │ Hit: 14% │ Bounces: 1.34
[R0:7  /100] │ Θ: 0  ° │ Φ: 120° │ RT: 212.89ms │ PO: 73.57ms │ Tot: 286.48ms │ Hit: 14% │ Bounces: 1.21
[R1:56 /100] │ Θ: 200° │ Φ: 100° │ RT: 294.67ms │ PO: 71.35ms │ Tot: 366.06ms │ Hit: 14% │ Bounces: 1.33
[R0:8  /100] │ Θ: 0  ° │ Φ: 140° │ RT: 211.80ms │ PO: 73.50ms │ Tot: 285.33ms │ Hit: 14% │ Bounces: 1.21
[R1:57 /100] │ Θ: 200° │ Φ: 120° │ RT: 301.62ms │ PO: 71.17ms │ Tot: 372.82ms │ Hit: 14% │ Bounces: 1.34
[R0:9  /100] │ Θ: 0  ° │ Φ: 160° │ RT: 212.62ms │ PO: 73.46ms │ Tot: 286.11ms │ Hit: 14% │ Bounces: 1.21
[R0:10 /100] │ Θ: 0  ° │ Φ: 180° │ RT: 213.48ms │ PO: 73.55ms │ Tot: 287.06ms │ Hit: 14% │ Bounces: 1.21
[R1:58 /100] │ Θ: 200° │ Φ: 140° │ RT: 298.12ms │ PO: 71.00ms │ Tot: 369.15ms │ Hit: 14% │ Bounces: 1.36
[R0:11 /100] │ Θ: 40 ° │ Φ: 0  ° │ RT: 281.92ms │ PO: 60.75ms │ Tot: 342.70ms │ Hit: 11% │ Bounces: 1.41
[R1:59 /100] │ Θ: 200° │ Φ: 160° │ RT: 302.91ms │ PO: 70.68ms │ Tot: 373.62ms │ Hit: 13% │ Bounces: 1.37
[R0:12 /100] │ Θ: 40 ° │ Φ: 20 ° │ RT: 284.94ms │ PO: 61.72ms │ Tot: 346.69ms │ Hit: 11% │ Bounces: 1.42
[R1:60 /100] │ Θ: 200° │ Φ: 180° │ RT: 288.24ms │ PO: 70.57ms │ Tot: 358.84ms │ Hit: 13% │ Bounces: 1.33
[R0:13 /100] │ Θ: 40 ° │ Φ: 40 ° │ RT: 277.03ms │ PO: 62.71ms │ Tot: 339.76ms │ Hit: 12% │ Bounces: 1.42
[R1:61 /100] │ Θ: 240° │ Φ: 0  ° │ RT: 333.59ms │ PO: 46.28ms │ Tot: 379.90ms │ Hit: 7% │ Bounces: 2.05
[R0:14 /100] │ Θ: 40 ° │ Φ: 60 ° │ RT: 251.13ms │ PO: 62.87ms │ Tot: 314.03ms │ Hit: 12% │ Bounces: 1.40
[R1:62 /100] │ Θ: 240° │ Φ: 20 ° │ RT: 338.39ms │ PO: 48.32ms │ Tot: 386.74ms │ Hit: 8% │ Bounces: 1.96
[R0:15 /100] │ Θ: 40 ° │ Φ: 80 ° │ RT: 230.71ms │ PO: 62.65ms │ Tot: 293.39ms │ Hit: 12% │ Bounces: 1.35
[R1:63 /100] │ Θ: 240° │ Φ: 40 ° │ RT: 332.60ms │ PO: 50.76ms │ Tot: 383.38ms │ Hit: 9% │ Bounces: 1.84
[R0:16 /100] │ Θ: 40 ° │ Φ: 100° │ RT: 236.40ms │ PO: 62.78ms │ Tot: 299.21ms │ Hit: 12% │ Bounces: 1.37
[R1:64 /100] │ Θ: 240° │ Φ: 60 ° │ RT: 294.45ms │ PO: 51.08ms │ Tot: 345.56ms │ Hit: 9% │ Bounces: 1.66
[R0:17 /100] │ Θ: 40 ° │ Φ: 120° │ RT: 244.82ms │ PO: 62.72ms │ Tot: 307.56ms │ Hit: 12% │ Bounces: 1.35
[R1:65 /100] │ Θ: 240° │ Φ: 80 ° │ RT: 244.05ms │ PO: 50.98ms │ Tot: 295.05ms │ Hit: 10% │ Bounces: 1.54
[R0:18 /100] │ Θ: 40 ° │ Φ: 140° │ RT: 239.76ms │ PO: 62.01ms │ Tot: 301.79ms │ Hit: 12% │ Bounces: 1.30
[R1:66 /100] │ Θ: 240° │ Φ: 100° │ RT: 260.86ms │ PO: 51.78ms │ Tot: 312.66ms │ Hit: 10% │ Bounces: 1.58
[R0:19 /100] │ Θ: 40 ° │ Φ: 160° │ RT: 228.59ms │ PO: 60.70ms │ Tot: 289.32ms │ Hit: 11% │ Bounces: 1.23
[R1:67 /100] │ Θ: 240° │ Φ: 120° │ RT: 267.61ms │ PO: 52.10ms │ Tot: 319.73ms │ Hit: 10% │ Bounces: 1.61
[R0:20 /100] │ Θ: 40 ° │ Φ: 180° │ RT: 214.38ms │ PO: 59.97ms │ Tot: 274.37ms │ Hit: 11% │ Bounces: 1.21
[R1:68 /100] │ Θ: 240° │ Φ: 140° │ RT: 277.23ms │ PO: 49.66ms │ Tot: 326.91ms │ Hit: 9% │ Bounces: 1.62
[R0:21 /100] │ Θ: 80 ° │ Φ: 0  ° │ RT: 214.74ms │ PO: 29.46ms │ Tot: 244.22ms │ Hit: 3% │ Bounces: 1.98
[R0:22 /100] │ Θ: 80 ° │ Φ: 20 ° │ RT: 226.21ms │ PO: 33.42ms │ Tot: 259.66ms │ Hit: 4% │ Bounces: 1.81
[R1:69 /100] │ Θ: 240° │ Φ: 160° │ RT: 289.48ms │ PO: 46.88ms │ Tot: 336.38ms │ Hit: 8% │ Bounces: 1.63
[R0:23 /100] │ Θ: 80 ° │ Φ: 40 ° │ RT: 191.98ms │ PO: 36.53ms │ Tot: 228.54ms │ Hit: 6% │ Bounces: 1.56
[R1:70 /100] │ Θ: 240° │ Φ: 180° │ RT: 282.61ms │ PO: 45.24ms │ Tot: 327.88ms │ Hit: 7% │ Bounces: 1.63
[R0:24 /100] │ Θ: 80 ° │ Φ: 60 ° │ RT: 164.67ms │ PO: 39.36ms │ Tot: 204.05ms │ Hit: 6% │ Bounces: 1.43
[R1:71 /100] │ Θ: 280° │ Φ: 0  ° │ RT: 149.12ms │ PO: 27.36ms │ Tot: 176.50ms │ Hit: 3% │ Bounces: 1.61
[R0:25 /100] │ Θ: 80 ° │ Φ: 80 ° │ RT: 124.97ms │ PO: 38.39ms │ Tot: 163.38ms │ Hit: 7% │ Bounces: 1.37
[R1:72 /100] │ Θ: 280° │ Φ: 20 ° │ RT: 164.81ms │ PO: 30.25ms │ Tot: 195.08ms │ Hit: 4% │ Bounces: 1.60
[R0:26 /100] │ Θ: 80 ° │ Φ: 100° │ RT: 116.72ms │ PO: 40.29ms │ Tot: 157.03ms │ Hit: 7% │ Bounces: 1.28
[R1:73 /100] │ Θ: 280° │ Φ: 40 ° │ RT: 162.57ms │ PO: 33.68ms │ Tot: 196.28ms │ Hit: 5% │ Bounces: 1.47
[R0:27 /100] │ Θ: 80 ° │ Φ: 120° │ RT: 138.23ms │ PO: 37.27ms │ Tot: 175.52ms │ Hit: 6% │ Bounces: 1.35
[R1:74 /100] │ Θ: 280° │ Φ: 60 ° │ RT: 163.26ms │ PO: 36.95ms │ Tot: 200.24ms │ Hit: 6% │ Bounces: 1.29
[R0:28 /100] │ Θ: 80 ° │ Φ: 140° │ RT: 165.26ms │ PO: 33.30ms │ Tot: 198.59ms │ Hit: 5% │ Bounces: 1.49
[R1:75 /100] │ Θ: 280° │ Φ: 80 ° │ RT: 130.61ms │ PO: 39.84ms │ Tot: 170.48ms │ Hit: 7% │ Bounces: 1.22
[R0:29 /100] │ Θ: 80 ° │ Φ: 160° │ RT: 160.90ms │ PO: 30.02ms │ Tot: 190.94ms │ Hit: 4% │ Bounces: 1.61
[R1:76 /100] │ Θ: 280° │ Φ: 100° │ RT: 129.92ms │ PO: 38.69ms │ Tot: 168.63ms │ Hit: 7% │ Bounces: 1.27
[R0:30 /100] │ Θ: 80 ° │ Φ: 180° │ RT: 152.68ms │ PO: 27.28ms │ Tot: 179.99ms │ Hit: 3% │ Bounces: 1.62
[R1:77 /100] │ Θ: 280° │ Φ: 120° │ RT: 173.10ms │ PO: 39.31ms │ Tot: 212.43ms │ Hit: 6% │ Bounces: 1.37
[R0:31 /100] │ Θ: 120° │ Φ: 0  ° │ RT: 297.96ms │ PO: 47.57ms │ Tot: 345.56ms │ Hit: 7% │ Bounces: 1.67
[R1:78 /100] │ Θ: 280° │ Φ: 140° │ RT: 192.06ms │ PO: 36.82ms │ Tot: 228.91ms │ Hit: 6% │ Bounces: 1.52
[R1:79 /100] │ Θ: 280° │ Φ: 160° │ RT: 231.15ms │ PO: 33.69ms │ Tot: 264.86ms │ Hit: 4% │ Bounces: 1.83
[R0:32 /100] │ Θ: 120° │ Φ: 20 ° │ RT: 297.24ms │ PO: 46.61ms │ Tot: 343.88ms │ Hit: 8% │ Bounces: 1.70
[R1:80 /100] │ Θ: 280° │ Φ: 180° │ RT: 205.96ms │ PO: 29.52ms │ Tot: 235.51ms │ Hit: 3% │ Bounces: 1.94
[R0:33 /100] │ Θ: 120° │ Φ: 40 ° │ RT: 298.88ms │ PO: 53.89ms │ Tot: 352.79ms │ Hit: 9% │ Bounces: 1.69
[R1:81 /100] │ Θ: 320° │ Φ: 0  ° │ RT: 216.30ms │ PO: 60.52ms │ Tot: 276.84ms │ Hit: 11% │ Bounces: 1.21
[R0:34 /100] │ Θ: 120° │ Φ: 60 ° │ RT: 273.18ms │ PO: 51.57ms │ Tot: 324.78ms │ Hit: 10% │ Bounces: 1.68
[R1:82 /100] │ Θ: 320° │ Φ: 20 ° │ RT: 222.34ms │ PO: 61.09ms │ Tot: 283.45ms │ Hit: 11% │ Bounces: 1.22
[R0:35 /100] │ Θ: 120° │ Φ: 80 ° │ RT: 242.10ms │ PO: 51.33ms │ Tot: 293.46ms │ Hit: 10% │ Bounces: 1.61
[R1:83 /100] │ Θ: 320° │ Φ: 40 ° │ RT: 243.27ms │ PO: 62.47ms │ Tot: 305.77ms │ Hit: 12% │ Bounces: 1.29
[R0:36 /100] │ Θ: 120° │ Φ: 100° │ RT: 251.61ms │ PO: 50.54ms │ Tot: 302.17ms │ Hit: 10% │ Bounces: 1.61
[R1:84 /100] │ Θ: 320° │ Φ: 60 ° │ RT: 229.24ms │ PO: 63.39ms │ Tot: 292.65ms │ Hit: 12% │ Bounces: 1.30
[R0:37 /100] │ Θ: 120° │ Φ: 120° │ RT: 283.80ms │ PO: 50.76ms │ Tot: 334.59ms │ Hit: 9% │ Bounces: 1.68
[R1:85 /100] │ Θ: 320° │ Φ: 80 ° │ RT: 244.86ms │ PO: 63.20ms │ Tot: 308.09ms │ Hit: 12% │ Bounces: 1.36
[R0:38 /100] │ Θ: 120° │ Φ: 140° │ RT: 339.95ms │ PO: 50.26ms │ Tot: 390.24ms │ Hit: 9% │ Bounces: 1.87
[R1:86 /100] │ Θ: 320° │ Φ: 100° │ RT: 237.45ms │ PO: 63.17ms │ Tot: 300.65ms │ Hit: 12% │ Bounces: 1.36
[R0:39 /100] │ Θ: 120° │ Φ: 160° │ RT: 349.91ms │ PO: 48.02ms │ Tot: 397.96ms │ Hit: 8% │ Bounces: 2.00
[R1:87 /100] │ Θ: 320° │ Φ: 120° │ RT: 268.05ms │ PO: 63.48ms │ Tot: 331.55ms │ Hit: 12% │ Bounces: 1.39
[R0:40 /100] │ Θ: 120° │ Φ: 180° │ RT: 311.11ms │ PO: 45.95ms │ Tot: 357.08ms │ Hit: 7% │ Bounces: 1.96
[R1:88 /100] │ Θ: 320° │ Φ: 140° │ RT: 293.06ms │ PO: 63.28ms │ Tot: 356.37ms │ Hit: 12% │ Bounces: 1.46
[R0:41 /100] │ Θ: 160° │ Φ: 0  ° │ RT: 296.47ms │ PO: 69.95ms │ Tot: 366.45ms │ Hit: 13% │ Bounces: 1.37
[R1:89 /100] │ Θ: 320° │ Φ: 160° │ RT: 290.16ms │ PO: 62.23ms │ Tot: 352.43ms │ Hit: 11% │ Bounces: 1.45
[R1:90 /100] │ Θ: 320° │ Φ: 180° │ RT: 285.94ms │ PO: 61.26ms │ Tot: 347.23ms │ Hit: 11% │ Bounces: 1.42
[R0:42 /100] │ Θ: 160° │ Φ: 20 ° │ RT: 320.59ms │ PO: 70.06ms │ Tot: 390.67ms │ Hit: 13% │ Bounces: 1.42
[R1:91 /100] │ Θ: 360° │ Φ: 0  ° │ RT: 213.19ms │ PO: 74.19ms │ Tot: 287.41ms │ Hit: 14% │ Bounces: 1.20
[R0:43 /100] │ Θ: 160° │ Φ: 40 ° │ RT: 312.04ms │ PO: 70.45ms │ Tot: 382.52ms │ Hit: 14% │ Bounces: 1.38
[R1:92 /100] │ Θ: 360° │ Φ: 20 ° │ RT: 218.48ms │ PO: 74.17ms │ Tot: 292.68ms │ Hit: 14% │ Bounces: 1.22
[R0:44 /100] │ Θ: 160° │ Φ: 60 ° │ RT: 312.54ms │ PO: 70.69ms │ Tot: 383.26ms │ Hit: 14% │ Bounces: 1.35
[R1:93 /100] │ Θ: 360° │ Φ: 40 ° │ RT: 208.64ms │ PO: 74.09ms │ Tot: 282.75ms │ Hit: 14% │ Bounces: 1.20
[R0:45 /100] │ Θ: 160° │ Φ: 80 ° │ RT: 297.47ms │ PO: 71.27ms │ Tot: 368.76ms │ Hit: 14% │ Bounces: 1.35
[R1:94 /100] │ Θ: 360° │ Φ: 60 ° │ RT: 224.45ms │ PO: 74.12ms │ Tot: 298.60ms │ Hit: 14% │ Bounces: 1.23
[R0:46 /100] │ Θ: 160° │ Φ: 100° │ RT: 314.54ms │ PO: 71.16ms │ Tot: 385.73ms │ Hit: 14% │ Bounces: 1.40
[R1:95 /100] │ Θ: 360° │ Φ: 80 ° │ RT: 227.25ms │ PO: 74.15ms │ Tot: 301.42ms │ Hit: 14% │ Bounces: 1.23
[R1:96 /100] │ Θ: 360° │ Φ: 100° │ RT: 232.29ms │ PO: 74.15ms │ Tot: 306.46ms │ Hit: 14% │ Bounces: 1.24
[R0:47 /100] │ Θ: 160° │ Φ: 120° │ RT: 330.21ms │ PO: 70.89ms │ Tot: 401.12ms │ Hit: 14% │ Bounces: 1.40
[R1:97 /100] │ Θ: 360° │ Φ: 120° │ RT: 232.78ms │ PO: 74.07ms │ Tot: 306.88ms │ Hit: 14% │ Bounces: 1.25
[R0:48 /100] │ Θ: 160° │ Φ: 140° │ RT: 346.46ms │ PO: 70.95ms │ Tot: 417.44ms │ Hit: 14% │ Bounces: 1.45
[R1:98 /100] │ Θ: 360° │ Φ: 140° │ RT: 230.77ms │ PO: 74.05ms │ Tot: 304.85ms │ Hit: 14% │ Bounces: 1.26
[R0:49 /100] │ Θ: 160° │ Φ: 160° │ RT: 343.42ms │ PO: 70.55ms │ Tot: 414.00ms │ Hit: 13% │ Bounces: 1.44
[R1:99 /100] │ Θ: 360° │ Φ: 160° │ RT: 224.02ms │ PO: 74.14ms │ Tot: 298.18ms │ Hit: 14% │ Bounces: 1.24
[R0:50 /100] │ Θ: 160° │ Φ: 180° │ RT: 346.69ms │ PO: 70.38ms │ Tot: 417.10ms │ Hit: 13% │ Bounces: 1.49
└──────────────────────────────────────────────────┘

┌── SWEEP PERFORMANCE BREAKDOWN                    ┐
│ Ray Tracing Kernel (total): 24964.50 ms
│ PO Integration Kernel (total): 5822.12 ms
│ Memset (total)      : 1.30 ms
│ Memcpy D2H (total)  : 1.30 ms
│ File Writes (total) : 0.14 ms
[R1:100/100] │ Θ: 360° │ Φ: 180° │ RT: 214.60ms │ PO: 74.40ms │ Tot: 289.03ms │ Hit: 14% │ Bounces: 1.22
│ Stats Computation (total): 13582.99 ms
│ ─────────────────:  
│ GPU Time (kernels only): 30786.63 ms
│ Total Sweep Wall Time: 22209.41 ms
└──────────────────────────────────────────────────┘

┌── PER-ITERATION AVERAGES                         ┐
│ Ray Tracing Kernel  : 249.65 ms
│ PO Integration Kernel: 58.22 ms
│ Memset              : 0.01 ms
│ Memcpy D2H          : 0.01 ms
│ File Write          : 0.00 ms
│ ─────────────────:  

┌── CLEANUP                                        ┐
│ Total Points        : 100 
│ Average Time/Point  : 222.09 ms
│ Speedup (vs sequential): 1.39 x
└──────────────────────────────────────────────────┘

┌── CLEANUP                                        ┐
│  Device memory released. Success.
└──────────────────────────────────────────────────┘

┌── TOTAL TIMING BREAKDOWN                         ┐
│ Model Loading       : 624.47 ms
│ BVH Construction    : 3677.14 ms
│ GPU Memory Alloc    : 1631.38 ms
│ File Open/Header    : 0.17 ms
│ Sweep Execution     : 0.00 ms
│ File Close          : 0.14 ms
│ Cleanup             : 3.26 ms
│ ─────────────────:  
│ Total App Time      : 29444.55 ms
└──────────────────────────────────────────────────┘
│  Device memory released. Success.
└──────────────────────────────────────────────────┘

┌── TOTAL TIMING BREAKDOWN                         ┐
│ Model Loading       : 620.53 ms
│ BVH Construction    : 3790.06 ms
│ GPU Memory Alloc    : 1648.28 ms
│ File Open/Header    : 0.10 ms
│ Sweep Execution     : 22209.41 ms
│ File Close          : 0.20 ms
│ Cleanup             : 3.30 ms
│ ─────────────────:  
│ Total App Time      : 29579.15 ms
└──────────────────────────────────────────────────┘
[CRAYBLAS_WARNING] Application linked against multiple cray-libsci libraries
[CRAYBLAS_WARNING] Application linked against multiple cray-libsci libraries
