╔═══════════════════════════════════════════════════╗
║  SagittaSBR  >>---->  MONOSTATIC RCS CALCULATION  ║
╚═══════════════════════════════════════════════════╝
Using frequency from config file: 1e+10 Hz
╔═══════════════════════════════════════════════════╗
║                   GPU INFORMATION                 ║
╠═══════════════════════════════════════════════════╣
║ Device: AMD Instinct MI250X
║ Compute Capability: 9.0
║ Total Global Memory: 63.9844 GB
║ Multiprocessors: 110
║ Max Threads per Block: 1024
╚═══════════════════════════════════════════════════╝


┌── MEMORY ALLOCATION                              ┐
│  BVH buffers and world setup complete.
└──────────────────────────────────────────────────┘

┌── INITIALIZATION TIMING                          ┐
│ Model Loading       : 627.057 ms
│ BVH Construction    : 3594.06 ms
│ GPU Memory Alloc    : 1608.6 ms
│ Total Init Time     : 5829.71 ms
│ Triangle Count      : 161962 
│ BVH Node Count      : 111289 
└──────────────────────────────────────────────────┘

┌── SIMULATION PARAMETERS                          ┐
│ Frequency           : 10 GHz
│ Wavelength          : 29.9792 mm
│ Wave Number k       : 209.585 rad/m
│ Illumination Area   : 10000 m²
│ Grid Size           : 20000x20000 
│ Total Rays          : 400000000 
│ Ray Density         : 40000 rays/m²
│ Ray Area            : 2.5e-05 m²
│ Phi Range           : 0.000000 to 180.000000 
│ Theta Range         : 0.000000 to 360.000000 
│ Show GPU info       : 1 
│ Show Hit info       : 1 
└──────────────────────────────────────────────────┘

┌── EXECUTING SWEEP                                ┐
[1  /400] │ Θ: 0  ° │ Φ: 0  ° │ RT: 213.59ms │ PO: 74.53ms │ Tot: 288.17ms │ Hit: 14% │ Bounces: 1.21
[2  /400] │ Θ: 0  ° │ Φ: 9  ° │ RT: 213.16ms │ PO: 75.04ms │ Tot: 288.23ms │ Hit: 14% │ Bounces: 1.21
[3  /400] │ Θ: 0  ° │ Φ: 18 ° │ RT: 211.23ms │ PO: 74.92ms │ Tot: 286.18ms │ Hit: 14% │ Bounces: 1.21
[4  /400] │ Θ: 0  ° │ Φ: 28 ° │ RT: 212.53ms │ PO: 77.94ms │ Tot: 290.50ms │ Hit: 14% │ Bounces: 1.21
[5  /400] │ Θ: 0  ° │ Φ: 37 ° │ RT: 211.03ms │ PO: 74.78ms │ Tot: 285.85ms │ Hit: 14% │ Bounces: 1.21
[6  /400] │ Θ: 0  ° │ Φ: 47 ° │ RT: 211.06ms │ PO: 74.56ms │ Tot: 285.66ms │ Hit: 14% │ Bounces: 1.21
[7  /400] │ Θ: 0  ° │ Φ: 56 ° │ RT: 211.24ms │ PO: 74.07ms │ Tot: 285.34ms │ Hit: 14% │ Bounces: 1.21
[8  /400] │ Θ: 0  ° │ Φ: 66 ° │ RT: 211.06ms │ PO: 74.59ms │ Tot: 285.68ms │ Hit: 14% │ Bounces: 1.21
[9  /400] │ Θ: 0  ° │ Φ: 75 ° │ RT: 211.60ms │ PO: 74.31ms │ Tot: 285.94ms │ Hit: 14% │ Bounces: 1.21
[10 /400] │ Θ: 0  ° │ Φ: 85 ° │ RT: 210.98ms │ PO: 74.20ms │ Tot: 285.22ms │ Hit: 14% │ Bounces: 1.21
[11 /400] │ Θ: 0  ° │ Φ: 94 ° │ RT: 211.19ms │ PO: 75.49ms │ Tot: 286.72ms │ Hit: 14% │ Bounces: 1.21
[12 /400] │ Θ: 0  ° │ Φ: 104° │ RT: 212.61ms │ PO: 74.39ms │ Tot: 287.03ms │ Hit: 14% │ Bounces: 1.21
[13 /400] │ Θ: 0  ° │ Φ: 113° │ RT: 212.10ms │ PO: 74.37ms │ Tot: 286.50ms │ Hit: 14% │ Bounces: 1.21
[14 /400] │ Θ: 0  ° │ Φ: 123° │ RT: 213.42ms │ PO: 76.50ms │ Tot: 289.96ms │ Hit: 14% │ Bounces: 1.21
[15 /400] │ Θ: 0  ° │ Φ: 132° │ RT: 211.19ms │ PO: 74.68ms │ Tot: 285.91ms │ Hit: 14% │ Bounces: 1.21
[16 /400] │ Θ: 0  ° │ Φ: 142° │ RT: 211.33ms │ PO: 74.17ms │ Tot: 285.54ms │ Hit: 14% │ Bounces: 1.21
[17 /400] │ Θ: 0  ° │ Φ: 151° │ RT: 213.18ms │ PO: 74.19ms │ Tot: 287.40ms │ Hit: 14% │ Bounces: 1.21
[18 /400] │ Θ: 0  ° │ Φ: 161° │ RT: 213.16ms │ PO: 74.47ms │ Tot: 287.67ms │ Hit: 14% │ Bounces: 1.21
[19 /400] │ Θ: 0  ° │ Φ: 170° │ RT: 210.70ms │ PO: 74.33ms │ Tot: 285.06ms │ Hit: 14% │ Bounces: 1.21
[20 /400] │ Θ: 0  ° │ Φ: 180° │ RT: 212.28ms │ PO: 75.03ms │ Tot: 287.34ms │ Hit: 14% │ Bounces: 1.21
[21 /400] │ Θ: 18 ° │ Φ: 0  ° │ RT: 266.41ms │ PO: 71.47ms │ Tot: 337.91ms │ Hit: 14% │ Bounces: 1.33
[22 /400] │ Θ: 18 ° │ Φ: 9  ° │ RT: 277.43ms │ PO: 71.39ms │ Tot: 348.85ms │ Hit: 14% │ Bounces: 1.33
[23 /400] │ Θ: 18 ° │ Φ: 18 ° │ RT: 275.78ms │ PO: 71.53ms │ Tot: 347.34ms │ Hit: 14% │ Bounces: 1.38
[24 /400] │ Θ: 18 ° │ Φ: 28 ° │ RT: 253.28ms │ PO: 71.85ms │ Tot: 325.16ms │ Hit: 14% │ Bounces: 1.29
[25 /400] │ Θ: 18 ° │ Φ: 37 ° │ RT: 257.26ms │ PO: 71.89ms │ Tot: 329.19ms │ Hit: 14% │ Bounces: 1.32
[26 /400] │ Θ: 18 ° │ Φ: 47 ° │ RT: 266.69ms │ PO: 72.21ms │ Tot: 338.93ms │ Hit: 14% │ Bounces: 1.33
[27 /400] │ Θ: 18 ° │ Φ: 56 ° │ RT: 251.02ms │ PO: 71.95ms │ Tot: 323.00ms │ Hit: 14% │ Bounces: 1.32
[28 /400] │ Θ: 18 ° │ Φ: 66 ° │ RT: 257.46ms │ PO: 72.64ms │ Tot: 330.13ms │ Hit: 14% │ Bounces: 1.33
[29 /400] │ Θ: 18 ° │ Φ: 75 ° │ RT: 230.00ms │ PO: 72.08ms │ Tot: 302.11ms │ Hit: 14% │ Bounces: 1.28
[30 /400] │ Θ: 18 ° │ Φ: 85 ° │ RT: 237.07ms │ PO: 72.72ms │ Tot: 309.83ms │ Hit: 14% │ Bounces: 1.29
[31 /400] │ Θ: 18 ° │ Φ: 94 ° │ RT: 239.98ms │ PO: 71.85ms │ Tot: 311.87ms │ Hit: 14% │ Bounces: 1.31
[32 /400] │ Θ: 18 ° │ Φ: 104° │ RT: 237.91ms │ PO: 71.63ms │ Tot: 309.58ms │ Hit: 14% │ Bounces: 1.29
[33 /400] │ Θ: 18 ° │ Φ: 113° │ RT: 239.29ms │ PO: 71.64ms │ Tot: 310.97ms │ Hit: 14% │ Bounces: 1.29
[34 /400] │ Θ: 18 ° │ Φ: 123° │ RT: 244.70ms │ PO: 72.52ms │ Tot: 317.26ms │ Hit: 14% │ Bounces: 1.29
[35 /400] │ Θ: 18 ° │ Φ: 132° │ RT: 249.21ms │ PO: 71.39ms │ Tot: 320.63ms │ Hit: 14% │ Bounces: 1.27
[36 /400] │ Θ: 18 ° │ Φ: 142° │ RT: 266.01ms │ PO: 71.93ms │ Tot: 337.98ms │ Hit: 14% │ Bounces: 1.28
[37 /400] │ Θ: 18 ° │ Φ: 151° │ RT: 226.53ms │ PO: 71.33ms │ Tot: 297.90ms │ Hit: 14% │ Bounces: 1.22
[38 /400] │ Θ: 18 ° │ Φ: 161° │ RT: 237.66ms │ PO: 71.10ms │ Tot: 308.79ms │ Hit: 14% │ Bounces: 1.22
[39 /400] │ Θ: 18 ° │ Φ: 170° │ RT: 234.12ms │ PO: 77.89ms │ Tot: 312.04ms │ Hit: 13% │ Bounces: 1.21
[40 /400] │ Θ: 18 ° │ Φ: 180° │ RT: 229.51ms │ PO: 74.82ms │ Tot: 304.36ms │ Hit: 13% │ Bounces: 1.20
[41 /400] │ Θ: 37 ° │ Φ: 0  ° │ RT: 283.76ms │ PO: 62.58ms │ Tot: 346.38ms │ Hit: 11% │ Bounces: 1.40
[42 /400] │ Θ: 37 ° │ Φ: 9  ° │ RT: 305.62ms │ PO: 62.92ms │ Tot: 368.57ms │ Hit: 11% │ Bounces: 1.45
[43 /400] │ Θ: 37 ° │ Φ: 18 ° │ RT: 294.32ms │ PO: 63.74ms │ Tot: 358.09ms │ Hit: 12% │ Bounces: 1.45
[44 /400] │ Θ: 37 ° │ Φ: 28 ° │ RT: 278.16ms │ PO: 63.95ms │ Tot: 342.15ms │ Hit: 12% │ Bounces: 1.39
[45 /400] │ Θ: 37 ° │ Φ: 37 ° │ RT: 271.05ms │ PO: 65.28ms │ Tot: 336.36ms │ Hit: 12% │ Bounces: 1.39
[46 /400] │ Θ: 37 ° │ Φ: 47 ° │ RT: 270.90ms │ PO: 64.97ms │ Tot: 335.91ms │ Hit: 12% │ Bounces: 1.38
[47 /400] │ Θ: 37 ° │ Φ: 56 ° │ RT: 264.41ms │ PO: 64.74ms │ Tot: 329.18ms │ Hit: 12% │ Bounces: 1.40
[48 /400] │ Θ: 37 ° │ Φ: 66 ° │ RT: 250.43ms │ PO: 64.40ms │ Tot: 314.86ms │ Hit: 12% │ Bounces: 1.37
[49 /400] │ Θ: 37 ° │ Φ: 75 ° │ RT: 236.58ms │ PO: 65.06ms │ Tot: 301.67ms │ Hit: 12% │ Bounces: 1.34
[50 /400] │ Θ: 37 ° │ Φ: 85 ° │ RT: 227.61ms │ PO: 64.03ms │ Tot: 291.67ms │ Hit: 12% │ Bounces: 1.35
[51 /400] │ Θ: 37 ° │ Φ: 94 ° │ RT: 224.44ms │ PO: 64.15ms │ Tot: 288.62ms │ Hit: 12% │ Bounces: 1.35
[52 /400] │ Θ: 37 ° │ Φ: 104° │ RT: 242.36ms │ PO: 65.28ms │ Tot: 307.68ms │ Hit: 12% │ Bounces: 1.34
[53 /400] │ Θ: 37 ° │ Φ: 113° │ RT: 241.95ms │ PO: 65.02ms │ Tot: 307.01ms │ Hit: 12% │ Bounces: 1.36
[54 /400] │ Θ: 37 ° │ Φ: 123° │ RT: 236.95ms │ PO: 64.33ms │ Tot: 301.32ms │ Hit: 12% │ Bounces: 1.32
[55 /400] │ Θ: 37 ° │ Φ: 132° │ RT: 242.22ms │ PO: 64.75ms │ Tot: 307.00ms │ Hit: 12% │ Bounces: 1.30
[56 /400] │ Θ: 37 ° │ Φ: 142° │ RT: 257.81ms │ PO: 63.66ms │ Tot: 321.51ms │ Hit: 12% │ Bounces: 1.29
[57 /400] │ Θ: 37 ° │ Φ: 151° │ RT: 237.97ms │ PO: 63.02ms │ Tot: 301.03ms │ Hit: 12% │ Bounces: 1.27
[58 /400] │ Θ: 37 ° │ Φ: 161° │ RT: 258.32ms │ PO: 62.59ms │ Tot: 320.95ms │ Hit: 11% │ Bounces: 1.27
[59 /400] │ Θ: 37 ° │ Φ: 170° │ RT: 229.71ms │ PO: 62.78ms │ Tot: 292.52ms │ Hit: 11% │ Bounces: 1.22
[60 /400] │ Θ: 37 ° │ Φ: 180° │ RT: 232.44ms │ PO: 62.01ms │ Tot: 294.48ms │ Hit: 11% │ Bounces: 1.22
[61 /400] │ Θ: 56 ° │ Φ: 0  ° │ RT: 254.96ms │ PO: 49.37ms │ Tot: 304.37ms │ Hit: 8% │ Bounces: 1.53
[62 /400] │ Θ: 56 ° │ Φ: 9  ° │ RT: 285.88ms │ PO: 50.10ms │ Tot: 336.01ms │ Hit: 8% │ Bounces: 1.62
[63 /400] │ Θ: 56 ° │ Φ: 18 ° │ RT: 285.76ms │ PO: 50.74ms │ Tot: 336.53ms │ Hit: 9% │ Bounces: 1.59
[64 /400] │ Θ: 56 ° │ Φ: 28 ° │ RT: 287.00ms │ PO: 51.54ms │ Tot: 338.57ms │ Hit: 9% │ Bounces: 1.60
[65 /400] │ Θ: 56 ° │ Φ: 37 ° │ RT: 267.89ms │ PO: 52.68ms │ Tot: 320.60ms │ Hit: 9% │ Bounces: 1.52
[66 /400] │ Θ: 56 ° │ Φ: 47 ° │ RT: 261.75ms │ PO: 53.33ms │ Tot: 315.11ms │ Hit: 10% │ Bounces: 1.53
[67 /400] │ Θ: 56 ° │ Φ: 56 ° │ RT: 245.01ms │ PO: 53.98ms │ Tot: 299.03ms │ Hit: 10% │ Bounces: 1.48
[68 /400] │ Θ: 56 ° │ Φ: 66 ° │ RT: 225.85ms │ PO: 53.62ms │ Tot: 279.51ms │ Hit: 10% │ Bounces: 1.44
[69 /400] │ Θ: 56 ° │ Φ: 75 ° │ RT: 211.41ms │ PO: 53.04ms │ Tot: 264.48ms │ Hit: 10% │ Bounces: 1.40
[70 /400] │ Θ: 56 ° │ Φ: 85 ° │ RT: 190.31ms │ PO: 53.21ms │ Tot: 243.55ms │ Hit: 10% │ Bounces: 1.36
[71 /400] │ Θ: 56 ° │ Φ: 94 ° │ RT: 207.27ms │ PO: 54.35ms │ Tot: 261.65ms │ Hit: 10% │ Bounces: 1.37
[72 /400] │ Θ: 56 ° │ Φ: 104° │ RT: 214.55ms │ PO: 59.97ms │ Tot: 274.56ms │ Hit: 10% │ Bounces: 1.36
[73 /400] │ Θ: 56 ° │ Φ: 113° │ RT: 214.10ms │ PO: 58.89ms │ Tot: 273.02ms │ Hit: 10% │ Bounces: 1.35
[74 /400] │ Θ: 56 ° │ Φ: 123° │ RT: 225.20ms │ PO: 53.76ms │ Tot: 278.99ms │ Hit: 10% │ Bounces: 1.32
[75 /400] │ Θ: 56 ° │ Φ: 132° │ RT: 210.05ms │ PO: 52.80ms │ Tot: 262.88ms │ Hit: 10% │ Bounces: 1.30
[76 /400] │ Θ: 56 ° │ Φ: 142° │ RT: 203.83ms │ PO: 56.06ms │ Tot: 259.92ms │ Hit: 9% │ Bounces: 1.28
[77 /400] │ Θ: 56 ° │ Φ: 151° │ RT: 220.64ms │ PO: 51.10ms │ Tot: 271.77ms │ Hit: 9% │ Bounces: 1.26
[78 /400] │ Θ: 56 ° │ Φ: 161° │ RT: 203.47ms │ PO: 49.76ms │ Tot: 253.27ms │ Hit: 8% │ Bounces: 1.24
[79 /400] │ Θ: 56 ° │ Φ: 170° │ RT: 187.74ms │ PO: 48.78ms │ Tot: 236.56ms │ Hit: 8% │ Bounces: 1.23
[80 /400] │ Θ: 56 ° │ Φ: 180° │ RT: 178.95ms │ PO: 48.56ms │ Tot: 227.54ms │ Hit: 8% │ Bounces: 1.19
[81 /400] │ Θ: 75 ° │ Φ: 0  ° │ RT: 226.74ms │ PO: 33.19ms │ Tot: 259.96ms │ Hit: 4% │ Bounces: 1.83
[82 /400] │ Θ: 75 ° │ Φ: 9  ° │ RT: 243.24ms │ PO: 34.57ms │ Tot: 277.85ms │ Hit: 4% │ Bounces: 1.85
[83 /400] │ Θ: 75 ° │ Φ: 18 ° │ RT: 241.36ms │ PO: 36.58ms │ Tot: 277.97ms │ Hit: 5% │ Bounces: 1.79
[84 /400] │ Θ: 75 ° │ Φ: 28 ° │ RT: 217.37ms │ PO: 38.76ms │ Tot: 256.15ms │ Hit: 6% │ Bounces: 1.65
[85 /400] │ Θ: 75 ° │ Φ: 37 ° │ RT: 210.39ms │ PO: 39.50ms │ Tot: 249.92ms │ Hit: 6% │ Bounces: 1.59
[86 /400] │ Θ: 75 ° │ Φ: 47 ° │ RT: 190.27ms │ PO: 41.11ms │ Tot: 231.41ms │ Hit: 7% │ Bounces: 1.49
[87 /400] │ Θ: 75 ° │ Φ: 56 ° │ RT: 179.63ms │ PO: 41.98ms │ Tot: 221.64ms │ Hit: 7% │ Bounces: 1.46
[88 /400] │ Θ: 75 ° │ Φ: 66 ° │ RT: 171.77ms │ PO: 42.16ms │ Tot: 213.96ms │ Hit: 7% │ Bounces: 1.43
[89 /400] │ Θ: 75 ° │ Φ: 75 ° │ RT: 140.62ms │ PO: 41.98ms │ Tot: 182.63ms │ Hit: 7% │ Bounces: 1.34
[90 /400] │ Θ: 75 ° │ Φ: 85 ° │ RT: 125.88ms │ PO: 40.05ms │ Tot: 165.96ms │ Hit: 8% │ Bounces: 1.30
[91 /400] │ Θ: 75 ° │ Φ: 94 ° │ RT: 133.71ms │ PO: 44.93ms │ Tot: 178.67ms │ Hit: 8% │ Bounces: 1.27
[92 /400] │ Θ: 75 ° │ Φ: 104° │ RT: 141.76ms │ PO: 44.62ms │ Tot: 186.41ms │ Hit: 7% │ Bounces: 1.32
[93 /400] │ Θ: 75 ° │ Φ: 113° │ RT: 147.52ms │ PO: 41.21ms │ Tot: 188.76ms │ Hit: 7% │ Bounces: 1.32
[94 /400] │ Θ: 75 ° │ Φ: 123° │ RT: 150.40ms │ PO: 39.35ms │ Tot: 189.77ms │ Hit: 6% │ Bounces: 1.38
[95 /400] │ Θ: 75 ° │ Φ: 132° │ RT: 163.40ms │ PO: 37.31ms │ Tot: 200.75ms │ Hit: 6% │ Bounces: 1.38
[96 /400] │ Θ: 75 ° │ Φ: 142° │ RT: 166.98ms │ PO: 37.15ms │ Tot: 204.16ms │ Hit: 5% │ Bounces: 1.43
[97 /400] │ Θ: 75 ° │ Φ: 151° │ RT: 166.26ms │ PO: 34.39ms │ Tot: 200.68ms │ Hit: 5% │ Bounces: 1.45
[98 /400] │ Θ: 75 ° │ Φ: 161° │ RT: 162.51ms │ PO: 34.01ms │ Tot: 196.55ms │ Hit: 5% │ Bounces: 1.49
[99 /400] │ Θ: 75 ° │ Φ: 170° │ RT: 158.70ms │ PO: 32.63ms │ Tot: 191.36ms │ Hit: 4% │ Bounces: 1.43
[100/400] │ Θ: 75 ° │ Φ: 180° │ RT: 145.69ms │ PO: 32.06ms │ Tot: 177.78ms │ Hit: 4% │ Bounces: 1.39
[101/400] │ Θ: 94 ° │ Φ: 0  ° │ RT: 182.04ms │ PO: 24.28ms │ Tot: 206.35ms │ Hit: 2% │ Bounces: 2.23
[102/400] │ Θ: 94 ° │ Φ: 9  ° │ RT: 191.12ms │ PO: 25.74ms │ Tot: 216.89ms │ Hit: 3% │ Bounces: 2.11
[103/400] │ Θ: 94 ° │ Φ: 18 ° │ RT: 204.52ms │ PO: 27.52ms │ Tot: 232.08ms │ Hit: 3% │ Bounces: 2.06
[104/400] │ Θ: 94 ° │ Φ: 28 ° │ RT: 198.45ms │ PO: 29.44ms │ Tot: 227.92ms │ Hit: 4% │ Bounces: 1.97
[105/400] │ Θ: 94 ° │ Φ: 37 ° │ RT: 198.72ms │ PO: 30.61ms │ Tot: 229.36ms │ Hit: 4% │ Bounces: 1.86
[106/400] │ Θ: 94 ° │ Φ: 47 ° │ RT: 166.73ms │ PO: 31.95ms │ Tot: 198.71ms │ Hit: 5% │ Bounces: 1.69
[107/400] │ Θ: 94 ° │ Φ: 56 ° │ RT: 151.26ms │ PO: 34.47ms │ Tot: 185.76ms │ Hit: 5% │ Bounces: 1.57
[108/400] │ Θ: 94 ° │ Φ: 66 ° │ RT: 141.44ms │ PO: 36.29ms │ Tot: 177.76ms │ Hit: 6% │ Bounces: 1.48
[109/400] │ Θ: 94 ° │ Φ: 75 ° │ RT: 129.02ms │ PO: 37.96ms │ Tot: 167.01ms │ Hit: 6% │ Bounces: 1.37
[110/400] │ Θ: 94 ° │ Φ: 85 ° │ RT: 109.65ms │ PO: 38.63ms │ Tot: 148.31ms │ Hit: 6% │ Bounces: 1.30
[111/400] │ Θ: 94 ° │ Φ: 94 ° │ RT: 120.09ms │ PO: 38.92ms │ Tot: 159.04ms │ Hit: 6% │ Bounces: 1.31
[112/400] │ Θ: 94 ° │ Φ: 104° │ RT: 127.60ms │ PO: 38.17ms │ Tot: 165.80ms │ Hit: 6% │ Bounces: 1.34
[113/400] │ Θ: 94 ° │ Φ: 113° │ RT: 145.18ms │ PO: 37.46ms │ Tot: 182.67ms │ Hit: 6% │ Bounces: 1.43
[114/400] │ Θ: 94 ° │ Φ: 123° │ RT: 168.83ms │ PO: 36.39ms │ Tot: 205.25ms │ Hit: 6% │ Bounces: 1.52
[115/400] │ Θ: 94 ° │ Φ: 132° │ RT: 209.72ms │ PO: 34.45ms │ Tot: 244.20ms │ Hit: 5% │ Bounces: 1.74
[116/400] │ Θ: 94 ° │ Φ: 142° │ RT: 233.01ms │ PO: 32.96ms │ Tot: 266.00ms │ Hit: 5% │ Bounces: 1.88
[117/400] │ Θ: 94 ° │ Φ: 151° │ RT: 232.08ms │ PO: 33.12ms │ Tot: 265.23ms │ Hit: 4% │ Bounces: 2.09
[118/400] │ Θ: 94 ° │ Φ: 161° │ RT: 214.77ms │ PO: 30.48ms │ Tot: 245.28ms │ Hit: 4% │ Bounces: 2.20
[119/400] │ Θ: 94 ° │ Φ: 170° │ RT: 214.89ms │ PO: 27.51ms │ Tot: 242.44ms │ Hit: 3% │ Bounces: 2.56
[120/400] │ Θ: 94 ° │ Φ: 180° │ RT: 207.50ms │ PO: 26.00ms │ Tot: 233.53ms │ Hit: 2% │ Bounces: 2.74
[121/400] │ Θ: 113° │ Φ: 0  ° │ RT: 266.83ms │ PO: 40.34ms │ Tot: 307.20ms │ Hit: 6% │ Bounces: 1.75
[122/400] │ Θ: 113° │ Φ: 9  ° │ RT: 250.66ms │ PO: 40.62ms │ Tot: 291.32ms │ Hit: 6% │ Bounces: 1.70
[123/400] │ Θ: 113° │ Φ: 18 ° │ RT: 256.84ms │ PO: 41.40ms │ Tot: 298.27ms │ Hit: 6% │ Bounces: 1.72
[124/400] │ Θ: 113° │ Φ: 28 ° │ RT: 269.23ms │ PO: 42.48ms │ Tot: 311.75ms │ Hit: 7% │ Bounces: 1.77
[125/400] │ Θ: 113° │ Φ: 37 ° │ RT: 283.35ms │ PO: 44.09ms │ Tot: 327.47ms │ Hit: 7% │ Bounces: 1.79
[126/400] │ Θ: 113° │ Φ: 47 ° │ RT: 256.55ms │ PO: 47.85ms │ Tot: 304.44ms │ Hit: 8% │ Bounces: 1.74
[127/400] │ Θ: 113° │ Φ: 56 ° │ RT: 264.12ms │ PO: 47.51ms │ Tot: 311.68ms │ Hit: 8% │ Bounces: 1.74
[128/400] │ Θ: 113° │ Φ: 66 ° │ RT: 232.49ms │ PO: 48.97ms │ Tot: 281.48ms │ Hit: 9% │ Bounces: 1.68
[129/400] │ Θ: 113° │ Φ: 75 ° │ RT: 232.52ms │ PO: 48.28ms │ Tot: 280.83ms │ Hit: 9% │ Bounces: 1.68
[130/400] │ Θ: 113° │ Φ: 85 ° │ RT: 221.24ms │ PO: 47.02ms │ Tot: 268.28ms │ Hit: 9% │ Bounces: 1.63
[131/400] │ Θ: 113° │ Φ: 94 ° │ RT: 210.06ms │ PO: 46.66ms │ Tot: 256.76ms │ Hit: 9% │ Bounces: 1.58
[132/400] │ Θ: 113° │ Φ: 104° │ RT: 219.22ms │ PO: 47.09ms │ Tot: 266.34ms │ Hit: 9% │ Bounces: 1.60
[133/400] │ Θ: 113° │ Φ: 113° │ RT: 250.15ms │ PO: 47.07ms │ Tot: 297.26ms │ Hit: 9% │ Bounces: 1.65
[134/400] │ Θ: 113° │ Φ: 123° │ RT: 283.75ms │ PO: 46.91ms │ Tot: 330.70ms │ Hit: 8% │ Bounces: 1.76
[135/400] │ Θ: 113° │ Φ: 132° │ RT: 308.88ms │ PO: 49.60ms │ Tot: 358.51ms │ Hit: 8% │ Bounces: 1.85
[136/400] │ Θ: 113° │ Φ: 142° │ RT: 324.88ms │ PO: 46.36ms │ Tot: 371.27ms │ Hit: 8% │ Bounces: 1.95
[137/400] │ Θ: 113° │ Φ: 151° │ RT: 325.70ms │ PO: 45.19ms │ Tot: 370.93ms │ Hit: 7% │ Bounces: 2.05
[138/400] │ Θ: 113° │ Φ: 161° │ RT: 316.52ms │ PO: 43.86ms │ Tot: 360.41ms │ Hit: 7% │ Bounces: 2.06
[139/400] │ Θ: 113° │ Φ: 170° │ RT: 312.43ms │ PO: 43.46ms │ Tot: 355.93ms │ Hit: 6% │ Bounces: 2.07
[140/400] │ Θ: 113° │ Φ: 180° │ RT: 301.79ms │ PO: 41.32ms │ Tot: 343.14ms │ Hit: 6% │ Bounces: 2.09
[141/400] │ Θ: 132° │ Φ: 0  ° │ RT: 323.88ms │ PO: 55.43ms │ Tot: 379.34ms │ Hit: 10% │ Bounces: 1.62
[142/400] │ Θ: 132° │ Φ: 9  ° │ RT: 326.64ms │ PO: 55.85ms │ Tot: 382.52ms │ Hit: 10% │ Bounces: 1.64
[143/400] │ Θ: 132° │ Φ: 18 ° │ RT: 316.52ms │ PO: 56.96ms │ Tot: 373.51ms │ Hit: 10% │ Bounces: 1.59
[144/400] │ Θ: 132° │ Φ: 28 ° │ RT: 330.41ms │ PO: 57.36ms │ Tot: 387.80ms │ Hit: 10% │ Bounces: 1.59
[145/400] │ Θ: 132° │ Φ: 37 ° │ RT: 326.54ms │ PO: 63.61ms │ Tot: 390.18ms │ Hit: 11% │ Bounces: 1.60
[146/400] │ Θ: 132° │ Φ: 47 ° │ RT: 326.15ms │ PO: 58.99ms │ Tot: 385.17ms │ Hit: 11% │ Bounces: 1.62
[147/400] │ Θ: 132° │ Φ: 56 ° │ RT: 324.53ms │ PO: 59.31ms │ Tot: 383.87ms │ Hit: 11% │ Bounces: 1.60
[148/400] │ Θ: 132° │ Φ: 66 ° │ RT: 285.91ms │ PO: 59.44ms │ Tot: 345.38ms │ Hit: 11% │ Bounces: 1.54
[149/400] │ Θ: 132° │ Φ: 75 ° │ RT: 278.96ms │ PO: 59.35ms │ Tot: 338.35ms │ Hit: 11% │ Bounces: 1.53
[150/400] │ Θ: 132° │ Φ: 85 ° │ RT: 289.26ms │ PO: 59.02ms │ Tot: 348.31ms │ Hit: 11% │ Bounces: 1.54
[151/400] │ Θ: 132° │ Φ: 94 ° │ RT: 278.68ms │ PO: 58.82ms │ Tot: 337.53ms │ Hit: 11% │ Bounces: 1.53
[152/400] │ Θ: 132° │ Φ: 104° │ RT: 269.86ms │ PO: 59.07ms │ Tot: 328.96ms │ Hit: 11% │ Bounces: 1.49
[153/400] │ Θ: 132° │ Φ: 113° │ RT: 301.43ms │ PO: 59.59ms │ Tot: 361.06ms │ Hit: 11% │ Bounces: 1.53
[154/400] │ Θ: 132° │ Φ: 123° │ RT: 317.54ms │ PO: 59.95ms │ Tot: 377.52ms │ Hit: 11% │ Bounces: 1.58
[155/400] │ Θ: 132° │ Φ: 132° │ RT: 353.94ms │ PO: 59.14ms │ Tot: 413.11ms │ Hit: 11% │ Bounces: 1.70
[156/400] │ Θ: 132° │ Φ: 142° │ RT: 346.01ms │ PO: 58.77ms │ Tot: 404.82ms │ Hit: 11% │ Bounces: 1.70
[157/400] │ Θ: 132° │ Φ: 151° │ RT: 367.93ms │ PO: 58.86ms │ Tot: 426.82ms │ Hit: 10% │ Bounces: 1.75
[158/400] │ Θ: 132° │ Φ: 161° │ RT: 370.19ms │ PO: 57.96ms │ Tot: 428.18ms │ Hit: 10% │ Bounces: 1.80
[159/400] │ Θ: 132° │ Φ: 170° │ RT: 341.03ms │ PO: 57.68ms │ Tot: 398.74ms │ Hit: 10% │ Bounces: 1.73
[160/400] │ Θ: 132° │ Φ: 180° │ RT: 361.86ms │ PO: 60.84ms │ Tot: 422.73ms │ Hit: 10% │ Bounces: 1.77
[161/400] │ Θ: 151° │ Φ: 0  ° │ RT: 300.04ms │ PO: 67.24ms │ Tot: 367.31ms │ Hit: 13% │ Bounces: 1.42
[162/400] │ Θ: 151° │ Φ: 9  ° │ RT: 300.21ms │ PO: 67.45ms │ Tot: 367.70ms │ Hit: 13% │ Bounces: 1.39
[163/400] │ Θ: 151° │ Φ: 18 ° │ RT: 306.20ms │ PO: 68.11ms │ Tot: 374.33ms │ Hit: 13% │ Bounces: 1.41
[164/400] │ Θ: 151° │ Φ: 28 ° │ RT: 325.61ms │ PO: 68.54ms │ Tot: 394.18ms │ Hit: 13% │ Bounces: 1.44
[165/400] │ Θ: 151° │ Φ: 37 ° │ RT: 299.48ms │ PO: 67.88ms │ Tot: 367.39ms │ Hit: 13% │ Bounces: 1.37
[166/400] │ Θ: 151° │ Φ: 47 ° │ RT: 323.58ms │ PO: 72.48ms │ Tot: 396.09ms │ Hit: 13% │ Bounces: 1.43
[167/400] │ Θ: 151° │ Φ: 56 ° │ RT: 317.57ms │ PO: 69.01ms │ Tot: 386.62ms │ Hit: 13% │ Bounces: 1.47
[168/400] │ Θ: 151° │ Φ: 66 ° │ RT: 317.86ms │ PO: 69.52ms │ Tot: 387.42ms │ Hit: 13% │ Bounces: 1.45
[169/400] │ Θ: 151° │ Φ: 75 ° │ RT: 285.97ms │ PO: 68.47ms │ Tot: 354.47ms │ Hit: 13% │ Bounces: 1.39
[170/400] │ Θ: 151° │ Φ: 85 ° │ RT: 285.52ms │ PO: 68.87ms │ Tot: 354.42ms │ Hit: 13% │ Bounces: 1.37
[171/400] │ Θ: 151° │ Φ: 94 ° │ RT: 314.50ms │ PO: 68.59ms │ Tot: 383.12ms │ Hit: 13% │ Bounces: 1.42
[172/400] │ Θ: 151° │ Φ: 104° │ RT: 308.77ms │ PO: 68.49ms │ Tot: 377.29ms │ Hit: 13% │ Bounces: 1.44
[173/400] │ Θ: 151° │ Φ: 113° │ RT: 324.26ms │ PO: 69.34ms │ Tot: 393.64ms │ Hit: 13% │ Bounces: 1.47
[174/400] │ Θ: 151° │ Φ: 123° │ RT: 344.15ms │ PO: 69.32ms │ Tot: 413.51ms │ Hit: 13% │ Bounces: 1.50
[175/400] │ Θ: 151° │ Φ: 132° │ RT: 368.94ms │ PO: 69.39ms │ Tot: 438.36ms │ Hit: 13% │ Bounces: 1.55
[176/400] │ Θ: 151° │ Φ: 142° │ RT: 356.98ms │ PO: 68.69ms │ Tot: 425.70ms │ Hit: 13% │ Bounces: 1.51
[177/400] │ Θ: 151° │ Φ: 151° │ RT: 345.39ms │ PO: 68.67ms │ Tot: 414.09ms │ Hit: 13% │ Bounces: 1.51
[178/400] │ Θ: 151° │ Φ: 161° │ RT: 350.07ms │ PO: 68.69ms │ Tot: 418.79ms │ Hit: 13% │ Bounces: 1.51
[179/400] │ Θ: 151° │ Φ: 170° │ RT: 363.74ms │ PO: 67.84ms │ Tot: 431.61ms │ Hit: 13% │ Bounces: 1.57
[180/400] │ Θ: 151° │ Φ: 180° │ RT: 379.03ms │ PO: 67.67ms │ Tot: 446.73ms │ Hit: 13% │ Bounces: 1.61
[181/400] │ Θ: 170° │ Φ: 0  ° │ RT: 303.33ms │ PO: 73.21ms │ Tot: 376.57ms │ Hit: 14% │ Bounces: 1.34
[182/400] │ Θ: 170° │ Φ: 9  ° │ RT: 307.99ms │ PO: 73.53ms │ Tot: 381.56ms │ Hit: 14% │ Bounces: 1.37
[183/400] │ Θ: 170° │ Φ: 18 ° │ RT: 283.54ms │ PO: 73.47ms │ Tot: 357.04ms │ Hit: 14% │ Bounces: 1.33
[184/400] │ Θ: 170° │ Φ: 28 ° │ RT: 297.25ms │ PO: 74.10ms │ Tot: 371.38ms │ Hit: 14% │ Bounces: 1.33
[185/400] │ Θ: 170° │ Φ: 37 ° │ RT: 296.44ms │ PO: 74.57ms │ Tot: 371.04ms │ Hit: 14% │ Bounces: 1.38
[186/400] │ Θ: 170° │ Φ: 47 ° │ RT: 286.62ms │ PO: 73.43ms │ Tot: 360.09ms │ Hit: 14% │ Bounces: 1.30
[187/400] │ Θ: 170° │ Φ: 56 ° │ RT: 298.80ms │ PO: 73.65ms │ Tot: 372.48ms │ Hit: 14% │ Bounces: 1.35
[188/400] │ Θ: 170° │ Φ: 66 ° │ RT: 304.51ms │ PO: 73.83ms │ Tot: 378.37ms │ Hit: 14% │ Bounces: 1.35
[189/400] │ Θ: 170° │ Φ: 75 ° │ RT: 294.92ms │ PO: 73.84ms │ Tot: 368.80ms │ Hit: 14% │ Bounces: 1.33
[190/400] │ Θ: 170° │ Φ: 85 ° │ RT: 270.90ms │ PO: 73.84ms │ Tot: 344.77ms │ Hit: 14% │ Bounces: 1.31
[191/400] │ Θ: 170° │ Φ: 94 ° │ RT: 267.91ms │ PO: 73.86ms │ Tot: 341.80ms │ Hit: 14% │ Bounces: 1.29
[192/400] │ Θ: 170° │ Φ: 104° │ RT: 295.22ms │ PO: 73.75ms │ Tot: 369.01ms │ Hit: 14% │ Bounces: 1.33
[193/400] │ Θ: 170° │ Φ: 113° │ RT: 300.29ms │ PO: 73.72ms │ Tot: 374.05ms │ Hit: 14% │ Bounces: 1.33
[194/400] │ Θ: 170° │ Φ: 123° │ RT: 314.65ms │ PO: 73.62ms │ Tot: 388.30ms │ Hit: 14% │ Bounces: 1.37
[195/400] │ Θ: 170° │ Φ: 132° │ RT: 331.37ms │ PO: 73.62ms │ Tot: 405.03ms │ Hit: 14% │ Bounces: 1.42
[196/400] │ Θ: 170° │ Φ: 142° │ RT: 333.75ms │ PO: 74.19ms │ Tot: 407.97ms │ Hit: 14% │ Bounces: 1.42
[197/400] │ Θ: 170° │ Φ: 151° │ RT: 333.52ms │ PO: 74.41ms │ Tot: 407.96ms │ Hit: 14% │ Bounces: 1.41
[198/400] │ Θ: 170° │ Φ: 161° │ RT: 319.26ms │ PO: 74.06ms │ Tot: 393.36ms │ Hit: 14% │ Bounces: 1.37
[199/400] │ Θ: 170° │ Φ: 170° │ RT: 312.43ms │ PO: 74.15ms │ Tot: 386.62ms │ Hit: 14% │ Bounces: 1.37
[200/400] │ Θ: 170° │ Φ: 180° │ RT: 305.32ms │ PO: 73.25ms │ Tot: 378.60ms │ Hit: 14% │ Bounces: 1.36
[201/400] │ Θ: 189° │ Φ: 0  ° │ RT: 314.02ms │ PO: 74.47ms │ Tot: 388.52ms │ Hit: 14% │ Bounces: 1.36
[202/400] │ Θ: 189° │ Φ: 9  ° │ RT: 336.06ms │ PO: 74.20ms │ Tot: 410.29ms │ Hit: 14% │ Bounces: 1.40
[203/400] │ Θ: 189° │ Φ: 18 ° │ RT: 319.22ms │ PO: 78.87ms │ Tot: 398.12ms │ Hit: 14% │ Bounces: 1.42
[204/400] │ Θ: 189° │ Φ: 28 ° │ RT: 346.48ms │ PO: 73.69ms │ Tot: 420.21ms │ Hit: 14% │ Bounces: 1.38
[205/400] │ Θ: 189° │ Φ: 37 ° │ RT: 304.50ms │ PO: 73.64ms │ Tot: 378.17ms │ Hit: 14% │ Bounces: 1.36
[206/400] │ Θ: 189° │ Φ: 47 ° │ RT: 305.33ms │ PO: 73.77ms │ Tot: 379.13ms │ Hit: 14% │ Bounces: 1.35
[207/400] │ Θ: 189° │ Φ: 56 ° │ RT: 320.82ms │ PO: 74.48ms │ Tot: 395.34ms │ Hit: 14% │ Bounces: 1.41
[208/400] │ Θ: 189° │ Φ: 66 ° │ RT: 309.49ms │ PO: 74.24ms │ Tot: 383.76ms │ Hit: 14% │ Bounces: 1.36
[209/400] │ Θ: 189° │ Φ: 75 ° │ RT: 303.56ms │ PO: 74.43ms │ Tot: 378.03ms │ Hit: 14% │ Bounces: 1.35
[210/400] │ Θ: 189° │ Φ: 85 ° │ RT: 275.48ms │ PO: 73.75ms │ Tot: 349.26ms │ Hit: 14% │ Bounces: 1.29
[211/400] │ Θ: 189° │ Φ: 94 ° │ RT: 315.95ms │ PO: 74.27ms │ Tot: 390.25ms │ Hit: 14% │ Bounces: 1.40
[212/400] │ Θ: 189° │ Φ: 104° │ RT: 336.38ms │ PO: 74.01ms │ Tot: 410.42ms │ Hit: 14% │ Bounces: 1.43
[213/400] │ Θ: 189° │ Φ: 113° │ RT: 318.49ms │ PO: 73.88ms │ Tot: 392.40ms │ Hit: 14% │ Bounces: 1.38
[214/400] │ Θ: 189° │ Φ: 123° │ RT: 290.66ms │ PO: 73.54ms │ Tot: 364.24ms │ Hit: 14% │ Bounces: 1.34
[215/400] │ Θ: 189° │ Φ: 132° │ RT: 298.99ms │ PO: 73.87ms │ Tot: 372.90ms │ Hit: 14% │ Bounces: 1.36
[216/400] │ Θ: 189° │ Φ: 142° │ RT: 315.98ms │ PO: 73.43ms │ Tot: 389.44ms │ Hit: 14% │ Bounces: 1.38
[217/400] │ Θ: 189° │ Φ: 151° │ RT: 289.77ms │ PO: 73.99ms │ Tot: 363.80ms │ Hit: 14% │ Bounces: 1.32
[218/400] │ Θ: 189° │ Φ: 161° │ RT: 303.46ms │ PO: 74.17ms │ Tot: 377.66ms │ Hit: 14% │ Bounces: 1.37
[219/400] │ Θ: 189° │ Φ: 170° │ RT: 298.82ms │ PO: 79.68ms │ Tot: 378.54ms │ Hit: 14% │ Bounces: 1.33
[220/400] │ Θ: 189° │ Φ: 180° │ RT: 295.01ms │ PO: 73.80ms │ Tot: 368.84ms │ Hit: 14% │ Bounces: 1.34
[221/400] │ Θ: 208° │ Φ: 0  ° │ RT: 370.25ms │ PO: 67.83ms │ Tot: 438.11ms │ Hit: 13% │ Bounces: 1.62
[222/400] │ Θ: 208° │ Φ: 9  ° │ RT: 403.60ms │ PO: 68.22ms │ Tot: 471.86ms │ Hit: 13% │ Bounces: 1.65
[223/400] │ Θ: 208° │ Φ: 18 ° │ RT: 344.65ms │ PO: 68.24ms │ Tot: 412.93ms │ Hit: 13% │ Bounces: 1.52
[224/400] │ Θ: 208° │ Φ: 28 ° │ RT: 356.34ms │ PO: 68.46ms │ Tot: 424.83ms │ Hit: 13% │ Bounces: 1.52
[225/400] │ Θ: 208° │ Φ: 37 ° │ RT: 346.02ms │ PO: 69.27ms │ Tot: 415.32ms │ Hit: 13% │ Bounces: 1.50
[226/400] │ Θ: 208° │ Φ: 47 ° │ RT: 364.85ms │ PO: 68.93ms │ Tot: 433.81ms │ Hit: 13% │ Bounces: 1.54
[227/400] │ Θ: 208° │ Φ: 56 ° │ RT: 333.72ms │ PO: 68.88ms │ Tot: 402.63ms │ Hit: 13% │ Bounces: 1.47
[228/400] │ Θ: 208° │ Φ: 66 ° │ RT: 318.58ms │ PO: 68.77ms │ Tot: 387.39ms │ Hit: 13% │ Bounces: 1.43
[229/400] │ Θ: 208° │ Φ: 75 ° │ RT: 315.03ms │ PO: 68.77ms │ Tot: 383.83ms │ Hit: 13% │ Bounces: 1.43
[230/400] │ Θ: 208° │ Φ: 85 ° │ RT: 320.33ms │ PO: 71.30ms │ Tot: 391.67ms │ Hit: 13% │ Bounces: 1.45
[231/400] │ Θ: 208° │ Φ: 94 ° │ RT: 303.51ms │ PO: 69.14ms │ Tot: 372.67ms │ Hit: 13% │ Bounces: 1.40
[232/400] │ Θ: 208° │ Φ: 104° │ RT: 296.42ms │ PO: 68.36ms │ Tot: 364.81ms │ Hit: 13% │ Bounces: 1.37
[233/400] │ Θ: 208° │ Φ: 113° │ RT: 317.10ms │ PO: 73.32ms │ Tot: 390.45ms │ Hit: 13% │ Bounces: 1.40
[234/400] │ Θ: 208° │ Φ: 123° │ RT: 318.92ms │ PO: 69.86ms │ Tot: 388.82ms │ Hit: 13% │ Bounces: 1.43
[235/400] │ Θ: 208° │ Φ: 132° │ RT: 325.22ms │ PO: 68.04ms │ Tot: 393.29ms │ Hit: 13% │ Bounces: 1.42
[236/400] │ Θ: 208° │ Φ: 142° │ RT: 295.88ms │ PO: 67.96ms │ Tot: 363.87ms │ Hit: 13% │ Bounces: 1.38
[237/400] │ Θ: 208° │ Φ: 151° │ RT: 319.57ms │ PO: 67.80ms │ Tot: 387.39ms │ Hit: 13% │ Bounces: 1.43
[238/400] │ Θ: 208° │ Φ: 161° │ RT: 333.55ms │ PO: 67.45ms │ Tot: 401.03ms │ Hit: 13% │ Bounces: 1.46
[239/400] │ Θ: 208° │ Φ: 170° │ RT: 297.84ms │ PO: 73.97ms │ Tot: 371.84ms │ Hit: 13% │ Bounces: 1.36
[240/400] │ Θ: 208° │ Φ: 180° │ RT: 294.04ms │ PO: 67.05ms │ Tot: 361.12ms │ Hit: 13% │ Bounces: 1.38
[241/400] │ Θ: 227° │ Φ: 0  ° │ RT: 354.80ms │ PO: 56.42ms │ Tot: 411.26ms │ Hit: 10% │ Bounces: 1.78
[242/400] │ Θ: 227° │ Φ: 9  ° │ RT: 343.60ms │ PO: 57.69ms │ Tot: 401.32ms │ Hit: 10% │ Bounces: 1.74
[243/400] │ Θ: 227° │ Φ: 18 ° │ RT: 358.25ms │ PO: 58.02ms │ Tot: 416.30ms │ Hit: 10% │ Bounces: 1.77
[244/400] │ Θ: 227° │ Φ: 28 ° │ RT: 365.52ms │ PO: 58.74ms │ Tot: 424.29ms │ Hit: 10% │ Bounces: 1.75
[245/400] │ Θ: 227° │ Φ: 37 ° │ RT: 333.50ms │ PO: 61.93ms │ Tot: 395.47ms │ Hit: 11% │ Bounces: 1.66
[246/400] │ Θ: 227° │ Φ: 47 ° │ RT: 340.39ms │ PO: 61.37ms │ Tot: 401.79ms │ Hit: 11% │ Bounces: 1.67
[247/400] │ Θ: 227° │ Φ: 56 ° │ RT: 326.63ms │ PO: 59.30ms │ Tot: 385.96ms │ Hit: 11% │ Bounces: 1.58
[248/400] │ Θ: 227° │ Φ: 66 ° │ RT: 312.29ms │ PO: 59.11ms │ Tot: 371.44ms │ Hit: 11% │ Bounces: 1.55
[249/400] │ Θ: 227° │ Φ: 75 ° │ RT: 294.60ms │ PO: 58.85ms │ Tot: 353.49ms │ Hit: 11% │ Bounces: 1.53
[250/400] │ Θ: 227° │ Φ: 85 ° │ RT: 289.39ms │ PO: 58.79ms │ Tot: 348.21ms │ Hit: 11% │ Bounces: 1.54
[251/400] │ Θ: 227° │ Φ: 94 ° │ RT: 288.82ms │ PO: 59.60ms │ Tot: 348.46ms │ Hit: 11% │ Bounces: 1.49
[252/400] │ Θ: 227° │ Φ: 104° │ RT: 300.37ms │ PO: 59.47ms │ Tot: 359.88ms │ Hit: 11% │ Bounces: 1.53
[253/400] │ Θ: 227° │ Φ: 113° │ RT: 314.61ms │ PO: 59.46ms │ Tot: 374.10ms │ Hit: 11% │ Bounces: 1.54
[254/400] │ Θ: 227° │ Φ: 123° │ RT: 318.93ms │ PO: 59.91ms │ Tot: 378.88ms │ Hit: 11% │ Bounces: 1.53
[255/400] │ Θ: 227° │ Φ: 132° │ RT: 307.44ms │ PO: 59.29ms │ Tot: 366.76ms │ Hit: 11% │ Bounces: 1.52
[256/400] │ Θ: 227° │ Φ: 142° │ RT: 326.15ms │ PO: 62.60ms │ Tot: 388.79ms │ Hit: 11% │ Bounces: 1.56
[257/400] │ Θ: 227° │ Φ: 151° │ RT: 336.34ms │ PO: 57.27ms │ Tot: 393.64ms │ Hit: 10% │ Bounces: 1.60
[258/400] │ Θ: 227° │ Φ: 161° │ RT: 310.18ms │ PO: 57.15ms │ Tot: 367.37ms │ Hit: 10% │ Bounces: 1.53
[259/400] │ Θ: 227° │ Φ: 170° │ RT: 326.49ms │ PO: 55.68ms │ Tot: 382.20ms │ Hit: 10% │ Bounces: 1.62
[260/400] │ Θ: 227° │ Φ: 180° │ RT: 298.82ms │ PO: 55.36ms │ Tot: 354.22ms │ Hit: 10% │ Bounces: 1.56
[261/400] │ Θ: 246° │ Φ: 0  ° │ RT: 286.52ms │ PO: 41.13ms │ Tot: 327.68ms │ Hit: 6% │ Bounces: 2.02
[262/400] │ Θ: 246° │ Φ: 9  ° │ RT: 318.94ms │ PO: 42.41ms │ Tot: 361.60ms │ Hit: 6% │ Bounces: 2.07
[263/400] │ Θ: 246° │ Φ: 18 ° │ RT: 320.75ms │ PO: 43.42ms │ Tot: 364.21ms │ Hit: 7% │ Bounces: 2.07
[264/400] │ Θ: 246° │ Φ: 28 ° │ RT: 334.86ms │ PO: 45.58ms │ Tot: 380.48ms │ Hit: 7% │ Bounces: 2.06
[265/400] │ Θ: 246° │ Φ: 37 ° │ RT: 313.18ms │ PO: 46.85ms │ Tot: 360.06ms │ Hit: 8% │ Bounces: 1.91
[266/400] │ Θ: 246° │ Φ: 47 ° │ RT: 299.52ms │ PO: 47.15ms │ Tot: 346.69ms │ Hit: 8% │ Bounces: 1.83
[267/400] │ Θ: 246° │ Φ: 56 ° │ RT: 281.56ms │ PO: 51.42ms │ Tot: 333.01ms │ Hit: 8% │ Bounces: 1.73
[268/400] │ Θ: 246° │ Φ: 66 ° │ RT: 253.50ms │ PO: 52.56ms │ Tot: 306.09ms │ Hit: 9% │ Bounces: 1.61
[269/400] │ Θ: 246° │ Φ: 75 ° │ RT: 228.68ms │ PO: 46.74ms │ Tot: 275.46ms │ Hit: 9% │ Bounces: 1.58
[270/400] │ Θ: 246° │ Φ: 85 ° │ RT: 212.60ms │ PO: 46.73ms │ Tot: 259.36ms │ Hit: 9% │ Bounces: 1.55
[271/400] │ Θ: 246° │ Φ: 94 ° │ RT: 215.95ms │ PO: 46.93ms │ Tot: 262.91ms │ Hit: 9% │ Bounces: 1.54
[272/400] │ Θ: 246° │ Φ: 104° │ RT: 233.48ms │ PO: 54.25ms │ Tot: 287.76ms │ Hit: 9% │ Bounces: 1.61
[273/400] │ Θ: 246° │ Φ: 113° │ RT: 246.42ms │ PO: 48.13ms │ Tot: 294.59ms │ Hit: 9% │ Bounces: 1.63
[274/400] │ Θ: 246° │ Φ: 123° │ RT: 255.28ms │ PO: 47.95ms │ Tot: 303.27ms │ Hit: 8% │ Bounces: 1.69
[275/400] │ Θ: 246° │ Φ: 132° │ RT: 259.55ms │ PO: 46.12ms │ Tot: 305.70ms │ Hit: 8% │ Bounces: 1.71
[276/400] │ Θ: 246° │ Φ: 142° │ RT: 278.70ms │ PO: 43.90ms │ Tot: 322.64ms │ Hit: 7% │ Bounces: 1.72
[277/400] │ Θ: 246° │ Φ: 151° │ RT: 272.37ms │ PO: 43.89ms │ Tot: 316.30ms │ Hit: 7% │ Bounces: 1.76
[278/400] │ Θ: 246° │ Φ: 161° │ RT: 263.04ms │ PO: 41.11ms │ Tot: 304.17ms │ Hit: 6% │ Bounces: 1.72
[279/400] │ Θ: 246° │ Φ: 170° │ RT: 249.59ms │ PO: 40.47ms │ Tot: 290.09ms │ Hit: 6% │ Bounces: 1.68
[280/400] │ Θ: 246° │ Φ: 180° │ RT: 256.91ms │ PO: 40.24ms │ Tot: 297.18ms │ Hit: 6% │ Bounces: 1.77
[281/400] │ Θ: 265° │ Φ: 0  ° │ RT: 209.93ms │ PO: 25.95ms │ Tot: 235.91ms │ Hit: 2% │ Bounces: 2.75
[282/400] │ Θ: 265° │ Φ: 9  ° │ RT: 221.35ms │ PO: 27.65ms │ Tot: 249.03ms │ Hit: 3% │ Bounces: 2.60
[283/400] │ Θ: 265° │ Φ: 18 ° │ RT: 214.29ms │ PO: 30.29ms │ Tot: 244.62ms │ Hit: 4% │ Bounces: 2.19
[284/400] │ Θ: 265° │ Φ: 28 ° │ RT: 227.90ms │ PO: 32.26ms │ Tot: 260.19ms │ Hit: 4% │ Bounces: 2.04
[285/400] │ Θ: 265° │ Φ: 37 ° │ RT: 221.65ms │ PO: 33.33ms │ Tot: 255.01ms │ Hit: 5% │ Bounces: 1.86
[286/400] │ Θ: 265° │ Φ: 47 ° │ RT: 201.67ms │ PO: 35.31ms │ Tot: 237.01ms │ Hit: 5% │ Bounces: 1.71
[287/400] │ Θ: 265° │ Φ: 56 ° │ RT: 178.06ms │ PO: 36.30ms │ Tot: 214.39ms │ Hit: 6% │ Bounces: 1.53
[288/400] │ Θ: 265° │ Φ: 66 ° │ RT: 156.83ms │ PO: 37.19ms │ Tot: 194.05ms │ Hit: 6% │ Bounces: 1.39
[289/400] │ Θ: 265° │ Φ: 75 ° │ RT: 140.11ms │ PO: 37.76ms │ Tot: 177.91ms │ Hit: 6% │ Bounces: 1.31
[290/400] │ Θ: 265° │ Φ: 85 ° │ RT: 129.21ms │ PO: 38.60ms │ Tot: 167.84ms │ Hit: 6% │ Bounces: 1.26
[291/400] │ Θ: 265° │ Φ: 94 ° │ RT: 130.64ms │ PO: 38.52ms │ Tot: 169.20ms │ Hit: 6% │ Bounces: 1.26
[292/400] │ Θ: 265° │ Φ: 104° │ RT: 151.15ms │ PO: 37.46ms │ Tot: 188.64ms │ Hit: 6% │ Bounces: 1.34
[293/400] │ Θ: 265° │ Φ: 113° │ RT: 151.61ms │ PO: 36.67ms │ Tot: 188.30ms │ Hit: 6% │ Bounces: 1.40
[294/400] │ Θ: 265° │ Φ: 123° │ RT: 152.44ms │ PO: 34.99ms │ Tot: 187.45ms │ Hit: 5% │ Bounces: 1.51
[295/400] │ Θ: 265° │ Φ: 132° │ RT: 170.40ms │ PO: 32.24ms │ Tot: 202.67ms │ Hit: 5% │ Bounces: 1.66
[296/400] │ Θ: 265° │ Φ: 142° │ RT: 196.87ms │ PO: 30.83ms │ Tot: 227.73ms │ Hit: 4% │ Bounces: 1.81
[297/400] │ Θ: 265° │ Φ: 151° │ RT: 201.37ms │ PO: 29.58ms │ Tot: 230.98ms │ Hit: 4% │ Bounces: 1.97
[298/400] │ Θ: 265° │ Φ: 161° │ RT: 201.97ms │ PO: 27.76ms │ Tot: 229.77ms │ Hit: 3% │ Bounces: 2.02
[299/400] │ Θ: 265° │ Φ: 170° │ RT: 197.09ms │ PO: 25.79ms │ Tot: 222.92ms │ Hit: 3% │ Bounces: 2.14
[300/400] │ Θ: 265° │ Φ: 180° │ RT: 195.48ms │ PO: 24.55ms │ Tot: 220.06ms │ Hit: 2% │ Bounces: 2.30
[301/400] │ Θ: 284° │ Φ: 0  ° │ RT: 148.33ms │ PO: 31.97ms │ Tot: 180.32ms │ Hit: 4% │ Bounces: 1.41
[302/400] │ Θ: 284° │ Φ: 9  ° │ RT: 170.25ms │ PO: 32.81ms │ Tot: 203.09ms │ Hit: 4% │ Bounces: 1.43
[303/400] │ Θ: 284° │ Φ: 18 ° │ RT: 167.90ms │ PO: 34.41ms │ Tot: 202.34ms │ Hit: 5% │ Bounces: 1.47
[304/400] │ Θ: 284° │ Φ: 28 ° │ RT: 165.04ms │ PO: 35.48ms │ Tot: 200.55ms │ Hit: 5% │ Bounces: 1.43
[305/400] │ Θ: 284° │ Φ: 37 ° │ RT: 155.76ms │ PO: 36.35ms │ Tot: 192.14ms │ Hit: 5% │ Bounces: 1.39
[306/400] │ Θ: 284° │ Φ: 47 ° │ RT: 156.75ms │ PO: 38.47ms │ Tot: 195.25ms │ Hit: 6% │ Bounces: 1.35
[307/400] │ Θ: 284° │ Φ: 56 ° │ RT: 173.61ms │ PO: 39.50ms │ Tot: 213.14ms │ Hit: 6% │ Bounces: 1.36
[308/400] │ Θ: 284° │ Φ: 66 ° │ RT: 157.73ms │ PO: 41.32ms │ Tot: 199.08ms │ Hit: 7% │ Bounces: 1.29
[309/400] │ Θ: 284° │ Φ: 75 ° │ RT: 155.52ms │ PO: 43.33ms │ Tot: 198.88ms │ Hit: 7% │ Bounces: 1.29
[310/400] │ Θ: 284° │ Φ: 85 ° │ RT: 140.67ms │ PO: 44.92ms │ Tot: 185.63ms │ Hit: 8% │ Bounces: 1.25
[311/400] │ Θ: 284° │ Φ: 94 ° │ RT: 125.81ms │ PO: 40.39ms │ Tot: 166.23ms │ Hit: 8% │ Bounces: 1.25
[312/400] │ Θ: 284° │ Φ: 104° │ RT: 162.78ms │ PO: 41.69ms │ Tot: 204.50ms │ Hit: 7% │ Bounces: 1.35
[313/400] │ Θ: 284° │ Φ: 113° │ RT: 162.00ms │ PO: 42.17ms │ Tot: 204.21ms │ Hit: 7% │ Bounces: 1.36
[314/400] │ Θ: 284° │ Φ: 123° │ RT: 185.37ms │ PO: 41.50ms │ Tot: 226.90ms │ Hit: 7% │ Bounces: 1.42
[315/400] │ Θ: 284° │ Φ: 132° │ RT: 204.01ms │ PO: 41.36ms │ Tot: 245.41ms │ Hit: 7% │ Bounces: 1.50
[316/400] │ Θ: 284° │ Φ: 142° │ RT: 210.73ms │ PO: 39.49ms │ Tot: 250.25ms │ Hit: 6% │ Bounces: 1.54
[317/400] │ Θ: 284° │ Φ: 151° │ RT: 230.09ms │ PO: 40.41ms │ Tot: 270.53ms │ Hit: 6% │ Bounces: 1.66
[318/400] │ Θ: 284° │ Φ: 161° │ RT: 253.85ms │ PO: 36.38ms │ Tot: 290.26ms │ Hit: 5% │ Bounces: 1.83
[319/400] │ Θ: 284° │ Φ: 170° │ RT: 239.71ms │ PO: 35.27ms │ Tot: 275.00ms │ Hit: 4% │ Bounces: 1.82
[320/400] │ Θ: 284° │ Φ: 180° │ RT: 221.98ms │ PO: 33.39ms │ Tot: 255.40ms │ Hit: 4% │ Bounces: 1.84
[321/400] │ Θ: 303° │ Φ: 0  ° │ RT: 180.93ms │ PO: 47.87ms │ Tot: 228.83ms │ Hit: 8% │ Bounces: 1.20
[322/400] │ Θ: 303° │ Φ: 9  ° │ RT: 190.24ms │ PO: 48.72ms │ Tot: 239.00ms │ Hit: 8% │ Bounces: 1.23
[323/400] │ Θ: 303° │ Φ: 18 ° │ RT: 197.73ms │ PO: 49.24ms │ Tot: 247.00ms │ Hit: 8% │ Bounces: 1.24
[324/400] │ Θ: 303° │ Φ: 28 ° │ RT: 217.13ms │ PO: 50.63ms │ Tot: 267.80ms │ Hit: 9% │ Bounces: 1.25
[325/400] │ Θ: 303° │ Φ: 37 ° │ RT: 202.28ms │ PO: 52.21ms │ Tot: 254.52ms │ Hit: 9% │ Bounces: 1.28
[326/400] │ Θ: 303° │ Φ: 47 ° │ RT: 201.90ms │ PO: 52.80ms │ Tot: 254.74ms │ Hit: 10% │ Bounces: 1.27
[327/400] │ Θ: 303° │ Φ: 56 ° │ RT: 205.94ms │ PO: 53.74ms │ Tot: 259.71ms │ Hit: 10% │ Bounces: 1.32
[328/400] │ Θ: 303° │ Φ: 66 ° │ RT: 209.81ms │ PO: 54.06ms │ Tot: 263.90ms │ Hit: 10% │ Bounces: 1.33
[329/400] │ Θ: 303° │ Φ: 75 ° │ RT: 206.67ms │ PO: 54.42ms │ Tot: 261.12ms │ Hit: 10% │ Bounces: 1.34
[330/400] │ Θ: 303° │ Φ: 85 ° │ RT: 185.96ms │ PO: 53.93ms │ Tot: 239.92ms │ Hit: 10% │ Bounces: 1.31
[331/400] │ Θ: 303° │ Φ: 94 ° │ RT: 199.16ms │ PO: 53.56ms │ Tot: 252.75ms │ Hit: 10% │ Bounces: 1.35
[332/400] │ Θ: 303° │ Φ: 104° │ RT: 216.76ms │ PO: 53.69ms │ Tot: 270.49ms │ Hit: 10% │ Bounces: 1.37
[333/400] │ Θ: 303° │ Φ: 113° │ RT: 233.28ms │ PO: 53.66ms │ Tot: 286.97ms │ Hit: 10% │ Bounces: 1.43
[334/400] │ Θ: 303° │ Φ: 123° │ RT: 251.27ms │ PO: 53.46ms │ Tot: 304.76ms │ Hit: 10% │ Bounces: 1.45
[335/400] │ Θ: 303° │ Φ: 132° │ RT: 259.37ms │ PO: 53.45ms │ Tot: 312.86ms │ Hit: 10% │ Bounces: 1.47
[336/400] │ Θ: 303° │ Φ: 142° │ RT: 274.08ms │ PO: 53.25ms │ Tot: 327.37ms │ Hit: 9% │ Bounces: 1.53
[337/400] │ Θ: 303° │ Φ: 151° │ RT: 288.93ms │ PO: 51.75ms │ Tot: 340.71ms │ Hit: 9% │ Bounces: 1.59
[338/400] │ Θ: 303° │ Φ: 161° │ RT: 281.21ms │ PO: 50.69ms │ Tot: 331.94ms │ Hit: 9% │ Bounces: 1.55
[339/400] │ Θ: 303° │ Φ: 170° │ RT: 270.27ms │ PO: 49.96ms │ Tot: 320.26ms │ Hit: 8% │ Bounces: 1.57
[340/400] │ Θ: 303° │ Φ: 180° │ RT: 259.20ms │ PO: 49.29ms │ Tot: 308.52ms │ Hit: 8% │ Bounces: 1.55
[341/400] │ Θ: 322° │ Φ: 0  ° │ RT: 228.60ms │ PO: 62.03ms │ Tot: 290.66ms │ Hit: 11% │ Bounces: 1.21
[342/400] │ Θ: 322° │ Φ: 9  ° │ RT: 215.24ms │ PO: 65.92ms │ Tot: 281.20ms │ Hit: 11% │ Bounces: 1.21
[343/400] │ Θ: 322° │ Φ: 18 ° │ RT: 230.49ms │ PO: 62.42ms │ Tot: 292.94ms │ Hit: 11% │ Bounces: 1.24
[344/400] │ Θ: 322° │ Φ: 28 ° │ RT: 224.07ms │ PO: 62.90ms │ Tot: 287.00ms │ Hit: 12% │ Bounces: 1.24
[345/400] │ Θ: 322° │ Φ: 37 ° │ RT: 224.53ms │ PO: 63.74ms │ Tot: 288.30ms │ Hit: 12% │ Bounces: 1.26
[346/400] │ Θ: 322° │ Φ: 47 ° │ RT: 247.30ms │ PO: 64.43ms │ Tot: 311.76ms │ Hit: 12% │ Bounces: 1.30
[347/400] │ Θ: 322° │ Φ: 56 ° │ RT: 231.55ms │ PO: 64.27ms │ Tot: 295.85ms │ Hit: 12% │ Bounces: 1.31
[348/400] │ Θ: 322° │ Φ: 66 ° │ RT: 241.58ms │ PO: 65.46ms │ Tot: 307.07ms │ Hit: 12% │ Bounces: 1.34
[349/400] │ Θ: 322° │ Φ: 75 ° │ RT: 255.76ms │ PO: 64.34ms │ Tot: 320.14ms │ Hit: 12% │ Bounces: 1.34
[350/400] │ Θ: 322° │ Φ: 85 ° │ RT: 255.20ms │ PO: 64.73ms │ Tot: 319.96ms │ Hit: 12% │ Bounces: 1.37
[351/400] │ Θ: 322° │ Φ: 94 ° │ RT: 228.34ms │ PO: 68.79ms │ Tot: 297.17ms │ Hit: 12% │ Bounces: 1.33
[352/400] │ Θ: 322° │ Φ: 104° │ RT: 250.73ms │ PO: 64.31ms │ Tot: 315.07ms │ Hit: 12% │ Bounces: 1.35
[353/400] │ Θ: 322° │ Φ: 113° │ RT: 245.38ms │ PO: 65.63ms │ Tot: 311.04ms │ Hit: 12% │ Bounces: 1.34
[354/400] │ Θ: 322° │ Φ: 123° │ RT: 261.73ms │ PO: 65.13ms │ Tot: 326.90ms │ Hit: 12% │ Bounces: 1.37
[355/400] │ Θ: 322° │ Φ: 132° │ RT: 294.90ms │ PO: 65.33ms │ Tot: 360.27ms │ Hit: 12% │ Bounces: 1.45
[356/400] │ Θ: 322° │ Φ: 142° │ RT: 285.54ms │ PO: 64.19ms │ Tot: 349.76ms │ Hit: 12% │ Bounces: 1.41
[357/400] │ Θ: 322° │ Φ: 151° │ RT: 278.85ms │ PO: 64.34ms │ Tot: 343.23ms │ Hit: 12% │ Bounces: 1.39
[358/400] │ Θ: 322° │ Φ: 161° │ RT: 293.84ms │ PO: 63.35ms │ Tot: 357.22ms │ Hit: 12% │ Bounces: 1.42
[359/400] │ Θ: 322° │ Φ: 170° │ RT: 280.74ms │ PO: 63.01ms │ Tot: 343.78ms │ Hit: 11% │ Bounces: 1.40
[360/400] │ Θ: 322° │ Φ: 180° │ RT: 281.59ms │ PO: 62.82ms │ Tot: 344.45ms │ Hit: 11% │ Bounces: 1.42
[361/400] │ Θ: 341° │ Φ: 0  ° │ RT: 232.08ms │ PO: 75.93ms │ Tot: 308.04ms │ Hit: 13% │ Bounces: 1.21
[362/400] │ Θ: 341° │ Φ: 9  ° │ RT: 227.29ms │ PO: 71.65ms │ Tot: 298.97ms │ Hit: 13% │ Bounces: 1.20
[363/400] │ Θ: 341° │ Φ: 18 ° │ RT: 231.39ms │ PO: 71.26ms │ Tot: 302.69ms │ Hit: 14% │ Bounces: 1.22
[364/400] │ Θ: 341° │ Φ: 28 ° │ RT: 230.79ms │ PO: 71.59ms │ Tot: 302.42ms │ Hit: 14% │ Bounces: 1.24
[365/400] │ Θ: 341° │ Φ: 37 ° │ RT: 257.24ms │ PO: 71.83ms │ Tot: 329.11ms │ Hit: 14% │ Bounces: 1.26
[366/400] │ Θ: 341° │ Φ: 47 ° │ RT: 244.44ms │ PO: 71.99ms │ Tot: 316.46ms │ Hit: 14% │ Bounces: 1.26
[367/400] │ Θ: 341° │ Φ: 56 ° │ RT: 244.39ms │ PO: 76.02ms │ Tot: 320.44ms │ Hit: 14% │ Bounces: 1.27
[368/400] │ Θ: 341° │ Φ: 66 ° │ RT: 239.42ms │ PO: 71.66ms │ Tot: 311.11ms │ Hit: 14% │ Bounces: 1.26
[369/400] │ Θ: 341° │ Φ: 75 ° │ RT: 233.67ms │ PO: 71.80ms │ Tot: 305.50ms │ Hit: 14% │ Bounces: 1.26
[370/400] │ Θ: 341° │ Φ: 85 ° │ RT: 239.94ms │ PO: 72.33ms │ Tot: 312.30ms │ Hit: 14% │ Bounces: 1.28
[371/400] │ Θ: 341° │ Φ: 94 ° │ RT: 246.33ms │ PO: 72.34ms │ Tot: 318.70ms │ Hit: 14% │ Bounces: 1.29
[372/400] │ Θ: 341° │ Φ: 104° │ RT: 248.25ms │ PO: 71.95ms │ Tot: 320.24ms │ Hit: 14% │ Bounces: 1.30
[373/400] │ Θ: 341° │ Φ: 113° │ RT: 243.83ms │ PO: 71.77ms │ Tot: 315.63ms │ Hit: 14% │ Bounces: 1.27
[374/400] │ Θ: 341° │ Φ: 123° │ RT: 260.10ms │ PO: 72.01ms │ Tot: 332.14ms │ Hit: 14% │ Bounces: 1.34
[375/400] │ Θ: 341° │ Φ: 132° │ RT: 263.73ms │ PO: 71.77ms │ Tot: 335.53ms │ Hit: 14% │ Bounces: 1.31
[376/400] │ Θ: 341° │ Φ: 142° │ RT: 277.24ms │ PO: 71.67ms │ Tot: 348.94ms │ Hit: 14% │ Bounces: 1.33
[377/400] │ Θ: 341° │ Φ: 151° │ RT: 277.97ms │ PO: 72.18ms │ Tot: 350.18ms │ Hit: 14% │ Bounces: 1.31
[378/400] │ Θ: 341° │ Φ: 161° │ RT: 285.48ms │ PO: 71.95ms │ Tot: 357.46ms │ Hit: 14% │ Bounces: 1.34
[379/400] │ Θ: 341° │ Φ: 170° │ RT: 312.39ms │ PO: 71.35ms │ Tot: 383.77ms │ Hit: 14% │ Bounces: 1.36
[380/400] │ Θ: 341° │ Φ: 180° │ RT: 270.81ms │ PO: 71.43ms │ Tot: 342.27ms │ Hit: 14% │ Bounces: 1.34
[381/400] │ Θ: 360° │ Φ: 0  ° │ RT: 211.49ms │ PO: 74.34ms │ Tot: 285.86ms │ Hit: 14% │ Bounces: 1.20
[382/400] │ Θ: 360° │ Φ: 9  ° │ RT: 215.90ms │ PO: 74.20ms │ Tot: 290.14ms │ Hit: 14% │ Bounces: 1.22
[383/400] │ Θ: 360° │ Φ: 18 ° │ RT: 216.86ms │ PO: 74.02ms │ Tot: 290.91ms │ Hit: 14% │ Bounces: 1.22
[384/400] │ Θ: 360° │ Φ: 28 ° │ RT: 207.47ms │ PO: 74.42ms │ Tot: 281.92ms │ Hit: 14% │ Bounces: 1.20
[385/400] │ Θ: 360° │ Φ: 37 ° │ RT: 206.42ms │ PO: 78.41ms │ Tot: 284.86ms │ Hit: 14% │ Bounces: 1.20
[386/400] │ Θ: 360° │ Φ: 47 ° │ RT: 207.43ms │ PO: 74.45ms │ Tot: 281.91ms │ Hit: 14% │ Bounces: 1.20
[387/400] │ Θ: 360° │ Φ: 56 ° │ RT: 220.28ms │ PO: 74.79ms │ Tot: 295.10ms │ Hit: 14% │ Bounces: 1.22
[388/400] │ Θ: 360° │ Φ: 66 ° │ RT: 225.41ms │ PO: 75.30ms │ Tot: 300.75ms │ Hit: 14% │ Bounces: 1.23
[389/400] │ Θ: 360° │ Φ: 75 ° │ RT: 225.71ms │ PO: 74.96ms │ Tot: 300.71ms │ Hit: 14% │ Bounces: 1.23
[390/400] │ Θ: 360° │ Φ: 85 ° │ RT: 227.00ms │ PO: 74.05ms │ Tot: 301.08ms │ Hit: 14% │ Bounces: 1.23
[391/400] │ Θ: 360° │ Φ: 94 ° │ RT: 230.53ms │ PO: 75.03ms │ Tot: 305.60ms │ Hit: 14% │ Bounces: 1.24
[392/400] │ Θ: 360° │ Φ: 104° │ RT: 227.93ms │ PO: 74.33ms │ Tot: 302.29ms │ Hit: 14% │ Bounces: 1.24
[393/400] │ Θ: 360° │ Φ: 113° │ RT: 231.94ms │ PO: 74.15ms │ Tot: 306.12ms │ Hit: 14% │ Bounces: 1.25
[394/400] │ Θ: 360° │ Φ: 123° │ RT: 231.90ms │ PO: 74.17ms │ Tot: 306.11ms │ Hit: 14% │ Bounces: 1.26
[395/400] │ Θ: 360° │ Φ: 132° │ RT: 230.88ms │ PO: 74.84ms │ Tot: 305.74ms │ Hit: 14% │ Bounces: 1.26
[396/400] │ Θ: 360° │ Φ: 142° │ RT: 229.91ms │ PO: 74.19ms │ Tot: 304.12ms │ Hit: 14% │ Bounces: 1.25
[397/400] │ Θ: 360° │ Φ: 151° │ RT: 228.56ms │ PO: 74.69ms │ Tot: 303.28ms │ Hit: 14% │ Bounces: 1.25
[398/400] │ Θ: 360° │ Φ: 161° │ RT: 221.27ms │ PO: 74.12ms │ Tot: 295.42ms │ Hit: 14% │ Bounces: 1.24
[399/400] │ Θ: 360° │ Φ: 170° │ RT: 217.80ms │ PO: 74.08ms │ Tot: 291.91ms │ Hit: 14% │ Bounces: 1.23
[400/400] │ Θ: 360° │ Φ: 180° │ RT: 213.55ms │ PO: 74.66ms │ Tot: 288.24ms │ Hit: 14% │ Bounces: 1.22
└──────────────────────────────────────────────────┘

┌── SWEEP PERFORMANCE BREAKDOWN                    ┐
│ Ray Tracing Kernel (total): 101239.17 ms
│ PO Integration Kernel (total): 23283.25 ms
│ Memset (total)      : 4.59 ms
│ Memcpy D2H (total)  : 5.46 ms
│ File Writes (total) : 3.27 ms
│ Stats Computation (total): 49681.91 ms
│ ─────────────────:  
│ GPU Time (kernels only): 124522.42 ms
│ Total Sweep Wall Time: 174261.42 ms
└──────────────────────────────────────────────────┘

┌── PER-ITERATION AVERAGES                         ┐
│ Ray Tracing Kernel  : 253.10 ms
│ PO Integration Kernel: 58.21 ms
│ Memset              : 0.01 ms
│ Memcpy D2H          : 0.01 ms
│ File Write          : 0.01 ms
│ ─────────────────:  
│ Total Points        : 400 
│ Average Time/Point  : 435.65 ms
└──────────────────────────────────────────────────┘

┌── CLEANUP                                        ┐
│  Device memory released. Success.
└──────────────────────────────────────────────────┘

┌── TOTAL TIMING BREAKDOWN                         ┐
│ Model Loading       : 627.06 ms
│ BVH Construction    : 3594.06 ms
│ GPU Memory Alloc    : 1608.60 ms
│ File Open/Header    : 0.17 ms
│ Sweep Execution     : 174261.42 ms
│ File Close          : 0.23 ms
│ Cleanup             : 3.25 ms
│ ─────────────────:  
│ Total App Time      : 181506.77 ms
└──────────────────────────────────────────────────┘
[CRAYBLAS_WARNING] Application linked against multiple cray-libsci libraries
