╔═══════════════════════════════════════════════════╗
║  SagittaSBR  >>---->  MONOSTATIC RCS CALCULATION  ║
╚═══════════════════════════════════════════════════╝
Using frequency from config file: 1e+10 Hz
╔═══════════════════════════════════════════════════╗
║                   GPU INFORMATION                 ║
╠═══════════════════════════════════════════════════╣
║ Device: AMD Instinct MI250X
║ Compute Capability: 9.0
║ Total Global Memory: 63.9844 GB
║ Multiprocessors: 110
║ Max Threads per Block: 1024
╚═══════════════════════════════════════════════════╝


┌── MEMORY ALLOCATION                              ┐
│  BVH buffers and world setup complete.
└──────────────────────────────────────────────────┘

┌── INITIALIZATION TIMING                          ┐
│ Model Loading       : 635.298 ms
│ BVH Construction    : 3630.82 ms
│ GPU Memory Alloc    : 1640.11 ms
│ Total Init Time     : 5906.23 ms
│ Triangle Count      : 161962 
│ BVH Node Count      : 111289 
└──────────────────────────────────────────────────┘

┌── SIMULATION PARAMETERS                          ┐
│ Frequency           : 10 GHz
│ Wavelength          : 29.9792 mm
│ Wave Number k       : 209.585 rad/m
│ Illumination Area   : 10000 m²
│ Grid Size           : 20000x20000 
│ Total Rays          : 400000000 
│ Ray Density         : 40000 rays/m²
│ Ray Area            : 2.5e-05 m²
│ Phi Range           : 0.000000 to 180.000000 
│ Theta Range         : 0.000000 to 360.000000 
│ Show GPU info       : 1 
│ Show Hit info       : 1 
└──────────────────────────────────────────────────┘

┌── EXECUTING SWEEP                                ┐
[1  /400] │ Θ: 0  ° │ Φ: 0  ° │ RT: 215.30ms │ PO: 73.54ms │ Tot: 288.88ms │ Hit: 14% │ Bounces: 1.21
[2  /400] │ Θ: 0  ° │ Φ: 9  ° │ RT: 213.06ms │ PO: 73.84ms │ Tot: 286.94ms │ Hit: 14% │ Bounces: 1.21
[3  /400] │ Θ: 0  ° │ Φ: 18 ° │ RT: 214.22ms │ PO: 73.65ms │ Tot: 287.91ms │ Hit: 14% │ Bounces: 1.21
[4  /400] │ Θ: 0  ° │ Φ: 28 ° │ RT: 214.07ms │ PO: 73.78ms │ Tot: 287.89ms │ Hit: 14% │ Bounces: 1.21
[5  /400] │ Θ: 0  ° │ Φ: 37 ° │ RT: 213.51ms │ PO: 79.93ms │ Tot: 293.47ms │ Hit: 14% │ Bounces: 1.21
[6  /400] │ Θ: 0  ° │ Φ: 47 ° │ RT: 214.25ms │ PO: 80.21ms │ Tot: 294.50ms │ Hit: 14% │ Bounces: 1.21
[7  /400] │ Θ: 0  ° │ Φ: 56 ° │ RT: 211.75ms │ PO: 73.65ms │ Tot: 285.44ms │ Hit: 14% │ Bounces: 1.21
[8  /400] │ Θ: 0  ° │ Φ: 66 ° │ RT: 212.72ms │ PO: 73.60ms │ Tot: 286.35ms │ Hit: 14% │ Bounces: 1.21
[9  /400] │ Θ: 0  ° │ Φ: 75 ° │ RT: 213.53ms │ PO: 73.73ms │ Tot: 287.30ms │ Hit: 14% │ Bounces: 1.21
[10 /400] │ Θ: 0  ° │ Φ: 85 ° │ RT: 212.43ms │ PO: 73.74ms │ Tot: 286.21ms │ Hit: 14% │ Bounces: 1.21
[11 /400] │ Θ: 0  ° │ Φ: 94 ° │ RT: 213.15ms │ PO: 73.72ms │ Tot: 286.91ms │ Hit: 14% │ Bounces: 1.21
[12 /400] │ Θ: 0  ° │ Φ: 104° │ RT: 214.68ms │ PO: 73.76ms │ Tot: 288.47ms │ Hit: 14% │ Bounces: 1.21
[13 /400] │ Θ: 0  ° │ Φ: 113° │ RT: 213.69ms │ PO: 73.75ms │ Tot: 287.47ms │ Hit: 14% │ Bounces: 1.21
[14 /400] │ Θ: 0  ° │ Φ: 123° │ RT: 214.35ms │ PO: 73.75ms │ Tot: 288.14ms │ Hit: 14% │ Bounces: 1.21
[15 /400] │ Θ: 0  ° │ Φ: 132° │ RT: 212.36ms │ PO: 73.70ms │ Tot: 286.09ms │ Hit: 14% │ Bounces: 1.21
[16 /400] │ Θ: 0  ° │ Φ: 142° │ RT: 211.66ms │ PO: 73.77ms │ Tot: 285.47ms │ Hit: 14% │ Bounces: 1.21
[17 /400] │ Θ: 0  ° │ Φ: 151° │ RT: 211.66ms │ PO: 73.62ms │ Tot: 285.32ms │ Hit: 14% │ Bounces: 1.21
[18 /400] │ Θ: 0  ° │ Φ: 161° │ RT: 214.27ms │ PO: 73.64ms │ Tot: 287.94ms │ Hit: 14% │ Bounces: 1.21
[19 /400] │ Θ: 0  ° │ Φ: 170° │ RT: 212.16ms │ PO: 73.64ms │ Tot: 285.84ms │ Hit: 14% │ Bounces: 1.21
[20 /400] │ Θ: 0  ° │ Φ: 180° │ RT: 214.41ms │ PO: 73.70ms │ Tot: 288.14ms │ Hit: 14% │ Bounces: 1.21
[21 /400] │ Θ: 18 ° │ Φ: 0  ° │ RT: 267.36ms │ PO: 77.15ms │ Tot: 344.54ms │ Hit: 14% │ Bounces: 1.33
[22 /400] │ Θ: 18 ° │ Φ: 9  ° │ RT: 282.53ms │ PO: 71.05ms │ Tot: 353.62ms │ Hit: 14% │ Bounces: 1.33
[23 /400] │ Θ: 18 ° │ Φ: 18 ° │ RT: 274.90ms │ PO: 71.18ms │ Tot: 346.12ms │ Hit: 14% │ Bounces: 1.38
[24 /400] │ Θ: 18 ° │ Φ: 28 ° │ RT: 256.12ms │ PO: 71.21ms │ Tot: 327.37ms │ Hit: 14% │ Bounces: 1.29
[25 /400] │ Θ: 18 ° │ Φ: 37 ° │ RT: 259.61ms │ PO: 71.35ms │ Tot: 330.99ms │ Hit: 14% │ Bounces: 1.32
[26 /400] │ Θ: 18 ° │ Φ: 47 ° │ RT: 267.36ms │ PO: 71.49ms │ Tot: 338.89ms │ Hit: 14% │ Bounces: 1.33
[27 /400] │ Θ: 18 ° │ Φ: 56 ° │ RT: 252.01ms │ PO: 71.41ms │ Tot: 323.45ms │ Hit: 14% │ Bounces: 1.32
[28 /400] │ Θ: 18 ° │ Φ: 66 ° │ RT: 256.87ms │ PO: 71.47ms │ Tot: 328.38ms │ Hit: 14% │ Bounces: 1.33
[29 /400] │ Θ: 18 ° │ Φ: 75 ° │ RT: 229.29ms │ PO: 71.46ms │ Tot: 300.78ms │ Hit: 14% │ Bounces: 1.28
[30 /400] │ Θ: 18 ° │ Φ: 85 ° │ RT: 240.17ms │ PO: 71.42ms │ Tot: 311.63ms │ Hit: 14% │ Bounces: 1.29
[31 /400] │ Θ: 18 ° │ Φ: 94 ° │ RT: 240.62ms │ PO: 71.47ms │ Tot: 312.12ms │ Hit: 14% │ Bounces: 1.31
[32 /400] │ Θ: 18 ° │ Φ: 104° │ RT: 239.50ms │ PO: 71.25ms │ Tot: 310.79ms │ Hit: 14% │ Bounces: 1.29
[33 /400] │ Θ: 18 ° │ Φ: 113° │ RT: 239.83ms │ PO: 71.28ms │ Tot: 311.16ms │ Hit: 14% │ Bounces: 1.29
[34 /400] │ Θ: 18 ° │ Φ: 123° │ RT: 244.86ms │ PO: 71.09ms │ Tot: 315.99ms │ Hit: 14% │ Bounces: 1.29
[35 /400] │ Θ: 18 ° │ Φ: 132° │ RT: 252.47ms │ PO: 71.00ms │ Tot: 323.50ms │ Hit: 14% │ Bounces: 1.27
[36 /400] │ Θ: 18 ° │ Φ: 142° │ RT: 267.59ms │ PO: 70.89ms │ Tot: 338.51ms │ Hit: 14% │ Bounces: 1.28
[37 /400] │ Θ: 18 ° │ Φ: 151° │ RT: 226.72ms │ PO: 70.67ms │ Tot: 297.43ms │ Hit: 14% │ Bounces: 1.22
[38 /400] │ Θ: 18 ° │ Φ: 161° │ RT: 241.00ms │ PO: 70.63ms │ Tot: 311.68ms │ Hit: 14% │ Bounces: 1.22
[39 /400] │ Θ: 18 ° │ Φ: 170° │ RT: 234.34ms │ PO: 70.58ms │ Tot: 304.95ms │ Hit: 13% │ Bounces: 1.21
[40 /400] │ Θ: 18 ° │ Φ: 180° │ RT: 231.84ms │ PO: 70.56ms │ Tot: 302.43ms │ Hit: 13% │ Bounces: 1.20
[41 /400] │ Θ: 37 ° │ Φ: 0  ° │ RT: 285.12ms │ PO: 62.27ms │ Tot: 347.42ms │ Hit: 11% │ Bounces: 1.40
[42 /400] │ Θ: 37 ° │ Φ: 9  ° │ RT: 308.82ms │ PO: 62.82ms │ Tot: 371.68ms │ Hit: 11% │ Bounces: 1.45
[43 /400] │ Θ: 37 ° │ Φ: 18 ° │ RT: 293.91ms │ PO: 62.98ms │ Tot: 356.93ms │ Hit: 12% │ Bounces: 1.45
[44 /400] │ Θ: 37 ° │ Φ: 28 ° │ RT: 277.82ms │ PO: 63.56ms │ Tot: 341.41ms │ Hit: 12% │ Bounces: 1.39
[45 /400] │ Θ: 37 ° │ Φ: 37 ° │ RT: 272.53ms │ PO: 63.92ms │ Tot: 336.48ms │ Hit: 12% │ Bounces: 1.39
[46 /400] │ Θ: 37 ° │ Φ: 47 ° │ RT: 274.05ms │ PO: 64.07ms │ Tot: 338.15ms │ Hit: 12% │ Bounces: 1.38
[47 /400] │ Θ: 37 ° │ Φ: 56 ° │ RT: 265.51ms │ PO: 64.29ms │ Tot: 329.84ms │ Hit: 12% │ Bounces: 1.40
[48 /400] │ Θ: 37 ° │ Φ: 66 ° │ RT: 251.87ms │ PO: 64.05ms │ Tot: 315.95ms │ Hit: 12% │ Bounces: 1.37
[49 /400] │ Θ: 37 ° │ Φ: 75 ° │ RT: 238.85ms │ PO: 63.95ms │ Tot: 302.83ms │ Hit: 12% │ Bounces: 1.34
[50 /400] │ Θ: 37 ° │ Φ: 85 ° │ RT: 228.60ms │ PO: 63.78ms │ Tot: 292.42ms │ Hit: 12% │ Bounces: 1.35
[51 /400] │ Θ: 37 ° │ Φ: 94 ° │ RT: 226.71ms │ PO: 63.95ms │ Tot: 290.70ms │ Hit: 12% │ Bounces: 1.35
[52 /400] │ Θ: 37 ° │ Φ: 104° │ RT: 250.35ms │ PO: 64.07ms │ Tot: 314.46ms │ Hit: 12% │ Bounces: 1.34
[53 /400] │ Θ: 37 ° │ Φ: 113° │ RT: 241.28ms │ PO: 64.02ms │ Tot: 305.33ms │ Hit: 12% │ Bounces: 1.36
[54 /400] │ Θ: 37 ° │ Φ: 123° │ RT: 238.22ms │ PO: 63.81ms │ Tot: 302.06ms │ Hit: 12% │ Bounces: 1.32
[55 /400] │ Θ: 37 ° │ Φ: 132° │ RT: 242.38ms │ PO: 63.58ms │ Tot: 305.99ms │ Hit: 12% │ Bounces: 1.30
[56 /400] │ Θ: 37 ° │ Φ: 142° │ RT: 261.39ms │ PO: 63.03ms │ Tot: 324.46ms │ Hit: 12% │ Bounces: 1.29
[57 /400] │ Θ: 37 ° │ Φ: 151° │ RT: 240.14ms │ PO: 62.54ms │ Tot: 302.72ms │ Hit: 12% │ Bounces: 1.27
[58 /400] │ Θ: 37 ° │ Φ: 161° │ RT: 260.94ms │ PO: 62.06ms │ Tot: 323.04ms │ Hit: 11% │ Bounces: 1.27
[59 /400] │ Θ: 37 ° │ Φ: 170° │ RT: 230.81ms │ PO: 61.70ms │ Tot: 292.54ms │ Hit: 11% │ Bounces: 1.22
[60 /400] │ Θ: 37 ° │ Φ: 180° │ RT: 233.28ms │ PO: 61.61ms │ Tot: 294.92ms │ Hit: 11% │ Bounces: 1.22
[61 /400] │ Θ: 56 ° │ Φ: 0  ° │ RT: 258.41ms │ PO: 48.66ms │ Tot: 307.11ms │ Hit: 8% │ Bounces: 1.53
[62 /400] │ Θ: 56 ° │ Φ: 9  ° │ RT: 286.04ms │ PO: 50.21ms │ Tot: 336.29ms │ Hit: 8% │ Bounces: 1.62
[63 /400] │ Θ: 56 ° │ Φ: 18 ° │ RT: 286.74ms │ PO: 50.42ms │ Tot: 337.20ms │ Hit: 9% │ Bounces: 1.59
[64 /400] │ Θ: 56 ° │ Φ: 28 ° │ RT: 287.14ms │ PO: 51.39ms │ Tot: 338.56ms │ Hit: 9% │ Bounces: 1.60
[65 /400] │ Θ: 56 ° │ Φ: 37 ° │ RT: 271.32ms │ PO: 52.50ms │ Tot: 323.86ms │ Hit: 9% │ Bounces: 1.52
[66 /400] │ Θ: 56 ° │ Φ: 47 ° │ RT: 263.00ms │ PO: 52.94ms │ Tot: 315.97ms │ Hit: 10% │ Bounces: 1.53
[67 /400] │ Θ: 56 ° │ Φ: 56 ° │ RT: 247.30ms │ PO: 53.13ms │ Tot: 300.47ms │ Hit: 10% │ Bounces: 1.48
[68 /400] │ Θ: 56 ° │ Φ: 66 ° │ RT: 226.26ms │ PO: 52.84ms │ Tot: 279.13ms │ Hit: 10% │ Bounces: 1.44
[69 /400] │ Θ: 56 ° │ Φ: 75 ° │ RT: 211.31ms │ PO: 52.68ms │ Tot: 264.02ms │ Hit: 10% │ Bounces: 1.40
[70 /400] │ Θ: 56 ° │ Φ: 85 ° │ RT: 192.74ms │ PO: 52.98ms │ Tot: 245.75ms │ Hit: 10% │ Bounces: 1.36
[71 /400] │ Θ: 56 ° │ Φ: 94 ° │ RT: 210.16ms │ PO: 53.20ms │ Tot: 263.39ms │ Hit: 10% │ Bounces: 1.37
[72 /400] │ Θ: 56 ° │ Φ: 104° │ RT: 217.14ms │ PO: 53.61ms │ Tot: 270.78ms │ Hit: 10% │ Bounces: 1.36
[73 /400] │ Θ: 56 ° │ Φ: 113° │ RT: 217.00ms │ PO: 53.77ms │ Tot: 270.80ms │ Hit: 10% │ Bounces: 1.35
[74 /400] │ Θ: 56 ° │ Φ: 123° │ RT: 224.59ms │ PO: 53.24ms │ Tot: 277.86ms │ Hit: 10% │ Bounces: 1.32
[75 /400] │ Θ: 56 ° │ Φ: 132° │ RT: 209.91ms │ PO: 52.53ms │ Tot: 262.47ms │ Hit: 10% │ Bounces: 1.30
[76 /400] │ Θ: 56 ° │ Φ: 142° │ RT: 203.58ms │ PO: 51.38ms │ Tot: 255.00ms │ Hit: 9% │ Bounces: 1.28
[77 /400] │ Θ: 56 ° │ Φ: 151° │ RT: 224.24ms │ PO: 54.44ms │ Tot: 278.71ms │ Hit: 9% │ Bounces: 1.26
[78 /400] │ Θ: 56 ° │ Φ: 161° │ RT: 203.84ms │ PO: 49.10ms │ Tot: 252.97ms │ Hit: 8% │ Bounces: 1.24
[79 /400] │ Θ: 56 ° │ Φ: 170° │ RT: 188.76ms │ PO: 47.72ms │ Tot: 236.52ms │ Hit: 8% │ Bounces: 1.23
[80 /400] │ Θ: 56 ° │ Φ: 180° │ RT: 179.63ms │ PO: 47.55ms │ Tot: 227.21ms │ Hit: 8% │ Bounces: 1.19
[81 /400] │ Θ: 75 ° │ Φ: 0  ° │ RT: 229.37ms │ PO: 32.97ms │ Tot: 262.38ms │ Hit: 4% │ Bounces: 1.83
[82 /400] │ Θ: 75 ° │ Φ: 9  ° │ RT: 242.95ms │ PO: 34.30ms │ Tot: 277.28ms │ Hit: 4% │ Bounces: 1.85
[83 /400] │ Θ: 75 ° │ Φ: 18 ° │ RT: 242.47ms │ PO: 36.24ms │ Tot: 278.75ms │ Hit: 5% │ Bounces: 1.79
[84 /400] │ Θ: 75 ° │ Φ: 28 ° │ RT: 219.32ms │ PO: 38.03ms │ Tot: 257.38ms │ Hit: 6% │ Bounces: 1.65
[85 /400] │ Θ: 75 ° │ Φ: 37 ° │ RT: 213.90ms │ PO: 39.03ms │ Tot: 252.97ms │ Hit: 6% │ Bounces: 1.59
[86 /400] │ Θ: 75 ° │ Φ: 47 ° │ RT: 190.92ms │ PO: 41.57ms │ Tot: 232.52ms │ Hit: 7% │ Bounces: 1.49
[87 /400] │ Θ: 75 ° │ Φ: 56 ° │ RT: 179.70ms │ PO: 41.33ms │ Tot: 221.07ms │ Hit: 7% │ Bounces: 1.46
[88 /400] │ Θ: 75 ° │ Φ: 66 ° │ RT: 171.26ms │ PO: 41.90ms │ Tot: 213.20ms │ Hit: 7% │ Bounces: 1.43
[89 /400] │ Θ: 75 ° │ Φ: 75 ° │ RT: 140.04ms │ PO: 41.38ms │ Tot: 181.44ms │ Hit: 7% │ Bounces: 1.34
[90 /400] │ Θ: 75 ° │ Φ: 85 ° │ RT: 125.95ms │ PO: 39.79ms │ Tot: 165.78ms │ Hit: 8% │ Bounces: 1.30
[91 /400] │ Θ: 75 ° │ Φ: 94 ° │ RT: 133.35ms │ PO: 40.74ms │ Tot: 174.12ms │ Hit: 8% │ Bounces: 1.27
[92 /400] │ Θ: 75 ° │ Φ: 104° │ RT: 140.97ms │ PO: 42.51ms │ Tot: 183.51ms │ Hit: 7% │ Bounces: 1.32
[93 /400] │ Θ: 75 ° │ Φ: 113° │ RT: 145.54ms │ PO: 40.85ms │ Tot: 186.43ms │ Hit: 7% │ Bounces: 1.32
[94 /400] │ Θ: 75 ° │ Φ: 123° │ RT: 154.04ms │ PO: 39.00ms │ Tot: 193.07ms │ Hit: 6% │ Bounces: 1.38
[95 /400] │ Θ: 75 ° │ Φ: 132° │ RT: 164.94ms │ PO: 37.14ms │ Tot: 202.12ms │ Hit: 6% │ Bounces: 1.38
[96 /400] │ Θ: 75 ° │ Φ: 142° │ RT: 166.37ms │ PO: 35.73ms │ Tot: 202.13ms │ Hit: 5% │ Bounces: 1.43
[97 /400] │ Θ: 75 ° │ Φ: 151° │ RT: 165.60ms │ PO: 34.58ms │ Tot: 200.21ms │ Hit: 5% │ Bounces: 1.45
[98 /400] │ Θ: 75 ° │ Φ: 161° │ RT: 165.89ms │ PO: 33.15ms │ Tot: 199.08ms │ Hit: 5% │ Bounces: 1.49
[99 /400] │ Θ: 75 ° │ Φ: 170° │ RT: 160.82ms │ PO: 32.28ms │ Tot: 193.12ms │ Hit: 4% │ Bounces: 1.43
[100/400] │ Θ: 75 ° │ Φ: 180° │ RT: 145.37ms │ PO: 31.53ms │ Tot: 176.93ms │ Hit: 4% │ Bounces: 1.39
[101/400] │ Θ: 94 ° │ Φ: 0  ° │ RT: 183.59ms │ PO: 24.19ms │ Tot: 207.82ms │ Hit: 2% │ Bounces: 2.23
[102/400] │ Θ: 94 ° │ Φ: 9  ° │ RT: 190.29ms │ PO: 25.53ms │ Tot: 215.85ms │ Hit: 3% │ Bounces: 2.11
[103/400] │ Θ: 94 ° │ Φ: 18 ° │ RT: 205.63ms │ PO: 27.53ms │ Tot: 233.20ms │ Hit: 3% │ Bounces: 2.06
[104/400] │ Θ: 94 ° │ Φ: 28 ° │ RT: 198.68ms │ PO: 29.25ms │ Tot: 227.97ms │ Hit: 4% │ Bounces: 1.97
[105/400] │ Θ: 94 ° │ Φ: 37 ° │ RT: 199.65ms │ PO: 30.28ms │ Tot: 229.96ms │ Hit: 4% │ Bounces: 1.86
[106/400] │ Θ: 94 ° │ Φ: 47 ° │ RT: 168.82ms │ PO: 31.81ms │ Tot: 200.66ms │ Hit: 5% │ Bounces: 1.69
[107/400] │ Θ: 94 ° │ Φ: 56 ° │ RT: 152.15ms │ PO: 34.28ms │ Tot: 186.47ms │ Hit: 5% │ Bounces: 1.57
[108/400] │ Θ: 94 ° │ Φ: 66 ° │ RT: 140.13ms │ PO: 36.07ms │ Tot: 176.23ms │ Hit: 6% │ Bounces: 1.48
[109/400] │ Θ: 94 ° │ Φ: 75 ° │ RT: 128.07ms │ PO: 37.34ms │ Tot: 165.44ms │ Hit: 6% │ Bounces: 1.37
[110/400] │ Θ: 94 ° │ Φ: 85 ° │ RT: 109.66ms │ PO: 38.06ms │ Tot: 147.75ms │ Hit: 6% │ Bounces: 1.30
[111/400] │ Θ: 94 ° │ Φ: 94 ° │ RT: 120.70ms │ PO: 38.49ms │ Tot: 159.22ms │ Hit: 6% │ Bounces: 1.31
[112/400] │ Θ: 94 ° │ Φ: 104° │ RT: 128.51ms │ PO: 36.95ms │ Tot: 165.49ms │ Hit: 6% │ Bounces: 1.34
[113/400] │ Θ: 94 ° │ Φ: 113° │ RT: 144.87ms │ PO: 36.86ms │ Tot: 181.76ms │ Hit: 6% │ Bounces: 1.43
[114/400] │ Θ: 94 ° │ Φ: 123° │ RT: 170.14ms │ PO: 35.70ms │ Tot: 205.87ms │ Hit: 6% │ Bounces: 1.52
[115/400] │ Θ: 94 ° │ Φ: 132° │ RT: 209.77ms │ PO: 33.97ms │ Tot: 243.77ms │ Hit: 5% │ Bounces: 1.74
[116/400] │ Θ: 94 ° │ Φ: 142° │ RT: 234.40ms │ PO: 32.73ms │ Tot: 267.16ms │ Hit: 5% │ Bounces: 1.88
[117/400] │ Θ: 94 ° │ Φ: 151° │ RT: 230.43ms │ PO: 32.38ms │ Tot: 262.85ms │ Hit: 4% │ Bounces: 2.09
[118/400] │ Θ: 94 ° │ Φ: 161° │ RT: 217.15ms │ PO: 30.03ms │ Tot: 247.21ms │ Hit: 4% │ Bounces: 2.20
[119/400] │ Θ: 94 ° │ Φ: 170° │ RT: 217.29ms │ PO: 27.57ms │ Tot: 244.90ms │ Hit: 3% │ Bounces: 2.56
[120/400] │ Θ: 94 ° │ Φ: 180° │ RT: 207.20ms │ PO: 25.65ms │ Tot: 232.88ms │ Hit: 2% │ Bounces: 2.74
[121/400] │ Θ: 113° │ Φ: 0  ° │ RT: 266.67ms │ PO: 39.88ms │ Tot: 306.59ms │ Hit: 6% │ Bounces: 1.75
[122/400] │ Θ: 113° │ Φ: 9  ° │ RT: 252.13ms │ PO: 40.06ms │ Tot: 292.23ms │ Hit: 6% │ Bounces: 1.70
[123/400] │ Θ: 113° │ Φ: 18 ° │ RT: 259.54ms │ PO: 40.85ms │ Tot: 300.42ms │ Hit: 6% │ Bounces: 1.72
[124/400] │ Θ: 113° │ Φ: 28 ° │ RT: 271.42ms │ PO: 42.08ms │ Tot: 313.54ms │ Hit: 7% │ Bounces: 1.77
[125/400] │ Θ: 113° │ Φ: 37 ° │ RT: 284.09ms │ PO: 43.52ms │ Tot: 327.65ms │ Hit: 7% │ Bounces: 1.79
[126/400] │ Θ: 113° │ Φ: 47 ° │ RT: 261.66ms │ PO: 45.28ms │ Tot: 306.97ms │ Hit: 8% │ Bounces: 1.74
[127/400] │ Θ: 113° │ Φ: 56 ° │ RT: 266.57ms │ PO: 47.08ms │ Tot: 313.68ms │ Hit: 8% │ Bounces: 1.74
[128/400] │ Θ: 113° │ Φ: 66 ° │ RT: 233.70ms │ PO: 47.90ms │ Tot: 281.63ms │ Hit: 9% │ Bounces: 1.68
[129/400] │ Θ: 113° │ Φ: 75 ° │ RT: 235.07ms │ PO: 47.57ms │ Tot: 282.68ms │ Hit: 9% │ Bounces: 1.68
[130/400] │ Θ: 113° │ Φ: 85 ° │ RT: 222.82ms │ PO: 46.67ms │ Tot: 269.52ms │ Hit: 9% │ Bounces: 1.63
[131/400] │ Θ: 113° │ Φ: 94 ° │ RT: 210.47ms │ PO: 46.40ms │ Tot: 256.92ms │ Hit: 9% │ Bounces: 1.58
[132/400] │ Θ: 113° │ Φ: 104° │ RT: 220.08ms │ PO: 46.52ms │ Tot: 266.63ms │ Hit: 9% │ Bounces: 1.60
[133/400] │ Θ: 113° │ Φ: 113° │ RT: 253.26ms │ PO: 46.86ms │ Tot: 300.15ms │ Hit: 9% │ Bounces: 1.65
[134/400] │ Θ: 113° │ Φ: 123° │ RT: 285.24ms │ PO: 46.78ms │ Tot: 332.06ms │ Hit: 8% │ Bounces: 1.76
[135/400] │ Θ: 113° │ Φ: 132° │ RT: 311.65ms │ PO: 46.63ms │ Tot: 358.32ms │ Hit: 8% │ Bounces: 1.85
[136/400] │ Θ: 113° │ Φ: 142° │ RT: 327.58ms │ PO: 45.85ms │ Tot: 373.47ms │ Hit: 8% │ Bounces: 1.95
[137/400] │ Θ: 113° │ Φ: 151° │ RT: 326.14ms │ PO: 44.76ms │ Tot: 370.94ms │ Hit: 7% │ Bounces: 2.05
[138/400] │ Θ: 113° │ Φ: 161° │ RT: 318.15ms │ PO: 43.04ms │ Tot: 361.22ms │ Hit: 7% │ Bounces: 2.06
[139/400] │ Θ: 113° │ Φ: 170° │ RT: 317.79ms │ PO: 41.89ms │ Tot: 359.72ms │ Hit: 6% │ Bounces: 2.07
[140/400] │ Θ: 113° │ Φ: 180° │ RT: 301.89ms │ PO: 40.79ms │ Tot: 342.71ms │ Hit: 6% │ Bounces: 2.09
[141/400] │ Θ: 132° │ Φ: 0  ° │ RT: 321.95ms │ PO: 55.32ms │ Tot: 377.31ms │ Hit: 10% │ Bounces: 1.62
[142/400] │ Θ: 132° │ Φ: 9  ° │ RT: 329.54ms │ PO: 55.10ms │ Tot: 384.67ms │ Hit: 10% │ Bounces: 1.64
[143/400] │ Θ: 132° │ Φ: 18 ° │ RT: 321.00ms │ PO: 56.04ms │ Tot: 377.07ms │ Hit: 10% │ Bounces: 1.59
[144/400] │ Θ: 132° │ Φ: 28 ° │ RT: 331.06ms │ PO: 56.81ms │ Tot: 387.90ms │ Hit: 10% │ Bounces: 1.59
[145/400] │ Θ: 132° │ Φ: 37 ° │ RT: 331.00ms │ PO: 57.79ms │ Tot: 388.83ms │ Hit: 11% │ Bounces: 1.60
[146/400] │ Θ: 132° │ Φ: 47 ° │ RT: 325.57ms │ PO: 58.45ms │ Tot: 384.06ms │ Hit: 11% │ Bounces: 1.62
[147/400] │ Θ: 132° │ Φ: 56 ° │ RT: 328.25ms │ PO: 58.88ms │ Tot: 387.17ms │ Hit: 11% │ Bounces: 1.60
[148/400] │ Θ: 132° │ Φ: 66 ° │ RT: 284.06ms │ PO: 59.07ms │ Tot: 343.17ms │ Hit: 11% │ Bounces: 1.54
[149/400] │ Θ: 132° │ Φ: 75 ° │ RT: 280.34ms │ PO: 59.98ms │ Tot: 340.36ms │ Hit: 11% │ Bounces: 1.53
[150/400] │ Θ: 132° │ Φ: 85 ° │ RT: 291.07ms │ PO: 58.71ms │ Tot: 349.82ms │ Hit: 11% │ Bounces: 1.54
[151/400] │ Θ: 132° │ Φ: 94 ° │ RT: 276.69ms │ PO: 58.29ms │ Tot: 335.01ms │ Hit: 11% │ Bounces: 1.53
[152/400] │ Θ: 132° │ Φ: 104° │ RT: 273.97ms │ PO: 58.46ms │ Tot: 332.46ms │ Hit: 11% │ Bounces: 1.49
[153/400] │ Θ: 132° │ Φ: 113° │ RT: 303.76ms │ PO: 58.88ms │ Tot: 362.67ms │ Hit: 11% │ Bounces: 1.53
[154/400] │ Θ: 132° │ Φ: 123° │ RT: 318.22ms │ PO: 59.07ms │ Tot: 377.33ms │ Hit: 11% │ Bounces: 1.58
[155/400] │ Θ: 132° │ Φ: 132° │ RT: 356.92ms │ PO: 58.84ms │ Tot: 415.80ms │ Hit: 11% │ Bounces: 1.70
[156/400] │ Θ: 132° │ Φ: 142° │ RT: 346.16ms │ PO: 58.33ms │ Tot: 404.52ms │ Hit: 11% │ Bounces: 1.70
[157/400] │ Θ: 132° │ Φ: 151° │ RT: 368.58ms │ PO: 57.92ms │ Tot: 426.54ms │ Hit: 10% │ Bounces: 1.75
[158/400] │ Θ: 132° │ Φ: 161° │ RT: 368.52ms │ PO: 57.07ms │ Tot: 425.62ms │ Hit: 10% │ Bounces: 1.80
[159/400] │ Θ: 132° │ Φ: 170° │ RT: 339.92ms │ PO: 56.50ms │ Tot: 396.46ms │ Hit: 10% │ Bounces: 1.73
[160/400] │ Θ: 132° │ Φ: 180° │ RT: 363.97ms │ PO: 55.96ms │ Tot: 419.96ms │ Hit: 10% │ Bounces: 1.77
[161/400] │ Θ: 151° │ Φ: 0  ° │ RT: 301.54ms │ PO: 66.67ms │ Tot: 368.24ms │ Hit: 13% │ Bounces: 1.42
[162/400] │ Θ: 151° │ Φ: 9  ° │ RT: 303.29ms │ PO: 66.80ms │ Tot: 370.13ms │ Hit: 13% │ Bounces: 1.39
[163/400] │ Θ: 151° │ Φ: 18 ° │ RT: 306.83ms │ PO: 66.96ms │ Tot: 373.82ms │ Hit: 13% │ Bounces: 1.41
[164/400] │ Θ: 151° │ Φ: 28 ° │ RT: 324.86ms │ PO: 67.08ms │ Tot: 391.97ms │ Hit: 13% │ Bounces: 1.44
[165/400] │ Θ: 151° │ Φ: 37 ° │ RT: 299.85ms │ PO: 67.56ms │ Tot: 367.44ms │ Hit: 13% │ Bounces: 1.37
[166/400] │ Θ: 151° │ Φ: 47 ° │ RT: 328.26ms │ PO: 67.63ms │ Tot: 395.93ms │ Hit: 13% │ Bounces: 1.43
[167/400] │ Θ: 151° │ Φ: 56 ° │ RT: 318.99ms │ PO: 67.74ms │ Tot: 386.76ms │ Hit: 13% │ Bounces: 1.47
[168/400] │ Θ: 151° │ Φ: 66 ° │ RT: 322.17ms │ PO: 68.18ms │ Tot: 390.39ms │ Hit: 13% │ Bounces: 1.45
[169/400] │ Θ: 151° │ Φ: 75 ° │ RT: 287.50ms │ PO: 67.97ms │ Tot: 355.51ms │ Hit: 13% │ Bounces: 1.39
[170/400] │ Θ: 151° │ Φ: 85 ° │ RT: 287.10ms │ PO: 68.40ms │ Tot: 355.53ms │ Hit: 13% │ Bounces: 1.37
[171/400] │ Θ: 151° │ Φ: 94 ° │ RT: 317.79ms │ PO: 68.74ms │ Tot: 386.56ms │ Hit: 13% │ Bounces: 1.42
[172/400] │ Θ: 151° │ Φ: 104° │ RT: 310.42ms │ PO: 68.41ms │ Tot: 378.86ms │ Hit: 13% │ Bounces: 1.44
[173/400] │ Θ: 151° │ Φ: 113° │ RT: 326.82ms │ PO: 68.43ms │ Tot: 395.29ms │ Hit: 13% │ Bounces: 1.47
[174/400] │ Θ: 151° │ Φ: 123° │ RT: 346.98ms │ PO: 68.44ms │ Tot: 415.46ms │ Hit: 13% │ Bounces: 1.50
[175/400] │ Θ: 151° │ Φ: 132° │ RT: 367.91ms │ PO: 68.45ms │ Tot: 436.40ms │ Hit: 13% │ Bounces: 1.55
[176/400] │ Θ: 151° │ Φ: 142° │ RT: 358.37ms │ PO: 68.19ms │ Tot: 426.59ms │ Hit: 13% │ Bounces: 1.51
[177/400] │ Θ: 151° │ Φ: 151° │ RT: 346.42ms │ PO: 67.93ms │ Tot: 414.38ms │ Hit: 13% │ Bounces: 1.51
[178/400] │ Θ: 151° │ Φ: 161° │ RT: 350.06ms │ PO: 70.66ms │ Tot: 420.76ms │ Hit: 13% │ Bounces: 1.51
[179/400] │ Θ: 151° │ Φ: 170° │ RT: 366.34ms │ PO: 67.45ms │ Tot: 433.83ms │ Hit: 13% │ Bounces: 1.57
[180/400] │ Θ: 151° │ Φ: 180° │ RT: 382.91ms │ PO: 67.23ms │ Tot: 450.18ms │ Hit: 13% │ Bounces: 1.61
[181/400] │ Θ: 170° │ Φ: 0  ° │ RT: 306.37ms │ PO: 72.87ms │ Tot: 379.27ms │ Hit: 14% │ Bounces: 1.34
[182/400] │ Θ: 170° │ Φ: 9  ° │ RT: 310.54ms │ PO: 72.80ms │ Tot: 383.37ms │ Hit: 14% │ Bounces: 1.37
[183/400] │ Θ: 170° │ Φ: 18 ° │ RT: 284.49ms │ PO: 72.95ms │ Tot: 357.48ms │ Hit: 14% │ Bounces: 1.33
[184/400] │ Θ: 170° │ Φ: 28 ° │ RT: 297.70ms │ PO: 72.92ms │ Tot: 370.66ms │ Hit: 14% │ Bounces: 1.33
[185/400] │ Θ: 170° │ Φ: 37 ° │ RT: 298.80ms │ PO: 72.97ms │ Tot: 371.80ms │ Hit: 14% │ Bounces: 1.38
[186/400] │ Θ: 170° │ Φ: 47 ° │ RT: 286.93ms │ PO: 72.96ms │ Tot: 359.93ms │ Hit: 14% │ Bounces: 1.30
[187/400] │ Θ: 170° │ Φ: 56 ° │ RT: 296.12ms │ PO: 73.22ms │ Tot: 369.38ms │ Hit: 14% │ Bounces: 1.35
[188/400] │ Θ: 170° │ Φ: 66 ° │ RT: 307.77ms │ PO: 73.04ms │ Tot: 380.85ms │ Hit: 14% │ Bounces: 1.35
[189/400] │ Θ: 170° │ Φ: 75 ° │ RT: 297.88ms │ PO: 73.11ms │ Tot: 371.02ms │ Hit: 14% │ Bounces: 1.33
[190/400] │ Θ: 170° │ Φ: 85 ° │ RT: 271.65ms │ PO: 73.23ms │ Tot: 344.92ms │ Hit: 14% │ Bounces: 1.31
[191/400] │ Θ: 170° │ Φ: 94 ° │ RT: 268.98ms │ PO: 73.24ms │ Tot: 342.25ms │ Hit: 14% │ Bounces: 1.29
[192/400] │ Θ: 170° │ Φ: 104° │ RT: 296.81ms │ PO: 73.17ms │ Tot: 370.02ms │ Hit: 14% │ Bounces: 1.33
[193/400] │ Θ: 170° │ Φ: 113° │ RT: 300.92ms │ PO: 76.88ms │ Tot: 377.84ms │ Hit: 14% │ Bounces: 1.33
[194/400] │ Θ: 170° │ Φ: 123° │ RT: 317.40ms │ PO: 73.14ms │ Tot: 390.58ms │ Hit: 14% │ Bounces: 1.37
[195/400] │ Θ: 170° │ Φ: 132° │ RT: 332.76ms │ PO: 73.18ms │ Tot: 405.98ms │ Hit: 14% │ Bounces: 1.42
[196/400] │ Θ: 170° │ Φ: 142° │ RT: 334.07ms │ PO: 73.10ms │ Tot: 407.21ms │ Hit: 14% │ Bounces: 1.42
[197/400] │ Θ: 170° │ Φ: 151° │ RT: 337.52ms │ PO: 73.01ms │ Tot: 410.57ms │ Hit: 14% │ Bounces: 1.41
[198/400] │ Θ: 170° │ Φ: 161° │ RT: 318.61ms │ PO: 72.99ms │ Tot: 391.63ms │ Hit: 14% │ Bounces: 1.37
[199/400] │ Θ: 170° │ Φ: 170° │ RT: 318.65ms │ PO: 72.86ms │ Tot: 391.55ms │ Hit: 14% │ Bounces: 1.37
[200/400] │ Θ: 170° │ Φ: 180° │ RT: 307.38ms │ PO: 72.88ms │ Tot: 380.30ms │ Hit: 14% │ Bounces: 1.36
[201/400] │ Θ: 189° │ Φ: 0  ° │ RT: 314.95ms │ PO: 73.29ms │ Tot: 388.29ms │ Hit: 14% │ Bounces: 1.36
[202/400] │ Θ: 189° │ Φ: 9  ° │ RT: 337.51ms │ PO: 73.10ms │ Tot: 410.64ms │ Hit: 14% │ Bounces: 1.40
[203/400] │ Θ: 189° │ Φ: 18 ° │ RT: 319.59ms │ PO: 73.11ms │ Tot: 392.74ms │ Hit: 14% │ Bounces: 1.42
[204/400] │ Θ: 189° │ Φ: 28 ° │ RT: 346.31ms │ PO: 73.10ms │ Tot: 419.45ms │ Hit: 14% │ Bounces: 1.38
[205/400] │ Θ: 189° │ Φ: 37 ° │ RT: 303.53ms │ PO: 73.11ms │ Tot: 376.67ms │ Hit: 14% │ Bounces: 1.36
[206/400] │ Θ: 189° │ Φ: 47 ° │ RT: 306.27ms │ PO: 73.25ms │ Tot: 379.56ms │ Hit: 14% │ Bounces: 1.35
[207/400] │ Θ: 189° │ Φ: 56 ° │ RT: 322.85ms │ PO: 73.20ms │ Tot: 396.09ms │ Hit: 14% │ Bounces: 1.41
[208/400] │ Θ: 189° │ Φ: 66 ° │ RT: 316.74ms │ PO: 73.14ms │ Tot: 389.91ms │ Hit: 14% │ Bounces: 1.36
[209/400] │ Θ: 189° │ Φ: 75 ° │ RT: 309.43ms │ PO: 73.22ms │ Tot: 382.69ms │ Hit: 14% │ Bounces: 1.35
[210/400] │ Θ: 189° │ Φ: 85 ° │ RT: 277.48ms │ PO: 73.20ms │ Tot: 350.71ms │ Hit: 14% │ Bounces: 1.29
[211/400] │ Θ: 189° │ Φ: 94 ° │ RT: 319.40ms │ PO: 73.32ms │ Tot: 392.75ms │ Hit: 14% │ Bounces: 1.40
[212/400] │ Θ: 189° │ Φ: 104° │ RT: 337.47ms │ PO: 73.18ms │ Tot: 410.69ms │ Hit: 14% │ Bounces: 1.43
[213/400] │ Θ: 189° │ Φ: 113° │ RT: 317.83ms │ PO: 73.00ms │ Tot: 390.87ms │ Hit: 14% │ Bounces: 1.38
[214/400] │ Θ: 189° │ Φ: 123° │ RT: 291.16ms │ PO: 73.10ms │ Tot: 364.29ms │ Hit: 14% │ Bounces: 1.34
[215/400] │ Θ: 189° │ Φ: 132° │ RT: 299.81ms │ PO: 73.06ms │ Tot: 372.90ms │ Hit: 14% │ Bounces: 1.36
[216/400] │ Θ: 189° │ Φ: 142° │ RT: 318.26ms │ PO: 72.96ms │ Tot: 391.25ms │ Hit: 14% │ Bounces: 1.38
[217/400] │ Θ: 189° │ Φ: 151° │ RT: 296.00ms │ PO: 72.97ms │ Tot: 369.00ms │ Hit: 14% │ Bounces: 1.32
[218/400] │ Θ: 189° │ Φ: 161° │ RT: 303.46ms │ PO: 73.04ms │ Tot: 376.54ms │ Hit: 14% │ Bounces: 1.37
[219/400] │ Θ: 189° │ Φ: 170° │ RT: 298.04ms │ PO: 73.02ms │ Tot: 371.09ms │ Hit: 14% │ Bounces: 1.33
[220/400] │ Θ: 189° │ Φ: 180° │ RT: 296.14ms │ PO: 72.87ms │ Tot: 369.05ms │ Hit: 14% │ Bounces: 1.34
[221/400] │ Θ: 208° │ Φ: 0  ° │ RT: 369.58ms │ PO: 67.36ms │ Tot: 436.97ms │ Hit: 13% │ Bounces: 1.62
[222/400] │ Θ: 208° │ Φ: 9  ° │ RT: 405.17ms │ PO: 67.27ms │ Tot: 472.47ms │ Hit: 13% │ Bounces: 1.65
[223/400] │ Θ: 208° │ Φ: 18 ° │ RT: 345.94ms │ PO: 70.27ms │ Tot: 416.25ms │ Hit: 13% │ Bounces: 1.52
[224/400] │ Θ: 208° │ Φ: 28 ° │ RT: 359.88ms │ PO: 68.01ms │ Tot: 427.92ms │ Hit: 13% │ Bounces: 1.52
[225/400] │ Θ: 208° │ Φ: 37 ° │ RT: 348.15ms │ PO: 68.08ms │ Tot: 416.26ms │ Hit: 13% │ Bounces: 1.50
[226/400] │ Θ: 208° │ Φ: 47 ° │ RT: 366.92ms │ PO: 68.52ms │ Tot: 435.47ms │ Hit: 13% │ Bounces: 1.54
[227/400] │ Θ: 208° │ Φ: 56 ° │ RT: 335.64ms │ PO: 68.55ms │ Tot: 404.22ms │ Hit: 13% │ Bounces: 1.47
[228/400] │ Θ: 208° │ Φ: 66 ° │ RT: 319.66ms │ PO: 68.44ms │ Tot: 388.15ms │ Hit: 13% │ Bounces: 1.43
[229/400] │ Θ: 208° │ Φ: 75 ° │ RT: 320.64ms │ PO: 68.25ms │ Tot: 388.93ms │ Hit: 13% │ Bounces: 1.43
[230/400] │ Θ: 208° │ Φ: 85 ° │ RT: 322.64ms │ PO: 68.18ms │ Tot: 390.85ms │ Hit: 13% │ Bounces: 1.45
[231/400] │ Θ: 208° │ Φ: 94 ° │ RT: 303.69ms │ PO: 68.05ms │ Tot: 371.78ms │ Hit: 13% │ Bounces: 1.40
[232/400] │ Θ: 208° │ Φ: 104° │ RT: 297.72ms │ PO: 68.29ms │ Tot: 366.04ms │ Hit: 13% │ Bounces: 1.37
[233/400] │ Θ: 208° │ Φ: 113° │ RT: 321.82ms │ PO: 67.96ms │ Tot: 389.81ms │ Hit: 13% │ Bounces: 1.40
[234/400] │ Θ: 208° │ Φ: 123° │ RT: 320.01ms │ PO: 67.89ms │ Tot: 387.94ms │ Hit: 13% │ Bounces: 1.43
[235/400] │ Θ: 208° │ Φ: 132° │ RT: 326.10ms │ PO: 67.78ms │ Tot: 393.91ms │ Hit: 13% │ Bounces: 1.42
[236/400] │ Θ: 208° │ Φ: 142° │ RT: 297.52ms │ PO: 67.49ms │ Tot: 365.05ms │ Hit: 13% │ Bounces: 1.38
[237/400] │ Θ: 208° │ Φ: 151° │ RT: 321.08ms │ PO: 67.13ms │ Tot: 388.25ms │ Hit: 13% │ Bounces: 1.43
[238/400] │ Θ: 208° │ Φ: 161° │ RT: 336.79ms │ PO: 67.37ms │ Tot: 404.19ms │ Hit: 13% │ Bounces: 1.46
[239/400] │ Θ: 208° │ Φ: 170° │ RT: 298.62ms │ PO: 66.67ms │ Tot: 365.32ms │ Hit: 13% │ Bounces: 1.36
[240/400] │ Θ: 208° │ Φ: 180° │ RT: 297.01ms │ PO: 66.82ms │ Tot: 363.86ms │ Hit: 13% │ Bounces: 1.38
[241/400] │ Θ: 227° │ Φ: 0  ° │ RT: 354.94ms │ PO: 56.08ms │ Tot: 411.06ms │ Hit: 10% │ Bounces: 1.78
[242/400] │ Θ: 227° │ Φ: 9  ° │ RT: 347.18ms │ PO: 56.48ms │ Tot: 403.69ms │ Hit: 10% │ Bounces: 1.74
[243/400] │ Θ: 227° │ Φ: 18 ° │ RT: 360.75ms │ PO: 57.32ms │ Tot: 418.10ms │ Hit: 10% │ Bounces: 1.77
[244/400] │ Θ: 227° │ Φ: 28 ° │ RT: 368.34ms │ PO: 57.98ms │ Tot: 426.35ms │ Hit: 10% │ Bounces: 1.75
[245/400] │ Θ: 227° │ Φ: 37 ° │ RT: 334.75ms │ PO: 58.39ms │ Tot: 393.18ms │ Hit: 11% │ Bounces: 1.66
[246/400] │ Θ: 227° │ Φ: 47 ° │ RT: 343.58ms │ PO: 59.02ms │ Tot: 402.65ms │ Hit: 11% │ Bounces: 1.67
[247/400] │ Θ: 227° │ Φ: 56 ° │ RT: 327.01ms │ PO: 59.02ms │ Tot: 386.07ms │ Hit: 11% │ Bounces: 1.58
[248/400] │ Θ: 227° │ Φ: 66 ° │ RT: 313.39ms │ PO: 58.79ms │ Tot: 372.22ms │ Hit: 11% │ Bounces: 1.55
[249/400] │ Θ: 227° │ Φ: 75 ° │ RT: 296.40ms │ PO: 58.55ms │ Tot: 354.98ms │ Hit: 11% │ Bounces: 1.53
[250/400] │ Θ: 227° │ Φ: 85 ° │ RT: 290.04ms │ PO: 58.54ms │ Tot: 348.61ms │ Hit: 11% │ Bounces: 1.54
[251/400] │ Θ: 227° │ Φ: 94 ° │ RT: 291.05ms │ PO: 59.33ms │ Tot: 350.42ms │ Hit: 11% │ Bounces: 1.49
[252/400] │ Θ: 227° │ Φ: 104° │ RT: 302.48ms │ PO: 59.12ms │ Tot: 361.63ms │ Hit: 11% │ Bounces: 1.53
[253/400] │ Θ: 227° │ Φ: 113° │ RT: 317.02ms │ PO: 66.92ms │ Tot: 383.97ms │ Hit: 11% │ Bounces: 1.54
[254/400] │ Θ: 227° │ Φ: 123° │ RT: 323.14ms │ PO: 58.96ms │ Tot: 382.14ms │ Hit: 11% │ Bounces: 1.53
[255/400] │ Θ: 227° │ Φ: 132° │ RT: 308.31ms │ PO: 58.50ms │ Tot: 366.85ms │ Hit: 11% │ Bounces: 1.52
[256/400] │ Θ: 227° │ Φ: 142° │ RT: 328.23ms │ PO: 57.76ms │ Tot: 386.02ms │ Hit: 11% │ Bounces: 1.56
[257/400] │ Θ: 227° │ Φ: 151° │ RT: 334.90ms │ PO: 56.89ms │ Tot: 391.83ms │ Hit: 10% │ Bounces: 1.60
[258/400] │ Θ: 227° │ Φ: 161° │ RT: 311.62ms │ PO: 56.06ms │ Tot: 367.71ms │ Hit: 10% │ Bounces: 1.53
[259/400] │ Θ: 227° │ Φ: 170° │ RT: 326.77ms │ PO: 55.28ms │ Tot: 382.09ms │ Hit: 10% │ Bounces: 1.62
[260/400] │ Θ: 227° │ Φ: 180° │ RT: 299.56ms │ PO: 54.89ms │ Tot: 354.48ms │ Hit: 10% │ Bounces: 1.56
[261/400] │ Θ: 246° │ Φ: 0  ° │ RT: 287.97ms │ PO: 40.70ms │ Tot: 328.71ms │ Hit: 6% │ Bounces: 2.02
[262/400] │ Θ: 246° │ Φ: 9  ° │ RT: 315.58ms │ PO: 41.63ms │ Tot: 357.40ms │ Hit: 6% │ Bounces: 2.07
[263/400] │ Θ: 246° │ Φ: 18 ° │ RT: 319.82ms │ PO: 43.37ms │ Tot: 363.23ms │ Hit: 7% │ Bounces: 2.07
[264/400] │ Θ: 246° │ Φ: 28 ° │ RT: 337.00ms │ PO: 44.75ms │ Tot: 381.78ms │ Hit: 7% │ Bounces: 2.06
[265/400] │ Θ: 246° │ Φ: 37 ° │ RT: 317.15ms │ PO: 46.36ms │ Tot: 363.55ms │ Hit: 8% │ Bounces: 1.91
[266/400] │ Θ: 246° │ Φ: 47 ° │ RT: 302.24ms │ PO: 46.60ms │ Tot: 348.88ms │ Hit: 8% │ Bounces: 1.83
[267/400] │ Θ: 246° │ Φ: 56 ° │ RT: 281.46ms │ PO: 48.59ms │ Tot: 330.08ms │ Hit: 8% │ Bounces: 1.73
[268/400] │ Θ: 246° │ Φ: 66 ° │ RT: 252.88ms │ PO: 49.61ms │ Tot: 302.53ms │ Hit: 9% │ Bounces: 1.61
[269/400] │ Θ: 246° │ Φ: 75 ° │ RT: 230.52ms │ PO: 51.72ms │ Tot: 282.27ms │ Hit: 9% │ Bounces: 1.58
[270/400] │ Θ: 246° │ Φ: 85 ° │ RT: 212.44ms │ PO: 46.65ms │ Tot: 259.13ms │ Hit: 9% │ Bounces: 1.55
[271/400] │ Θ: 246° │ Φ: 94 ° │ RT: 218.08ms │ PO: 46.74ms │ Tot: 264.86ms │ Hit: 9% │ Bounces: 1.54
[272/400] │ Θ: 246° │ Φ: 104° │ RT: 236.68ms │ PO: 47.61ms │ Tot: 284.33ms │ Hit: 9% │ Bounces: 1.61
[273/400] │ Θ: 246° │ Φ: 113° │ RT: 248.36ms │ PO: 47.87ms │ Tot: 296.26ms │ Hit: 9% │ Bounces: 1.63
[274/400] │ Θ: 246° │ Φ: 123° │ RT: 254.35ms │ PO: 47.29ms │ Tot: 301.67ms │ Hit: 8% │ Bounces: 1.69
[275/400] │ Θ: 246° │ Φ: 132° │ RT: 260.17ms │ PO: 45.40ms │ Tot: 305.61ms │ Hit: 8% │ Bounces: 1.71
[276/400] │ Θ: 246° │ Φ: 142° │ RT: 279.13ms │ PO: 43.58ms │ Tot: 322.75ms │ Hit: 7% │ Bounces: 1.72
[277/400] │ Θ: 246° │ Φ: 151° │ RT: 274.07ms │ PO: 42.02ms │ Tot: 316.12ms │ Hit: 7% │ Bounces: 1.76
[278/400] │ Θ: 246° │ Φ: 161° │ RT: 264.19ms │ PO: 40.95ms │ Tot: 305.17ms │ Hit: 6% │ Bounces: 1.72
[279/400] │ Θ: 246° │ Φ: 170° │ RT: 246.26ms │ PO: 40.22ms │ Tot: 286.51ms │ Hit: 6% │ Bounces: 1.68
[280/400] │ Θ: 246° │ Φ: 180° │ RT: 254.03ms │ PO: 39.67ms │ Tot: 293.73ms │ Hit: 6% │ Bounces: 1.77
[281/400] │ Θ: 265° │ Φ: 0  ° │ RT: 210.52ms │ PO: 25.83ms │ Tot: 236.38ms │ Hit: 2% │ Bounces: 2.75
[282/400] │ Θ: 265° │ Φ: 9  ° │ RT: 222.21ms │ PO: 27.47ms │ Tot: 249.72ms │ Hit: 3% │ Bounces: 2.60
[283/400] │ Θ: 265° │ Φ: 18 ° │ RT: 216.26ms │ PO: 30.27ms │ Tot: 246.56ms │ Hit: 4% │ Bounces: 2.19
[284/400] │ Θ: 265° │ Φ: 28 ° │ RT: 229.75ms │ PO: 32.08ms │ Tot: 261.87ms │ Hit: 4% │ Bounces: 2.04
[285/400] │ Θ: 265° │ Φ: 37 ° │ RT: 221.39ms │ PO: 32.55ms │ Tot: 253.98ms │ Hit: 5% │ Bounces: 1.86
[286/400] │ Θ: 265° │ Φ: 47 ° │ RT: 203.49ms │ PO: 34.04ms │ Tot: 237.56ms │ Hit: 5% │ Bounces: 1.71
[287/400] │ Θ: 265° │ Φ: 56 ° │ RT: 176.55ms │ PO: 35.80ms │ Tot: 212.38ms │ Hit: 6% │ Bounces: 1.53
[288/400] │ Θ: 265° │ Φ: 66 ° │ RT: 156.09ms │ PO: 36.67ms │ Tot: 192.80ms │ Hit: 6% │ Bounces: 1.39
[289/400] │ Θ: 265° │ Φ: 75 ° │ RT: 140.15ms │ PO: 36.88ms │ Tot: 177.06ms │ Hit: 6% │ Bounces: 1.31
[290/400] │ Θ: 265° │ Φ: 85 ° │ RT: 129.55ms │ PO: 38.18ms │ Tot: 167.76ms │ Hit: 6% │ Bounces: 1.26
[291/400] │ Θ: 265° │ Φ: 94 ° │ RT: 131.92ms │ PO: 38.70ms │ Tot: 170.65ms │ Hit: 6% │ Bounces: 1.26
[292/400] │ Θ: 265° │ Φ: 104° │ RT: 154.62ms │ PO: 37.21ms │ Tot: 191.86ms │ Hit: 6% │ Bounces: 1.34
[293/400] │ Θ: 265° │ Φ: 113° │ RT: 152.85ms │ PO: 36.03ms │ Tot: 188.91ms │ Hit: 6% │ Bounces: 1.40
[294/400] │ Θ: 265° │ Φ: 123° │ RT: 153.07ms │ PO: 34.83ms │ Tot: 187.94ms │ Hit: 5% │ Bounces: 1.51
[295/400] │ Θ: 265° │ Φ: 132° │ RT: 170.09ms │ PO: 32.07ms │ Tot: 202.19ms │ Hit: 5% │ Bounces: 1.66
[296/400] │ Θ: 265° │ Φ: 142° │ RT: 195.29ms │ PO: 30.21ms │ Tot: 225.54ms │ Hit: 4% │ Bounces: 1.81
[297/400] │ Θ: 265° │ Φ: 151° │ RT: 205.26ms │ PO: 29.60ms │ Tot: 234.90ms │ Hit: 4% │ Bounces: 1.97
[298/400] │ Θ: 265° │ Φ: 161° │ RT: 202.27ms │ PO: 27.46ms │ Tot: 229.76ms │ Hit: 3% │ Bounces: 2.02
[299/400] │ Θ: 265° │ Φ: 170° │ RT: 196.93ms │ PO: 25.73ms │ Tot: 222.69ms │ Hit: 3% │ Bounces: 2.14
[300/400] │ Θ: 265° │ Φ: 180° │ RT: 198.10ms │ PO: 24.06ms │ Tot: 222.19ms │ Hit: 2% │ Bounces: 2.30
[301/400] │ Θ: 284° │ Φ: 0  ° │ RT: 150.52ms │ PO: 31.73ms │ Tot: 182.29ms │ Hit: 4% │ Bounces: 1.41
[302/400] │ Θ: 284° │ Φ: 9  ° │ RT: 166.77ms │ PO: 32.90ms │ Tot: 199.70ms │ Hit: 4% │ Bounces: 1.43
[303/400] │ Θ: 284° │ Φ: 18 ° │ RT: 169.22ms │ PO: 33.05ms │ Tot: 202.30ms │ Hit: 5% │ Bounces: 1.47
[304/400] │ Θ: 284° │ Φ: 28 ° │ RT: 167.69ms │ PO: 34.30ms │ Tot: 202.03ms │ Hit: 5% │ Bounces: 1.43
[305/400] │ Θ: 284° │ Φ: 37 ° │ RT: 157.68ms │ PO: 35.56ms │ Tot: 193.28ms │ Hit: 5% │ Bounces: 1.39
[306/400] │ Θ: 284° │ Φ: 47 ° │ RT: 157.13ms │ PO: 37.11ms │ Tot: 194.27ms │ Hit: 6% │ Bounces: 1.35
[307/400] │ Θ: 284° │ Φ: 56 ° │ RT: 169.39ms │ PO: 38.91ms │ Tot: 208.34ms │ Hit: 6% │ Bounces: 1.36
[308/400] │ Θ: 284° │ Φ: 66 ° │ RT: 156.86ms │ PO: 40.82ms │ Tot: 197.72ms │ Hit: 7% │ Bounces: 1.29
[309/400] │ Θ: 284° │ Φ: 75 ° │ RT: 154.61ms │ PO: 42.35ms │ Tot: 196.99ms │ Hit: 7% │ Bounces: 1.29
[310/400] │ Θ: 284° │ Φ: 85 ° │ RT: 141.98ms │ PO: 40.72ms │ Tot: 182.78ms │ Hit: 8% │ Bounces: 1.25
[311/400] │ Θ: 284° │ Φ: 94 ° │ RT: 125.93ms │ PO: 39.85ms │ Tot: 165.81ms │ Hit: 8% │ Bounces: 1.25
[312/400] │ Θ: 284° │ Φ: 104° │ RT: 160.97ms │ PO: 41.32ms │ Tot: 202.33ms │ Hit: 7% │ Bounces: 1.35
[313/400] │ Θ: 284° │ Φ: 113° │ RT: 162.91ms │ PO: 42.37ms │ Tot: 205.30ms │ Hit: 7% │ Bounces: 1.36
[314/400] │ Θ: 284° │ Φ: 123° │ RT: 184.48ms │ PO: 41.31ms │ Tot: 225.81ms │ Hit: 7% │ Bounces: 1.42
[315/400] │ Θ: 284° │ Φ: 132° │ RT: 206.55ms │ PO: 40.28ms │ Tot: 246.86ms │ Hit: 7% │ Bounces: 1.50
[316/400] │ Θ: 284° │ Φ: 142° │ RT: 209.30ms │ PO: 39.11ms │ Tot: 248.43ms │ Hit: 6% │ Bounces: 1.54
[317/400] │ Θ: 284° │ Φ: 151° │ RT: 231.65ms │ PO: 38.22ms │ Tot: 269.90ms │ Hit: 6% │ Bounces: 1.66
[318/400] │ Θ: 284° │ Φ: 161° │ RT: 254.92ms │ PO: 36.27ms │ Tot: 291.23ms │ Hit: 5% │ Bounces: 1.83
[319/400] │ Θ: 284° │ Φ: 170° │ RT: 239.92ms │ PO: 34.29ms │ Tot: 274.24ms │ Hit: 4% │ Bounces: 1.82
[320/400] │ Θ: 284° │ Φ: 180° │ RT: 224.55ms │ PO: 32.96ms │ Tot: 257.54ms │ Hit: 4% │ Bounces: 1.84
[321/400] │ Θ: 303° │ Φ: 0  ° │ RT: 182.72ms │ PO: 47.65ms │ Tot: 230.40ms │ Hit: 8% │ Bounces: 1.20
[322/400] │ Θ: 303° │ Φ: 9  ° │ RT: 191.95ms │ PO: 47.90ms │ Tot: 239.88ms │ Hit: 8% │ Bounces: 1.23
[323/400] │ Θ: 303° │ Φ: 18 ° │ RT: 199.10ms │ PO: 48.87ms │ Tot: 248.00ms │ Hit: 8% │ Bounces: 1.24
[324/400] │ Θ: 303° │ Φ: 28 ° │ RT: 217.71ms │ PO: 50.34ms │ Tot: 268.08ms │ Hit: 9% │ Bounces: 1.25
[325/400] │ Θ: 303° │ Φ: 37 ° │ RT: 202.36ms │ PO: 51.28ms │ Tot: 253.67ms │ Hit: 9% │ Bounces: 1.28
[326/400] │ Θ: 303° │ Φ: 47 ° │ RT: 203.28ms │ PO: 52.47ms │ Tot: 255.79ms │ Hit: 10% │ Bounces: 1.27
[327/400] │ Θ: 303° │ Φ: 56 ° │ RT: 205.90ms │ PO: 53.36ms │ Tot: 259.29ms │ Hit: 10% │ Bounces: 1.32
[328/400] │ Θ: 303° │ Φ: 66 ° │ RT: 211.25ms │ PO: 53.87ms │ Tot: 265.15ms │ Hit: 10% │ Bounces: 1.33
[329/400] │ Θ: 303° │ Φ: 75 ° │ RT: 207.93ms │ PO: 53.68ms │ Tot: 261.64ms │ Hit: 10% │ Bounces: 1.34
[330/400] │ Θ: 303° │ Φ: 85 ° │ RT: 187.72ms │ PO: 53.25ms │ Tot: 241.00ms │ Hit: 10% │ Bounces: 1.31
[331/400] │ Θ: 303° │ Φ: 94 ° │ RT: 201.55ms │ PO: 52.93ms │ Tot: 254.52ms │ Hit: 10% │ Bounces: 1.35
[332/400] │ Θ: 303° │ Φ: 104° │ RT: 217.24ms │ PO: 55.91ms │ Tot: 273.19ms │ Hit: 10% │ Bounces: 1.37
[333/400] │ Θ: 303° │ Φ: 113° │ RT: 234.52ms │ PO: 52.83ms │ Tot: 287.38ms │ Hit: 10% │ Bounces: 1.43
[334/400] │ Θ: 303° │ Φ: 123° │ RT: 253.93ms │ PO: 53.56ms │ Tot: 307.52ms │ Hit: 10% │ Bounces: 1.45
[335/400] │ Θ: 303° │ Φ: 132° │ RT: 261.68ms │ PO: 53.04ms │ Tot: 314.75ms │ Hit: 10% │ Bounces: 1.47
[336/400] │ Θ: 303° │ Φ: 142° │ RT: 276.13ms │ PO: 52.51ms │ Tot: 328.68ms │ Hit: 9% │ Bounces: 1.53
[337/400] │ Θ: 303° │ Φ: 151° │ RT: 290.62ms │ PO: 51.50ms │ Tot: 342.15ms │ Hit: 9% │ Bounces: 1.59
[338/400] │ Θ: 303° │ Φ: 161° │ RT: 280.76ms │ PO: 53.49ms │ Tot: 334.29ms │ Hit: 9% │ Bounces: 1.55
[339/400] │ Θ: 303° │ Φ: 170° │ RT: 271.02ms │ PO: 49.15ms │ Tot: 320.20ms │ Hit: 8% │ Bounces: 1.57
[340/400] │ Θ: 303° │ Φ: 180° │ RT: 260.62ms │ PO: 48.97ms │ Tot: 309.63ms │ Hit: 8% │ Bounces: 1.55
[341/400] │ Θ: 322° │ Φ: 0  ° │ RT: 229.39ms │ PO: 61.29ms │ Tot: 290.71ms │ Hit: 11% │ Bounces: 1.21
[342/400] │ Θ: 322° │ Φ: 9  ° │ RT: 217.37ms │ PO: 65.40ms │ Tot: 282.81ms │ Hit: 11% │ Bounces: 1.21
[343/400] │ Θ: 322° │ Φ: 18 ° │ RT: 231.67ms │ PO: 61.87ms │ Tot: 293.57ms │ Hit: 11% │ Bounces: 1.24
[344/400] │ Θ: 322° │ Φ: 28 ° │ RT: 225.31ms │ PO: 62.73ms │ Tot: 288.08ms │ Hit: 12% │ Bounces: 1.24
[345/400] │ Θ: 322° │ Φ: 37 ° │ RT: 225.39ms │ PO: 62.98ms │ Tot: 288.40ms │ Hit: 12% │ Bounces: 1.26
[346/400] │ Θ: 322° │ Φ: 47 ° │ RT: 248.10ms │ PO: 63.99ms │ Tot: 312.12ms │ Hit: 12% │ Bounces: 1.30
[347/400] │ Θ: 322° │ Φ: 56 ° │ RT: 234.58ms │ PO: 63.92ms │ Tot: 298.53ms │ Hit: 12% │ Bounces: 1.31
[348/400] │ Θ: 322° │ Φ: 66 ° │ RT: 243.23ms │ PO: 64.02ms │ Tot: 307.29ms │ Hit: 12% │ Bounces: 1.34
[349/400] │ Θ: 322° │ Φ: 75 ° │ RT: 257.77ms │ PO: 63.87ms │ Tot: 321.67ms │ Hit: 12% │ Bounces: 1.34
[350/400] │ Θ: 322° │ Φ: 85 ° │ RT: 257.37ms │ PO: 63.99ms │ Tot: 321.39ms │ Hit: 12% │ Bounces: 1.37
[351/400] │ Θ: 322° │ Φ: 94 ° │ RT: 231.87ms │ PO: 64.12ms │ Tot: 296.03ms │ Hit: 12% │ Bounces: 1.33
[352/400] │ Θ: 322° │ Φ: 104° │ RT: 250.27ms │ PO: 64.48ms │ Tot: 314.78ms │ Hit: 12% │ Bounces: 1.35
[353/400] │ Θ: 322° │ Φ: 113° │ RT: 247.95ms │ PO: 64.14ms │ Tot: 312.12ms │ Hit: 12% │ Bounces: 1.34
[354/400] │ Θ: 322° │ Φ: 123° │ RT: 262.85ms │ PO: 64.19ms │ Tot: 327.07ms │ Hit: 12% │ Bounces: 1.37
[355/400] │ Θ: 322° │ Φ: 132° │ RT: 298.90ms │ PO: 64.11ms │ Tot: 363.04ms │ Hit: 12% │ Bounces: 1.45
[356/400] │ Θ: 322° │ Φ: 142° │ RT: 285.14ms │ PO: 63.85ms │ Tot: 349.01ms │ Hit: 12% │ Bounces: 1.41
[357/400] │ Θ: 322° │ Φ: 151° │ RT: 277.03ms │ PO: 63.49ms │ Tot: 340.55ms │ Hit: 12% │ Bounces: 1.39
[358/400] │ Θ: 322° │ Φ: 161° │ RT: 296.78ms │ PO: 62.99ms │ Tot: 359.81ms │ Hit: 12% │ Bounces: 1.42
[359/400] │ Θ: 322° │ Φ: 170° │ RT: 282.10ms │ PO: 62.76ms │ Tot: 344.89ms │ Hit: 11% │ Bounces: 1.40
[360/400] │ Θ: 322° │ Φ: 180° │ RT: 282.90ms │ PO: 62.24ms │ Tot: 345.18ms │ Hit: 11% │ Bounces: 1.42
[361/400] │ Θ: 341° │ Φ: 0  ° │ RT: 233.81ms │ PO: 70.71ms │ Tot: 304.55ms │ Hit: 13% │ Bounces: 1.21
[362/400] │ Θ: 341° │ Φ: 9  ° │ RT: 230.22ms │ PO: 70.54ms │ Tot: 300.79ms │ Hit: 13% │ Bounces: 1.20
[363/400] │ Θ: 341° │ Φ: 18 ° │ RT: 232.08ms │ PO: 70.64ms │ Tot: 302.75ms │ Hit: 14% │ Bounces: 1.22
[364/400] │ Θ: 341° │ Φ: 28 ° │ RT: 233.84ms │ PO: 70.68ms │ Tot: 304.55ms │ Hit: 14% │ Bounces: 1.24
[365/400] │ Θ: 341° │ Φ: 37 ° │ RT: 258.50ms │ PO: 70.75ms │ Tot: 329.28ms │ Hit: 14% │ Bounces: 1.26
[366/400] │ Θ: 341° │ Φ: 47 ° │ RT: 245.30ms │ PO: 70.96ms │ Tot: 316.30ms │ Hit: 14% │ Bounces: 1.26
[367/400] │ Θ: 341° │ Φ: 56 ° │ RT: 246.39ms │ PO: 70.96ms │ Tot: 317.38ms │ Hit: 14% │ Bounces: 1.27
[368/400] │ Θ: 341° │ Φ: 66 ° │ RT: 238.26ms │ PO: 71.16ms │ Tot: 309.46ms │ Hit: 14% │ Bounces: 1.26
[369/400] │ Θ: 341° │ Φ: 75 ° │ RT: 234.74ms │ PO: 71.17ms │ Tot: 305.94ms │ Hit: 14% │ Bounces: 1.26
[370/400] │ Θ: 341° │ Φ: 85 ° │ RT: 241.81ms │ PO: 71.39ms │ Tot: 313.23ms │ Hit: 14% │ Bounces: 1.28
[371/400] │ Θ: 341° │ Φ: 94 ° │ RT: 248.19ms │ PO: 71.32ms │ Tot: 319.54ms │ Hit: 14% │ Bounces: 1.29
[372/400] │ Θ: 341° │ Φ: 104° │ RT: 249.46ms │ PO: 71.36ms │ Tot: 320.85ms │ Hit: 14% │ Bounces: 1.30
[373/400] │ Θ: 341° │ Φ: 113° │ RT: 246.87ms │ PO: 71.43ms │ Tot: 318.33ms │ Hit: 14% │ Bounces: 1.27
[374/400] │ Θ: 341° │ Φ: 123° │ RT: 262.54ms │ PO: 71.43ms │ Tot: 334.01ms │ Hit: 14% │ Bounces: 1.34
[375/400] │ Θ: 341° │ Φ: 132° │ RT: 263.61ms │ PO: 71.28ms │ Tot: 334.93ms │ Hit: 14% │ Bounces: 1.31
[376/400] │ Θ: 341° │ Φ: 142° │ RT: 278.77ms │ PO: 71.22ms │ Tot: 350.02ms │ Hit: 14% │ Bounces: 1.33
[377/400] │ Θ: 341° │ Φ: 151° │ RT: 279.34ms │ PO: 71.19ms │ Tot: 350.57ms │ Hit: 14% │ Bounces: 1.31
[378/400] │ Θ: 341° │ Φ: 161° │ RT: 286.84ms │ PO: 70.91ms │ Tot: 357.79ms │ Hit: 14% │ Bounces: 1.34
[379/400] │ Θ: 341° │ Φ: 170° │ RT: 314.58ms │ PO: 70.80ms │ Tot: 385.41ms │ Hit: 14% │ Bounces: 1.36
[380/400] │ Θ: 341° │ Φ: 180° │ RT: 271.48ms │ PO: 70.95ms │ Tot: 342.47ms │ Hit: 14% │ Bounces: 1.34
[381/400] │ Θ: 360° │ Φ: 0  ° │ RT: 212.85ms │ PO: 73.76ms │ Tot: 286.64ms │ Hit: 14% │ Bounces: 1.20
[382/400] │ Θ: 360° │ Φ: 9  ° │ RT: 216.20ms │ PO: 73.68ms │ Tot: 289.91ms │ Hit: 14% │ Bounces: 1.22
[383/400] │ Θ: 360° │ Φ: 18 ° │ RT: 217.46ms │ PO: 73.71ms │ Tot: 291.21ms │ Hit: 14% │ Bounces: 1.22
[384/400] │ Θ: 360° │ Φ: 28 ° │ RT: 208.45ms │ PO: 73.65ms │ Tot: 282.13ms │ Hit: 14% │ Bounces: 1.20
[385/400] │ Θ: 360° │ Φ: 37 ° │ RT: 207.65ms │ PO: 73.58ms │ Tot: 281.26ms │ Hit: 14% │ Bounces: 1.20
[386/400] │ Θ: 360° │ Φ: 47 ° │ RT: 208.91ms │ PO: 73.77ms │ Tot: 282.71ms │ Hit: 14% │ Bounces: 1.20
[387/400] │ Θ: 360° │ Φ: 56 ° │ RT: 221.35ms │ PO: 73.81ms │ Tot: 295.19ms │ Hit: 14% │ Bounces: 1.22
[388/400] │ Θ: 360° │ Φ: 66 ° │ RT: 224.79ms │ PO: 73.76ms │ Tot: 298.58ms │ Hit: 14% │ Bounces: 1.23
[389/400] │ Θ: 360° │ Φ: 75 ° │ RT: 229.59ms │ PO: 73.59ms │ Tot: 303.21ms │ Hit: 14% │ Bounces: 1.23
[390/400] │ Θ: 360° │ Φ: 85 ° │ RT: 228.81ms │ PO: 73.67ms │ Tot: 302.51ms │ Hit: 14% │ Bounces: 1.23
[391/400] │ Θ: 360° │ Φ: 94 ° │ RT: 232.07ms │ PO: 73.72ms │ Tot: 305.81ms │ Hit: 14% │ Bounces: 1.24
[392/400] │ Θ: 360° │ Φ: 104° │ RT: 230.02ms │ PO: 73.79ms │ Tot: 303.83ms │ Hit: 14% │ Bounces: 1.24
[393/400] │ Θ: 360° │ Φ: 113° │ RT: 232.11ms │ PO: 73.70ms │ Tot: 305.84ms │ Hit: 14% │ Bounces: 1.25
[394/400] │ Θ: 360° │ Φ: 123° │ RT: 232.18ms │ PO: 73.79ms │ Tot: 306.00ms │ Hit: 14% │ Bounces: 1.26
[395/400] │ Θ: 360° │ Φ: 132° │ RT: 232.22ms │ PO: 73.81ms │ Tot: 306.07ms │ Hit: 14% │ Bounces: 1.26
[396/400] │ Θ: 360° │ Φ: 142° │ RT: 232.05ms │ PO: 73.71ms │ Tot: 305.79ms │ Hit: 14% │ Bounces: 1.25
[397/400] │ Θ: 360° │ Φ: 151° │ RT: 231.29ms │ PO: 73.68ms │ Tot: 305.00ms │ Hit: 14% │ Bounces: 1.25
[398/400] │ Θ: 360° │ Φ: 161° │ RT: 225.14ms │ PO: 73.60ms │ Tot: 298.77ms │ Hit: 14% │ Bounces: 1.24
[399/400] │ Θ: 360° │ Φ: 170° │ RT: 217.87ms │ PO: 73.63ms │ Tot: 291.54ms │ Hit: 14% │ Bounces: 1.23
[400/400] │ Θ: 360° │ Φ: 180° │ RT: 213.73ms │ PO: 73.80ms │ Tot: 287.56ms │ Hit: 14% │ Bounces: 1.22
└──────────────────────────────────────────────────┘

┌── SWEEP PERFORMANCE BREAKDOWN                    ┐
│ Ray Tracing Kernel (total): 101765.43 ms
│ PO Integration Kernel (total): 22970.76 ms
│ Memset (total)      : 4.64 ms
│ Memcpy D2H (total)  : 5.26 ms
│ File Writes (total) : 4.01 ms
│ Stats Computation (total): 51917.21 ms
│ ─────────────────:  
│ GPU Time (kernels only): 124736.19 ms
│ Total Sweep Wall Time: 176707.07 ms
└──────────────────────────────────────────────────┘

┌── PER-ITERATION AVERAGES                         ┐
│ Ray Tracing Kernel  : 254.41 ms
│ PO Integration Kernel: 57.43 ms
│ Memset              : 0.01 ms
│ Memcpy D2H          : 0.01 ms
│ File Write          : 0.01 ms
│ ─────────────────:  
│ Total Points        : 400 
│ Average Time/Point  : 441.77 ms
└──────────────────────────────────────────────────┘

┌── CLEANUP                                        ┐
│  Device memory released. Success.
└──────────────────────────────────────────────────┘

┌── TOTAL TIMING BREAKDOWN                         ┐
│ Model Loading       : 635.30 ms
│ BVH Construction    : 3630.82 ms
│ GPU Memory Alloc    : 1640.11 ms
│ File Open/Header    : 0.18 ms
│ Sweep Execution     : 176707.07 ms
│ File Close          : 0.20 ms
│ Cleanup             : 3.20 ms
│ ─────────────────:  
│ Total App Time      : 184040.13 ms
└──────────────────────────────────────────────────┘
[CRAYBLAS_WARNING] Application linked against multiple cray-libsci libraries
