╔═══════════════════════════════════════════════════╗
║  SagittaSBR  >>---->  MONOSTATIC RCS CALCULATION  ║
╚═══════════════════════════════════════════════════╝
Using frequency from config file: 1e+10 Hz
╔═══════════════════════════════════════════════════╗
║                   GPU INFORMATION                 ║
╠═══════════════════════════════════════════════════╣
║ Device: AMD Instinct MI250X
║ Compute Capability: 9.0
║ Total Global Memory: 63.9844 GB
║ Multiprocessors: 110
║ Max Threads per Block: 1024
╚═══════════════════════════════════════════════════╝


┌── MEMORY ALLOCATION                              ┐
│  BVH buffers and world setup complete.
└──────────────────────────────────────────────────┘

┌── INITIALIZATION TIMING                          ┐
│ Model Loading       : 625.36 ms
│ BVH Construction    : 3655.45 ms
│ GPU Memory Alloc    : 1647.03 ms
│ Total Init Time     : 5927.84 ms
│ Triangle Count      : 161962 
│ BVH Node Count      : 111289 
└──────────────────────────────────────────────────┘

┌── SIMULATION PARAMETERS                          ┐
│ Frequency           : 10 GHz
│ Wavelength          : 29.9792 mm
│ Wave Number k       : 209.585 rad/m
│ Illumination Area   : 10000 m²
│ Grid Size           : 20000x20000 
│ Total Rays          : 400000000 
│ Ray Density         : 40000 rays/m²
│ Ray Area            : 2.5e-05 m²
│ Phi Range           : 0.000000 to 180.000000 
│ Theta Range         : 0.000000 to 360.000000 
│ Show GPU info       : 1 
│ Show Hit info       : 1 
└──────────────────────────────────────────────────┘

┌── EXECUTING SWEEP                                ┐
[1  /400] │ Θ: 0  ° │ Φ: 0  ° │ RT: 212.84ms │ PO: 74.30ms │ Tot: 287.19ms │ Hit: 14% │ Bounces: 1.21
[2  /400] │ Θ: 0  ° │ Φ: 9  ° │ RT: 213.10ms │ PO: 75.03ms │ Tot: 288.16ms │ Hit: 14% │ Bounces: 1.21
[3  /400] │ Θ: 0  ° │ Φ: 18 ° │ RT: 213.62ms │ PO: 74.43ms │ Tot: 288.08ms │ Hit: 14% │ Bounces: 1.21
[4  /400] │ Θ: 0  ° │ Φ: 28 ° │ RT: 212.68ms │ PO: 75.18ms │ Tot: 287.90ms │ Hit: 14% │ Bounces: 1.21
[5  /400] │ Θ: 0  ° │ Φ: 37 ° │ RT: 212.88ms │ PO: 74.22ms │ Tot: 287.13ms │ Hit: 14% │ Bounces: 1.21
[6  /400] │ Θ: 0  ° │ Φ: 47 ° │ RT: 213.36ms │ PO: 74.50ms │ Tot: 287.89ms │ Hit: 14% │ Bounces: 1.21
[7  /400] │ Θ: 0  ° │ Φ: 56 ° │ RT: 212.30ms │ PO: 74.73ms │ Tot: 287.07ms │ Hit: 14% │ Bounces: 1.21
[8  /400] │ Θ: 0  ° │ Φ: 66 ° │ RT: 210.93ms │ PO: 74.35ms │ Tot: 285.31ms │ Hit: 14% │ Bounces: 1.21
[9  /400] │ Θ: 0  ° │ Φ: 75 ° │ RT: 213.44ms │ PO: 74.43ms │ Tot: 287.91ms │ Hit: 14% │ Bounces: 1.21
[10 /400] │ Θ: 0  ° │ Φ: 85 ° │ RT: 213.01ms │ PO: 74.36ms │ Tot: 287.41ms │ Hit: 14% │ Bounces: 1.21
[11 /400] │ Θ: 0  ° │ Φ: 94 ° │ RT: 213.37ms │ PO: 74.46ms │ Tot: 287.86ms │ Hit: 14% │ Bounces: 1.21
[12 /400] │ Θ: 0  ° │ Φ: 104° │ RT: 213.66ms │ PO: 74.27ms │ Tot: 287.97ms │ Hit: 14% │ Bounces: 1.21
[13 /400] │ Θ: 0  ° │ Φ: 113° │ RT: 211.63ms │ PO: 74.39ms │ Tot: 286.05ms │ Hit: 14% │ Bounces: 1.21
[14 /400] │ Θ: 0  ° │ Φ: 123° │ RT: 213.70ms │ PO: 81.70ms │ Tot: 295.43ms │ Hit: 14% │ Bounces: 1.21
[15 /400] │ Θ: 0  ° │ Φ: 132° │ RT: 212.46ms │ PO: 81.07ms │ Tot: 293.56ms │ Hit: 14% │ Bounces: 1.21
[16 /400] │ Θ: 0  ° │ Φ: 142° │ RT: 212.52ms │ PO: 74.43ms │ Tot: 286.98ms │ Hit: 14% │ Bounces: 1.21
[17 /400] │ Θ: 0  ° │ Φ: 151° │ RT: 212.91ms │ PO: 74.17ms │ Tot: 287.12ms │ Hit: 14% │ Bounces: 1.21
[18 /400] │ Θ: 0  ° │ Φ: 161° │ RT: 212.98ms │ PO: 79.62ms │ Tot: 292.63ms │ Hit: 14% │ Bounces: 1.21
[19 /400] │ Θ: 0  ° │ Φ: 170° │ RT: 212.43ms │ PO: 74.30ms │ Tot: 286.76ms │ Hit: 14% │ Bounces: 1.21
[20 /400] │ Θ: 0  ° │ Φ: 180° │ RT: 213.46ms │ PO: 74.20ms │ Tot: 287.69ms │ Hit: 14% │ Bounces: 1.21
[21 /400] │ Θ: 18 ° │ Φ: 0  ° │ RT: 267.59ms │ PO: 72.08ms │ Tot: 339.70ms │ Hit: 14% │ Bounces: 1.33
[22 /400] │ Θ: 18 ° │ Φ: 9  ° │ RT: 276.70ms │ PO: 71.94ms │ Tot: 348.68ms │ Hit: 14% │ Bounces: 1.33
[23 /400] │ Θ: 18 ° │ Φ: 18 ° │ RT: 276.29ms │ PO: 71.56ms │ Tot: 347.89ms │ Hit: 14% │ Bounces: 1.38
[24 /400] │ Θ: 18 ° │ Φ: 28 ° │ RT: 257.67ms │ PO: 71.61ms │ Tot: 329.32ms │ Hit: 14% │ Bounces: 1.29
[25 /400] │ Θ: 18 ° │ Φ: 37 ° │ RT: 259.11ms │ PO: 71.97ms │ Tot: 331.12ms │ Hit: 14% │ Bounces: 1.32
[26 /400] │ Θ: 18 ° │ Φ: 47 ° │ RT: 270.47ms │ PO: 72.02ms │ Tot: 342.52ms │ Hit: 14% │ Bounces: 1.33
[27 /400] │ Θ: 18 ° │ Φ: 56 ° │ RT: 250.80ms │ PO: 71.92ms │ Tot: 322.75ms │ Hit: 14% │ Bounces: 1.32
[28 /400] │ Θ: 18 ° │ Φ: 66 ° │ RT: 258.01ms │ PO: 71.92ms │ Tot: 329.96ms │ Hit: 14% │ Bounces: 1.33
[29 /400] │ Θ: 18 ° │ Φ: 75 ° │ RT: 231.38ms │ PO: 73.03ms │ Tot: 304.44ms │ Hit: 14% │ Bounces: 1.28
[30 /400] │ Θ: 18 ° │ Φ: 85 ° │ RT: 239.55ms │ PO: 72.10ms │ Tot: 311.68ms │ Hit: 14% │ Bounces: 1.29
[31 /400] │ Θ: 18 ° │ Φ: 94 ° │ RT: 242.50ms │ PO: 73.04ms │ Tot: 315.57ms │ Hit: 14% │ Bounces: 1.31
[32 /400] │ Θ: 18 ° │ Φ: 104° │ RT: 237.05ms │ PO: 71.68ms │ Tot: 308.76ms │ Hit: 14% │ Bounces: 1.29
[33 /400] │ Θ: 18 ° │ Φ: 113° │ RT: 238.61ms │ PO: 71.94ms │ Tot: 310.59ms │ Hit: 14% │ Bounces: 1.29
[34 /400] │ Θ: 18 ° │ Φ: 123° │ RT: 245.10ms │ PO: 71.84ms │ Tot: 316.97ms │ Hit: 14% │ Bounces: 1.29
[35 /400] │ Θ: 18 ° │ Φ: 132° │ RT: 250.34ms │ PO: 77.46ms │ Tot: 327.84ms │ Hit: 14% │ Bounces: 1.27
[36 /400] │ Θ: 18 ° │ Φ: 142° │ RT: 268.46ms │ PO: 74.79ms │ Tot: 343.29ms │ Hit: 14% │ Bounces: 1.28
[37 /400] │ Θ: 18 ° │ Φ: 151° │ RT: 227.53ms │ PO: 71.31ms │ Tot: 298.88ms │ Hit: 14% │ Bounces: 1.22
[38 /400] │ Θ: 18 ° │ Φ: 161° │ RT: 238.58ms │ PO: 71.28ms │ Tot: 309.90ms │ Hit: 14% │ Bounces: 1.22
[39 /400] │ Θ: 18 ° │ Φ: 170° │ RT: 234.81ms │ PO: 72.31ms │ Tot: 307.15ms │ Hit: 13% │ Bounces: 1.21
[40 /400] │ Θ: 18 ° │ Φ: 180° │ RT: 230.31ms │ PO: 71.99ms │ Tot: 302.34ms │ Hit: 13% │ Bounces: 1.20
[41 /400] │ Θ: 37 ° │ Φ: 0  ° │ RT: 282.84ms │ PO: 67.54ms │ Tot: 350.41ms │ Hit: 11% │ Bounces: 1.40
[42 /400] │ Θ: 37 ° │ Φ: 9  ° │ RT: 306.47ms │ PO: 63.05ms │ Tot: 369.56ms │ Hit: 11% │ Bounces: 1.45
[43 /400] │ Θ: 37 ° │ Φ: 18 ° │ RT: 295.07ms │ PO: 63.92ms │ Tot: 359.03ms │ Hit: 12% │ Bounces: 1.45
[44 /400] │ Θ: 37 ° │ Φ: 28 ° │ RT: 276.69ms │ PO: 63.95ms │ Tot: 340.67ms │ Hit: 12% │ Bounces: 1.39
[45 /400] │ Θ: 37 ° │ Φ: 37 ° │ RT: 273.82ms │ PO: 65.16ms │ Tot: 339.01ms │ Hit: 12% │ Bounces: 1.39
[46 /400] │ Θ: 37 ° │ Φ: 47 ° │ RT: 273.10ms │ PO: 68.60ms │ Tot: 341.74ms │ Hit: 12% │ Bounces: 1.38
[47 /400] │ Θ: 37 ° │ Φ: 56 ° │ RT: 264.87ms │ PO: 64.76ms │ Tot: 329.67ms │ Hit: 12% │ Bounces: 1.40
[48 /400] │ Θ: 37 ° │ Φ: 66 ° │ RT: 250.87ms │ PO: 64.66ms │ Tot: 315.56ms │ Hit: 12% │ Bounces: 1.37
[49 /400] │ Θ: 37 ° │ Φ: 75 ° │ RT: 237.95ms │ PO: 64.51ms │ Tot: 302.49ms │ Hit: 12% │ Bounces: 1.34
[50 /400] │ Θ: 37 ° │ Φ: 85 ° │ RT: 230.26ms │ PO: 65.10ms │ Tot: 295.40ms │ Hit: 12% │ Bounces: 1.35
[51 /400] │ Θ: 37 ° │ Φ: 94 ° │ RT: 226.64ms │ PO: 64.27ms │ Tot: 290.94ms │ Hit: 12% │ Bounces: 1.35
[52 /400] │ Θ: 37 ° │ Φ: 104° │ RT: 244.37ms │ PO: 64.58ms │ Tot: 308.98ms │ Hit: 12% │ Bounces: 1.34
[53 /400] │ Θ: 37 ° │ Φ: 113° │ RT: 241.81ms │ PO: 64.55ms │ Tot: 306.39ms │ Hit: 12% │ Bounces: 1.36
[54 /400] │ Θ: 37 ° │ Φ: 123° │ RT: 239.14ms │ PO: 64.57ms │ Tot: 303.74ms │ Hit: 12% │ Bounces: 1.32
[55 /400] │ Θ: 37 ° │ Φ: 132° │ RT: 243.04ms │ PO: 70.99ms │ Tot: 314.06ms │ Hit: 12% │ Bounces: 1.30
[56 /400] │ Θ: 37 ° │ Φ: 142° │ RT: 258.96ms │ PO: 63.41ms │ Tot: 322.40ms │ Hit: 12% │ Bounces: 1.29
[57 /400] │ Θ: 37 ° │ Φ: 151° │ RT: 238.20ms │ PO: 62.99ms │ Tot: 301.23ms │ Hit: 12% │ Bounces: 1.27
[58 /400] │ Θ: 37 ° │ Φ: 161° │ RT: 260.91ms │ PO: 62.79ms │ Tot: 323.74ms │ Hit: 11% │ Bounces: 1.27
[59 /400] │ Θ: 37 ° │ Φ: 170° │ RT: 229.05ms │ PO: 68.13ms │ Tot: 297.21ms │ Hit: 11% │ Bounces: 1.22
[60 /400] │ Θ: 37 ° │ Φ: 180° │ RT: 229.18ms │ PO: 67.61ms │ Tot: 296.83ms │ Hit: 11% │ Bounces: 1.22
[61 /400] │ Θ: 56 ° │ Φ: 0  ° │ RT: 255.92ms │ PO: 51.40ms │ Tot: 307.35ms │ Hit: 8% │ Bounces: 1.53
[62 /400] │ Θ: 56 ° │ Φ: 9  ° │ RT: 286.34ms │ PO: 49.88ms │ Tot: 336.25ms │ Hit: 8% │ Bounces: 1.62
[63 /400] │ Θ: 56 ° │ Φ: 18 ° │ RT: 287.26ms │ PO: 53.29ms │ Tot: 340.58ms │ Hit: 9% │ Bounces: 1.59
[64 /400] │ Θ: 56 ° │ Φ: 28 ° │ RT: 286.90ms │ PO: 51.73ms │ Tot: 338.66ms │ Hit: 9% │ Bounces: 1.60
[65 /400] │ Θ: 56 ° │ Φ: 37 ° │ RT: 270.62ms │ PO: 52.76ms │ Tot: 323.42ms │ Hit: 9% │ Bounces: 1.52
[66 /400] │ Θ: 56 ° │ Φ: 47 ° │ RT: 262.89ms │ PO: 53.91ms │ Tot: 316.84ms │ Hit: 10% │ Bounces: 1.53
[67 /400] │ Θ: 56 ° │ Φ: 56 ° │ RT: 247.85ms │ PO: 53.46ms │ Tot: 301.35ms │ Hit: 10% │ Bounces: 1.48
[68 /400] │ Θ: 56 ° │ Φ: 66 ° │ RT: 226.47ms │ PO: 53.07ms │ Tot: 279.57ms │ Hit: 10% │ Bounces: 1.44
[69 /400] │ Θ: 56 ° │ Φ: 75 ° │ RT: 209.99ms │ PO: 53.03ms │ Tot: 263.06ms │ Hit: 10% │ Bounces: 1.40
[70 /400] │ Θ: 56 ° │ Φ: 85 ° │ RT: 191.82ms │ PO: 54.55ms │ Tot: 246.40ms │ Hit: 10% │ Bounces: 1.36
[71 /400] │ Θ: 56 ° │ Φ: 94 ° │ RT: 209.59ms │ PO: 57.05ms │ Tot: 266.67ms │ Hit: 10% │ Bounces: 1.37
[72 /400] │ Θ: 56 ° │ Φ: 104° │ RT: 214.47ms │ PO: 54.52ms │ Tot: 269.02ms │ Hit: 10% │ Bounces: 1.36
[73 /400] │ Θ: 56 ° │ Φ: 113° │ RT: 221.40ms │ PO: 61.52ms │ Tot: 282.95ms │ Hit: 10% │ Bounces: 1.35
[74 /400] │ Θ: 56 ° │ Φ: 123° │ RT: 221.66ms │ PO: 54.48ms │ Tot: 276.18ms │ Hit: 10% │ Bounces: 1.32
[75 /400] │ Θ: 56 ° │ Φ: 132° │ RT: 208.99ms │ PO: 53.00ms │ Tot: 262.02ms │ Hit: 10% │ Bounces: 1.30
[76 /400] │ Θ: 56 ° │ Φ: 142° │ RT: 204.21ms │ PO: 54.43ms │ Tot: 258.68ms │ Hit: 9% │ Bounces: 1.28
[77 /400] │ Θ: 56 ° │ Φ: 151° │ RT: 222.80ms │ PO: 50.78ms │ Tot: 273.62ms │ Hit: 9% │ Bounces: 1.26
[78 /400] │ Θ: 56 ° │ Φ: 161° │ RT: 201.75ms │ PO: 49.34ms │ Tot: 251.12ms │ Hit: 8% │ Bounces: 1.24
[79 /400] │ Θ: 56 ° │ Φ: 170° │ RT: 188.62ms │ PO: 51.33ms │ Tot: 239.98ms │ Hit: 8% │ Bounces: 1.23
[80 /400] │ Θ: 56 ° │ Φ: 180° │ RT: 179.97ms │ PO: 48.02ms │ Tot: 228.02ms │ Hit: 8% │ Bounces: 1.19
[81 /400] │ Θ: 75 ° │ Φ: 0  ° │ RT: 226.68ms │ PO: 33.13ms │ Tot: 259.84ms │ Hit: 4% │ Bounces: 1.83
[82 /400] │ Θ: 75 ° │ Φ: 9  ° │ RT: 243.02ms │ PO: 34.33ms │ Tot: 277.39ms │ Hit: 4% │ Bounces: 1.85
[83 /400] │ Θ: 75 ° │ Φ: 18 ° │ RT: 241.50ms │ PO: 37.63ms │ Tot: 279.16ms │ Hit: 5% │ Bounces: 1.79
[84 /400] │ Θ: 75 ° │ Φ: 28 ° │ RT: 219.17ms │ PO: 38.25ms │ Tot: 257.45ms │ Hit: 6% │ Bounces: 1.65
[85 /400] │ Θ: 75 ° │ Φ: 37 ° │ RT: 211.08ms │ PO: 39.28ms │ Tot: 250.39ms │ Hit: 6% │ Bounces: 1.59
[86 /400] │ Θ: 75 ° │ Φ: 47 ° │ RT: 190.67ms │ PO: 40.95ms │ Tot: 231.65ms │ Hit: 7% │ Bounces: 1.49
[87 /400] │ Θ: 75 ° │ Φ: 56 ° │ RT: 179.85ms │ PO: 41.65ms │ Tot: 221.54ms │ Hit: 7% │ Bounces: 1.46
[88 /400] │ Θ: 75 ° │ Φ: 66 ° │ RT: 171.46ms │ PO: 42.32ms │ Tot: 213.81ms │ Hit: 7% │ Bounces: 1.43
[89 /400] │ Θ: 75 ° │ Φ: 75 ° │ RT: 140.66ms │ PO: 42.30ms │ Tot: 182.99ms │ Hit: 7% │ Bounces: 1.34
[90 /400] │ Θ: 75 ° │ Φ: 85 ° │ RT: 126.91ms │ PO: 40.15ms │ Tot: 167.08ms │ Hit: 8% │ Bounces: 1.30
[91 /400] │ Θ: 75 ° │ Φ: 94 ° │ RT: 133.20ms │ PO: 40.92ms │ Tot: 174.15ms │ Hit: 8% │ Bounces: 1.27
[92 /400] │ Θ: 75 ° │ Φ: 104° │ RT: 142.76ms │ PO: 42.65ms │ Tot: 185.44ms │ Hit: 7% │ Bounces: 1.32
[93 /400] │ Θ: 75 ° │ Φ: 113° │ RT: 144.14ms │ PO: 41.10ms │ Tot: 185.27ms │ Hit: 7% │ Bounces: 1.32
[94 /400] │ Θ: 75 ° │ Φ: 123° │ RT: 152.27ms │ PO: 39.18ms │ Tot: 191.48ms │ Hit: 6% │ Bounces: 1.38
[95 /400] │ Θ: 75 ° │ Φ: 132° │ RT: 163.53ms │ PO: 37.23ms │ Tot: 200.79ms │ Hit: 6% │ Bounces: 1.38
[96 /400] │ Θ: 75 ° │ Φ: 142° │ RT: 165.92ms │ PO: 35.76ms │ Tot: 201.71ms │ Hit: 5% │ Bounces: 1.43
[97 /400] │ Θ: 75 ° │ Φ: 151° │ RT: 164.12ms │ PO: 34.39ms │ Tot: 198.53ms │ Hit: 5% │ Bounces: 1.45
[98 /400] │ Θ: 75 ° │ Φ: 161° │ RT: 167.72ms │ PO: 33.57ms │ Tot: 201.32ms │ Hit: 5% │ Bounces: 1.49
[99 /400] │ Θ: 75 ° │ Φ: 170° │ RT: 158.54ms │ PO: 32.51ms │ Tot: 191.08ms │ Hit: 4% │ Bounces: 1.43
[100/400] │ Θ: 75 ° │ Φ: 180° │ RT: 144.83ms │ PO: 31.88ms │ Tot: 176.74ms │ Hit: 4% │ Bounces: 1.39
[101/400] │ Θ: 94 ° │ Φ: 0  ° │ RT: 182.90ms │ PO: 24.38ms │ Tot: 207.32ms │ Hit: 2% │ Bounces: 2.23
[102/400] │ Θ: 94 ° │ Φ: 9  ° │ RT: 190.18ms │ PO: 25.85ms │ Tot: 216.07ms │ Hit: 3% │ Bounces: 2.11
[103/400] │ Θ: 94 ° │ Φ: 18 ° │ RT: 205.42ms │ PO: 27.72ms │ Tot: 233.18ms │ Hit: 3% │ Bounces: 2.06
[104/400] │ Θ: 94 ° │ Φ: 28 ° │ RT: 198.02ms │ PO: 29.25ms │ Tot: 227.30ms │ Hit: 4% │ Bounces: 1.97
[105/400] │ Θ: 94 ° │ Φ: 37 ° │ RT: 201.24ms │ PO: 30.72ms │ Tot: 231.99ms │ Hit: 4% │ Bounces: 1.86
[106/400] │ Θ: 94 ° │ Φ: 47 ° │ RT: 168.83ms │ PO: 32.07ms │ Tot: 200.92ms │ Hit: 5% │ Bounces: 1.69
[107/400] │ Θ: 94 ° │ Φ: 56 ° │ RT: 150.45ms │ PO: 34.84ms │ Tot: 185.33ms │ Hit: 5% │ Bounces: 1.57
[108/400] │ Θ: 94 ° │ Φ: 66 ° │ RT: 140.72ms │ PO: 36.39ms │ Tot: 177.15ms │ Hit: 6% │ Bounces: 1.48
[109/400] │ Θ: 94 ° │ Φ: 75 ° │ RT: 127.90ms │ PO: 37.85ms │ Tot: 165.78ms │ Hit: 6% │ Bounces: 1.37
[110/400] │ Θ: 94 ° │ Φ: 85 ° │ RT: 109.75ms │ PO: 38.93ms │ Tot: 148.71ms │ Hit: 6% │ Bounces: 1.30
[111/400] │ Θ: 94 ° │ Φ: 94 ° │ RT: 121.38ms │ PO: 38.56ms │ Tot: 159.97ms │ Hit: 6% │ Bounces: 1.31
[112/400] │ Θ: 94 ° │ Φ: 104° │ RT: 127.69ms │ PO: 37.49ms │ Tot: 165.22ms │ Hit: 6% │ Bounces: 1.34
[113/400] │ Θ: 94 ° │ Φ: 113° │ RT: 145.98ms │ PO: 37.20ms │ Tot: 183.22ms │ Hit: 6% │ Bounces: 1.43
[114/400] │ Θ: 94 ° │ Φ: 123° │ RT: 171.54ms │ PO: 36.53ms │ Tot: 208.11ms │ Hit: 6% │ Bounces: 1.52
[115/400] │ Θ: 94 ° │ Φ: 132° │ RT: 210.47ms │ PO: 34.59ms │ Tot: 245.10ms │ Hit: 5% │ Bounces: 1.74
[116/400] │ Θ: 94 ° │ Φ: 142° │ RT: 232.84ms │ PO: 33.05ms │ Tot: 265.93ms │ Hit: 5% │ Bounces: 1.88
[117/400] │ Θ: 94 ° │ Φ: 151° │ RT: 230.46ms │ PO: 32.53ms │ Tot: 263.02ms │ Hit: 4% │ Bounces: 2.09
[118/400] │ Θ: 94 ° │ Φ: 161° │ RT: 215.06ms │ PO: 30.25ms │ Tot: 245.34ms │ Hit: 4% │ Bounces: 2.20
[119/400] │ Θ: 94 ° │ Φ: 170° │ RT: 215.45ms │ PO: 27.77ms │ Tot: 243.25ms │ Hit: 3% │ Bounces: 2.56
[120/400] │ Θ: 94 ° │ Φ: 180° │ RT: 208.25ms │ PO: 25.94ms │ Tot: 234.22ms │ Hit: 2% │ Bounces: 2.74
[121/400] │ Θ: 113° │ Φ: 0  ° │ RT: 265.67ms │ PO: 40.11ms │ Tot: 305.81ms │ Hit: 6% │ Bounces: 1.75
[122/400] │ Θ: 113° │ Φ: 9  ° │ RT: 250.37ms │ PO: 40.26ms │ Tot: 290.66ms │ Hit: 6% │ Bounces: 1.70
[123/400] │ Θ: 113° │ Φ: 18 ° │ RT: 258.42ms │ PO: 41.15ms │ Tot: 299.60ms │ Hit: 6% │ Bounces: 1.72
[124/400] │ Θ: 113° │ Φ: 28 ° │ RT: 269.81ms │ PO: 42.56ms │ Tot: 312.40ms │ Hit: 7% │ Bounces: 1.77
[125/400] │ Θ: 113° │ Φ: 37 ° │ RT: 282.88ms │ PO: 44.28ms │ Tot: 327.20ms │ Hit: 7% │ Bounces: 1.79
[126/400] │ Θ: 113° │ Φ: 47 ° │ RT: 257.79ms │ PO: 45.58ms │ Tot: 303.41ms │ Hit: 8% │ Bounces: 1.74
[127/400] │ Θ: 113° │ Φ: 56 ° │ RT: 268.94ms │ PO: 47.48ms │ Tot: 316.45ms │ Hit: 8% │ Bounces: 1.74
[128/400] │ Θ: 113° │ Φ: 66 ° │ RT: 234.82ms │ PO: 51.48ms │ Tot: 286.33ms │ Hit: 9% │ Bounces: 1.68
[129/400] │ Θ: 113° │ Φ: 75 ° │ RT: 233.60ms │ PO: 47.88ms │ Tot: 281.51ms │ Hit: 9% │ Bounces: 1.68
[130/400] │ Θ: 113° │ Φ: 85 ° │ RT: 222.97ms │ PO: 47.09ms │ Tot: 270.09ms │ Hit: 9% │ Bounces: 1.63
[131/400] │ Θ: 113° │ Φ: 94 ° │ RT: 209.54ms │ PO: 47.11ms │ Tot: 256.68ms │ Hit: 9% │ Bounces: 1.58
[132/400] │ Θ: 113° │ Φ: 104° │ RT: 216.40ms │ PO: 46.88ms │ Tot: 263.31ms │ Hit: 9% │ Bounces: 1.60
[133/400] │ Θ: 113° │ Φ: 113° │ RT: 255.28ms │ PO: 47.14ms │ Tot: 302.45ms │ Hit: 9% │ Bounces: 1.65
[134/400] │ Θ: 113° │ Φ: 123° │ RT: 286.97ms │ PO: 47.50ms │ Tot: 334.49ms │ Hit: 8% │ Bounces: 1.76
[135/400] │ Θ: 113° │ Φ: 132° │ RT: 314.05ms │ PO: 46.72ms │ Tot: 360.80ms │ Hit: 8% │ Bounces: 1.85
[136/400] │ Θ: 113° │ Φ: 142° │ RT: 326.47ms │ PO: 47.07ms │ Tot: 373.58ms │ Hit: 8% │ Bounces: 1.95
[137/400] │ Θ: 113° │ Φ: 151° │ RT: 323.99ms │ PO: 44.99ms │ Tot: 369.00ms │ Hit: 7% │ Bounces: 2.05
[138/400] │ Θ: 113° │ Φ: 161° │ RT: 315.22ms │ PO: 43.80ms │ Tot: 359.06ms │ Hit: 7% │ Bounces: 2.06
[139/400] │ Θ: 113° │ Φ: 170° │ RT: 319.53ms │ PO: 42.20ms │ Tot: 361.77ms │ Hit: 6% │ Bounces: 2.07
[140/400] │ Θ: 113° │ Φ: 180° │ RT: 303.19ms │ PO: 40.99ms │ Tot: 344.21ms │ Hit: 6% │ Bounces: 2.09
[141/400] │ Θ: 132° │ Φ: 0  ° │ RT: 322.89ms │ PO: 55.38ms │ Tot: 378.30ms │ Hit: 10% │ Bounces: 1.62
[142/400] │ Θ: 132° │ Φ: 9  ° │ RT: 328.56ms │ PO: 55.82ms │ Tot: 384.42ms │ Hit: 10% │ Bounces: 1.64
[143/400] │ Θ: 132° │ Φ: 18 ° │ RT: 317.98ms │ PO: 56.29ms │ Tot: 374.30ms │ Hit: 10% │ Bounces: 1.59
[144/400] │ Θ: 132° │ Φ: 28 ° │ RT: 331.12ms │ PO: 57.66ms │ Tot: 388.82ms │ Hit: 10% │ Bounces: 1.59
[145/400] │ Θ: 132° │ Φ: 37 ° │ RT: 330.07ms │ PO: 63.97ms │ Tot: 394.08ms │ Hit: 11% │ Bounces: 1.60
[146/400] │ Θ: 132° │ Φ: 47 ° │ RT: 326.35ms │ PO: 58.79ms │ Tot: 385.18ms │ Hit: 11% │ Bounces: 1.62
[147/400] │ Θ: 132° │ Φ: 56 ° │ RT: 327.93ms │ PO: 60.08ms │ Tot: 388.04ms │ Hit: 11% │ Bounces: 1.60
[148/400] │ Θ: 132° │ Φ: 66 ° │ RT: 285.64ms │ PO: 60.10ms │ Tot: 345.78ms │ Hit: 11% │ Bounces: 1.54
[149/400] │ Θ: 132° │ Φ: 75 ° │ RT: 281.35ms │ PO: 60.20ms │ Tot: 341.59ms │ Hit: 11% │ Bounces: 1.53
[150/400] │ Θ: 132° │ Φ: 85 ° │ RT: 288.52ms │ PO: 59.41ms │ Tot: 347.96ms │ Hit: 11% │ Bounces: 1.54
[151/400] │ Θ: 132° │ Φ: 94 ° │ RT: 275.31ms │ PO: 58.87ms │ Tot: 334.21ms │ Hit: 11% │ Bounces: 1.53
[152/400] │ Θ: 132° │ Φ: 104° │ RT: 269.89ms │ PO: 60.00ms │ Tot: 329.92ms │ Hit: 11% │ Bounces: 1.49
[153/400] │ Θ: 132° │ Φ: 113° │ RT: 304.37ms │ PO: 59.24ms │ Tot: 363.65ms │ Hit: 11% │ Bounces: 1.53
[154/400] │ Θ: 132° │ Φ: 123° │ RT: 319.77ms │ PO: 59.51ms │ Tot: 379.31ms │ Hit: 11% │ Bounces: 1.58
[155/400] │ Θ: 132° │ Φ: 132° │ RT: 358.29ms │ PO: 64.35ms │ Tot: 422.68ms │ Hit: 11% │ Bounces: 1.70
[156/400] │ Θ: 132° │ Φ: 142° │ RT: 349.07ms │ PO: 58.85ms │ Tot: 407.96ms │ Hit: 11% │ Bounces: 1.70
[157/400] │ Θ: 132° │ Φ: 151° │ RT: 368.22ms │ PO: 58.40ms │ Tot: 426.66ms │ Hit: 10% │ Bounces: 1.75
[158/400] │ Θ: 132° │ Φ: 161° │ RT: 366.40ms │ PO: 57.69ms │ Tot: 424.12ms │ Hit: 10% │ Bounces: 1.80
[159/400] │ Θ: 132° │ Φ: 170° │ RT: 341.27ms │ PO: 56.93ms │ Tot: 398.23ms │ Hit: 10% │ Bounces: 1.73
[160/400] │ Θ: 132° │ Φ: 180° │ RT: 363.51ms │ PO: 56.71ms │ Tot: 420.25ms │ Hit: 10% │ Bounces: 1.77
[161/400] │ Θ: 151° │ Φ: 0  ° │ RT: 300.90ms │ PO: 67.12ms │ Tot: 368.05ms │ Hit: 13% │ Bounces: 1.42
[162/400] │ Θ: 151° │ Φ: 9  ° │ RT: 301.94ms │ PO: 67.93ms │ Tot: 369.90ms │ Hit: 13% │ Bounces: 1.39
[163/400] │ Θ: 151° │ Φ: 18 ° │ RT: 306.94ms │ PO: 67.34ms │ Tot: 374.32ms │ Hit: 13% │ Bounces: 1.41
[164/400] │ Θ: 151° │ Φ: 28 ° │ RT: 325.67ms │ PO: 72.25ms │ Tot: 397.95ms │ Hit: 13% │ Bounces: 1.44
[165/400] │ Θ: 151° │ Φ: 37 ° │ RT: 302.12ms │ PO: 67.99ms │ Tot: 370.14ms │ Hit: 13% │ Bounces: 1.37
[166/400] │ Θ: 151° │ Φ: 47 ° │ RT: 326.84ms │ PO: 68.90ms │ Tot: 395.78ms │ Hit: 13% │ Bounces: 1.43
[167/400] │ Θ: 151° │ Φ: 56 ° │ RT: 317.87ms │ PO: 68.83ms │ Tot: 386.72ms │ Hit: 13% │ Bounces: 1.47
[168/400] │ Θ: 151° │ Φ: 66 ° │ RT: 320.54ms │ PO: 68.45ms │ Tot: 389.02ms │ Hit: 13% │ Bounces: 1.45
[169/400] │ Θ: 151° │ Φ: 75 ° │ RT: 287.36ms │ PO: 68.66ms │ Tot: 356.05ms │ Hit: 13% │ Bounces: 1.39
[170/400] │ Θ: 151° │ Φ: 85 ° │ RT: 285.09ms │ PO: 69.16ms │ Tot: 354.28ms │ Hit: 13% │ Bounces: 1.37
[171/400] │ Θ: 151° │ Φ: 94 ° │ RT: 318.06ms │ PO: 68.59ms │ Tot: 386.69ms │ Hit: 13% │ Bounces: 1.42
[172/400] │ Θ: 151° │ Φ: 104° │ RT: 310.41ms │ PO: 68.61ms │ Tot: 379.05ms │ Hit: 13% │ Bounces: 1.44
[173/400] │ Θ: 151° │ Φ: 113° │ RT: 326.42ms │ PO: 75.80ms │ Tot: 402.26ms │ Hit: 13% │ Bounces: 1.47
[174/400] │ Θ: 151° │ Φ: 123° │ RT: 348.11ms │ PO: 69.86ms │ Tot: 418.00ms │ Hit: 13% │ Bounces: 1.50
[175/400] │ Θ: 151° │ Φ: 132° │ RT: 371.47ms │ PO: 68.99ms │ Tot: 440.49ms │ Hit: 13% │ Bounces: 1.55
[176/400] │ Θ: 151° │ Φ: 142° │ RT: 354.78ms │ PO: 68.72ms │ Tot: 423.53ms │ Hit: 13% │ Bounces: 1.51
[177/400] │ Θ: 151° │ Φ: 151° │ RT: 346.03ms │ PO: 68.62ms │ Tot: 414.68ms │ Hit: 13% │ Bounces: 1.51
[178/400] │ Θ: 151° │ Φ: 161° │ RT: 351.48ms │ PO: 68.16ms │ Tot: 419.67ms │ Hit: 13% │ Bounces: 1.51
[179/400] │ Θ: 151° │ Φ: 170° │ RT: 362.62ms │ PO: 67.81ms │ Tot: 430.47ms │ Hit: 13% │ Bounces: 1.57
[180/400] │ Θ: 151° │ Φ: 180° │ RT: 380.52ms │ PO: 67.92ms │ Tot: 448.48ms │ Hit: 13% │ Bounces: 1.61
[181/400] │ Θ: 170° │ Φ: 0  ° │ RT: 303.82ms │ PO: 74.21ms │ Tot: 378.06ms │ Hit: 14% │ Bounces: 1.34
[182/400] │ Θ: 170° │ Φ: 9  ° │ RT: 307.13ms │ PO: 73.49ms │ Tot: 380.66ms │ Hit: 14% │ Bounces: 1.37
[183/400] │ Θ: 170° │ Φ: 18 ° │ RT: 282.92ms │ PO: 73.40ms │ Tot: 356.36ms │ Hit: 14% │ Bounces: 1.33
[184/400] │ Θ: 170° │ Φ: 28 ° │ RT: 294.89ms │ PO: 73.54ms │ Tot: 368.46ms │ Hit: 14% │ Bounces: 1.33
[185/400] │ Θ: 170° │ Φ: 37 ° │ RT: 298.96ms │ PO: 73.53ms │ Tot: 372.53ms │ Hit: 14% │ Bounces: 1.38
[186/400] │ Θ: 170° │ Φ: 47 ° │ RT: 287.16ms │ PO: 73.54ms │ Tot: 360.74ms │ Hit: 14% │ Bounces: 1.30
[187/400] │ Θ: 170° │ Φ: 56 ° │ RT: 296.29ms │ PO: 73.80ms │ Tot: 370.12ms │ Hit: 14% │ Bounces: 1.35
[188/400] │ Θ: 170° │ Φ: 66 ° │ RT: 306.43ms │ PO: 73.89ms │ Tot: 380.35ms │ Hit: 14% │ Bounces: 1.35
[189/400] │ Θ: 170° │ Φ: 75 ° │ RT: 296.46ms │ PO: 73.71ms │ Tot: 370.20ms │ Hit: 14% │ Bounces: 1.33
[190/400] │ Θ: 170° │ Φ: 85 ° │ RT: 273.60ms │ PO: 73.80ms │ Tot: 347.43ms │ Hit: 14% │ Bounces: 1.31
[191/400] │ Θ: 170° │ Φ: 94 ° │ RT: 267.05ms │ PO: 74.86ms │ Tot: 341.94ms │ Hit: 14% │ Bounces: 1.29
[192/400] │ Θ: 170° │ Φ: 104° │ RT: 297.40ms │ PO: 73.91ms │ Tot: 371.33ms │ Hit: 14% │ Bounces: 1.33
[193/400] │ Θ: 170° │ Φ: 113° │ RT: 300.59ms │ PO: 73.77ms │ Tot: 374.40ms │ Hit: 14% │ Bounces: 1.33
[194/400] │ Θ: 170° │ Φ: 123° │ RT: 315.38ms │ PO: 73.61ms │ Tot: 389.02ms │ Hit: 14% │ Bounces: 1.37
[195/400] │ Θ: 170° │ Φ: 132° │ RT: 333.61ms │ PO: 73.81ms │ Tot: 407.46ms │ Hit: 14% │ Bounces: 1.42
[196/400] │ Θ: 170° │ Φ: 142° │ RT: 336.49ms │ PO: 73.78ms │ Tot: 410.30ms │ Hit: 14% │ Bounces: 1.42
[197/400] │ Θ: 170° │ Φ: 151° │ RT: 337.98ms │ PO: 73.89ms │ Tot: 411.90ms │ Hit: 14% │ Bounces: 1.41
[198/400] │ Θ: 170° │ Φ: 161° │ RT: 318.76ms │ PO: 73.44ms │ Tot: 392.23ms │ Hit: 14% │ Bounces: 1.37
[199/400] │ Θ: 170° │ Φ: 170° │ RT: 313.00ms │ PO: 73.83ms │ Tot: 386.86ms │ Hit: 14% │ Bounces: 1.37
[200/400] │ Θ: 170° │ Φ: 180° │ RT: 304.58ms │ PO: 73.46ms │ Tot: 378.07ms │ Hit: 14% │ Bounces: 1.36
[201/400] │ Θ: 189° │ Φ: 0  ° │ RT: 316.35ms │ PO: 73.78ms │ Tot: 390.17ms │ Hit: 14% │ Bounces: 1.36
[202/400] │ Θ: 189° │ Φ: 9  ° │ RT: 338.25ms │ PO: 73.54ms │ Tot: 411.82ms │ Hit: 14% │ Bounces: 1.40
[203/400] │ Θ: 189° │ Φ: 18 ° │ RT: 321.46ms │ PO: 73.70ms │ Tot: 395.19ms │ Hit: 14% │ Bounces: 1.42
[204/400] │ Θ: 189° │ Φ: 28 ° │ RT: 344.98ms │ PO: 78.61ms │ Tot: 423.62ms │ Hit: 14% │ Bounces: 1.38
[205/400] │ Θ: 189° │ Φ: 37 ° │ RT: 302.29ms │ PO: 73.74ms │ Tot: 376.06ms │ Hit: 14% │ Bounces: 1.36
[206/400] │ Θ: 189° │ Φ: 47 ° │ RT: 303.53ms │ PO: 73.57ms │ Tot: 377.12ms │ Hit: 14% │ Bounces: 1.35
[207/400] │ Θ: 189° │ Φ: 56 ° │ RT: 321.61ms │ PO: 73.66ms │ Tot: 395.29ms │ Hit: 14% │ Bounces: 1.41
[208/400] │ Θ: 189° │ Φ: 66 ° │ RT: 309.87ms │ PO: 73.84ms │ Tot: 383.74ms │ Hit: 14% │ Bounces: 1.36
[209/400] │ Θ: 189° │ Φ: 75 ° │ RT: 303.74ms │ PO: 74.29ms │ Tot: 378.06ms │ Hit: 14% │ Bounces: 1.35
[210/400] │ Θ: 189° │ Φ: 85 ° │ RT: 277.26ms │ PO: 73.71ms │ Tot: 351.00ms │ Hit: 14% │ Bounces: 1.29
[211/400] │ Θ: 189° │ Φ: 94 ° │ RT: 316.14ms │ PO: 77.82ms │ Tot: 393.99ms │ Hit: 14% │ Bounces: 1.40
[212/400] │ Θ: 189° │ Φ: 104° │ RT: 335.17ms │ PO: 73.82ms │ Tot: 409.03ms │ Hit: 14% │ Bounces: 1.43
[213/400] │ Θ: 189° │ Φ: 113° │ RT: 318.95ms │ PO: 73.56ms │ Tot: 392.54ms │ Hit: 14% │ Bounces: 1.38
[214/400] │ Θ: 189° │ Φ: 123° │ RT: 291.40ms │ PO: 74.01ms │ Tot: 365.44ms │ Hit: 14% │ Bounces: 1.34
[215/400] │ Θ: 189° │ Φ: 132° │ RT: 299.62ms │ PO: 73.53ms │ Tot: 373.18ms │ Hit: 14% │ Bounces: 1.36
[216/400] │ Θ: 189° │ Φ: 142° │ RT: 316.59ms │ PO: 73.55ms │ Tot: 390.17ms │ Hit: 14% │ Bounces: 1.38
[217/400] │ Θ: 189° │ Φ: 151° │ RT: 291.48ms │ PO: 73.68ms │ Tot: 365.19ms │ Hit: 14% │ Bounces: 1.32
[218/400] │ Θ: 189° │ Φ: 161° │ RT: 302.22ms │ PO: 73.37ms │ Tot: 375.62ms │ Hit: 14% │ Bounces: 1.37
[219/400] │ Θ: 189° │ Φ: 170° │ RT: 300.11ms │ PO: 73.58ms │ Tot: 373.71ms │ Hit: 14% │ Bounces: 1.33
[220/400] │ Θ: 189° │ Φ: 180° │ RT: 296.49ms │ PO: 73.28ms │ Tot: 369.81ms │ Hit: 14% │ Bounces: 1.34
[221/400] │ Θ: 208° │ Φ: 0  ° │ RT: 367.95ms │ PO: 67.83ms │ Tot: 435.81ms │ Hit: 13% │ Bounces: 1.62
[222/400] │ Θ: 208° │ Φ: 9  ° │ RT: 405.15ms │ PO: 68.23ms │ Tot: 473.41ms │ Hit: 13% │ Bounces: 1.65
[223/400] │ Θ: 208° │ Φ: 18 ° │ RT: 346.30ms │ PO: 68.35ms │ Tot: 414.68ms │ Hit: 13% │ Bounces: 1.52
[224/400] │ Θ: 208° │ Φ: 28 ° │ RT: 358.54ms │ PO: 68.33ms │ Tot: 426.90ms │ Hit: 13% │ Bounces: 1.52
[225/400] │ Θ: 208° │ Φ: 37 ° │ RT: 349.41ms │ PO: 69.07ms │ Tot: 418.52ms │ Hit: 13% │ Bounces: 1.50
[226/400] │ Θ: 208° │ Φ: 47 ° │ RT: 365.39ms │ PO: 74.36ms │ Tot: 439.78ms │ Hit: 13% │ Bounces: 1.54
[227/400] │ Θ: 208° │ Φ: 56 ° │ RT: 335.26ms │ PO: 68.98ms │ Tot: 404.27ms │ Hit: 13% │ Bounces: 1.47
[228/400] │ Θ: 208° │ Φ: 66 ° │ RT: 318.93ms │ PO: 68.74ms │ Tot: 387.71ms │ Hit: 13% │ Bounces: 1.43
[229/400] │ Θ: 208° │ Φ: 75 ° │ RT: 317.68ms │ PO: 68.91ms │ Tot: 386.63ms │ Hit: 13% │ Bounces: 1.43
[230/400] │ Θ: 208° │ Φ: 85 ° │ RT: 320.11ms │ PO: 68.79ms │ Tot: 388.93ms │ Hit: 13% │ Bounces: 1.45
[231/400] │ Θ: 208° │ Φ: 94 ° │ RT: 303.14ms │ PO: 68.94ms │ Tot: 372.11ms │ Hit: 13% │ Bounces: 1.40
[232/400] │ Θ: 208° │ Φ: 104° │ RT: 296.48ms │ PO: 68.65ms │ Tot: 365.16ms │ Hit: 13% │ Bounces: 1.37
[233/400] │ Θ: 208° │ Φ: 113° │ RT: 318.91ms │ PO: 68.55ms │ Tot: 387.49ms │ Hit: 13% │ Bounces: 1.40
[234/400] │ Θ: 208° │ Φ: 123° │ RT: 319.42ms │ PO: 68.44ms │ Tot: 387.89ms │ Hit: 13% │ Bounces: 1.43
[235/400] │ Θ: 208° │ Φ: 132° │ RT: 326.41ms │ PO: 68.27ms │ Tot: 394.72ms │ Hit: 13% │ Bounces: 1.42
[236/400] │ Θ: 208° │ Φ: 142° │ RT: 297.87ms │ PO: 68.02ms │ Tot: 365.92ms │ Hit: 13% │ Bounces: 1.38
[237/400] │ Θ: 208° │ Φ: 151° │ RT: 321.51ms │ PO: 67.79ms │ Tot: 389.33ms │ Hit: 13% │ Bounces: 1.43
[238/400] │ Θ: 208° │ Φ: 161° │ RT: 334.09ms │ PO: 67.56ms │ Tot: 401.68ms │ Hit: 13% │ Bounces: 1.46
[239/400] │ Θ: 208° │ Φ: 170° │ RT: 296.82ms │ PO: 68.12ms │ Tot: 364.98ms │ Hit: 13% │ Bounces: 1.36
[240/400] │ Θ: 208° │ Φ: 180° │ RT: 297.96ms │ PO: 67.24ms │ Tot: 365.24ms │ Hit: 13% │ Bounces: 1.38
[241/400] │ Θ: 227° │ Φ: 0  ° │ RT: 354.77ms │ PO: 56.50ms │ Tot: 411.30ms │ Hit: 10% │ Bounces: 1.78
[242/400] │ Θ: 227° │ Φ: 9  ° │ RT: 347.76ms │ PO: 57.24ms │ Tot: 405.03ms │ Hit: 10% │ Bounces: 1.74
[243/400] │ Θ: 227° │ Φ: 18 ° │ RT: 360.82ms │ PO: 57.46ms │ Tot: 418.31ms │ Hit: 10% │ Bounces: 1.77
[244/400] │ Θ: 227° │ Φ: 28 ° │ RT: 366.30ms │ PO: 58.28ms │ Tot: 424.62ms │ Hit: 10% │ Bounces: 1.75
[245/400] │ Θ: 227° │ Φ: 37 ° │ RT: 333.67ms │ PO: 58.99ms │ Tot: 392.69ms │ Hit: 11% │ Bounces: 1.66
[246/400] │ Θ: 227° │ Φ: 47 ° │ RT: 343.73ms │ PO: 59.21ms │ Tot: 402.98ms │ Hit: 11% │ Bounces: 1.67
[247/400] │ Θ: 227° │ Φ: 56 ° │ RT: 325.74ms │ PO: 59.61ms │ Tot: 385.39ms │ Hit: 11% │ Bounces: 1.58
[248/400] │ Θ: 227° │ Φ: 66 ° │ RT: 314.13ms │ PO: 59.31ms │ Tot: 373.47ms │ Hit: 11% │ Bounces: 1.55
[249/400] │ Θ: 227° │ Φ: 75 ° │ RT: 296.38ms │ PO: 59.10ms │ Tot: 355.51ms │ Hit: 11% │ Bounces: 1.53
[250/400] │ Θ: 227° │ Φ: 85 ° │ RT: 290.10ms │ PO: 63.97ms │ Tot: 354.11ms │ Hit: 11% │ Bounces: 1.54
[251/400] │ Θ: 227° │ Φ: 94 ° │ RT: 292.63ms │ PO: 59.17ms │ Tot: 351.83ms │ Hit: 11% │ Bounces: 1.49
[252/400] │ Θ: 227° │ Φ: 104° │ RT: 303.27ms │ PO: 60.15ms │ Tot: 363.46ms │ Hit: 11% │ Bounces: 1.53
[253/400] │ Θ: 227° │ Φ: 113° │ RT: 317.95ms │ PO: 59.54ms │ Tot: 377.53ms │ Hit: 11% │ Bounces: 1.54
[254/400] │ Θ: 227° │ Φ: 123° │ RT: 320.61ms │ PO: 62.06ms │ Tot: 382.70ms │ Hit: 11% │ Bounces: 1.53
[255/400] │ Θ: 227° │ Φ: 132° │ RT: 310.02ms │ PO: 58.88ms │ Tot: 368.93ms │ Hit: 11% │ Bounces: 1.52
[256/400] │ Θ: 227° │ Φ: 142° │ RT: 323.86ms │ PO: 58.11ms │ Tot: 382.00ms │ Hit: 11% │ Bounces: 1.56
[257/400] │ Θ: 227° │ Φ: 151° │ RT: 334.55ms │ PO: 57.25ms │ Tot: 391.83ms │ Hit: 10% │ Bounces: 1.60
[258/400] │ Θ: 227° │ Φ: 161° │ RT: 314.15ms │ PO: 56.54ms │ Tot: 370.72ms │ Hit: 10% │ Bounces: 1.53
[259/400] │ Θ: 227° │ Φ: 170° │ RT: 327.27ms │ PO: 55.68ms │ Tot: 382.99ms │ Hit: 10% │ Bounces: 1.62
[260/400] │ Θ: 227° │ Φ: 180° │ RT: 299.39ms │ PO: 55.52ms │ Tot: 354.94ms │ Hit: 10% │ Bounces: 1.56
[261/400] │ Θ: 246° │ Φ: 0  ° │ RT: 286.63ms │ PO: 41.21ms │ Tot: 327.87ms │ Hit: 6% │ Bounces: 2.02
[262/400] │ Θ: 246° │ Φ: 9  ° │ RT: 313.43ms │ PO: 42.04ms │ Tot: 355.67ms │ Hit: 6% │ Bounces: 2.07
[263/400] │ Θ: 246° │ Φ: 18 ° │ RT: 319.87ms │ PO: 44.03ms │ Tot: 363.93ms │ Hit: 7% │ Bounces: 2.07
[264/400] │ Θ: 246° │ Φ: 28 ° │ RT: 334.66ms │ PO: 45.11ms │ Tot: 379.80ms │ Hit: 7% │ Bounces: 2.06
[265/400] │ Θ: 246° │ Φ: 37 ° │ RT: 315.99ms │ PO: 46.26ms │ Tot: 362.28ms │ Hit: 8% │ Bounces: 1.91
[266/400] │ Θ: 246° │ Φ: 47 ° │ RT: 300.40ms │ PO: 46.84ms │ Tot: 347.27ms │ Hit: 8% │ Bounces: 1.83
[267/400] │ Θ: 246° │ Φ: 56 ° │ RT: 280.11ms │ PO: 52.14ms │ Tot: 332.28ms │ Hit: 8% │ Bounces: 1.73
[268/400] │ Θ: 246° │ Φ: 66 ° │ RT: 252.55ms │ PO: 51.50ms │ Tot: 304.08ms │ Hit: 9% │ Bounces: 1.61
[269/400] │ Θ: 246° │ Φ: 75 ° │ RT: 230.23ms │ PO: 47.27ms │ Tot: 277.54ms │ Hit: 9% │ Bounces: 1.58
[270/400] │ Θ: 246° │ Φ: 85 ° │ RT: 212.35ms │ PO: 47.25ms │ Tot: 259.62ms │ Hit: 9% │ Bounces: 1.55
[271/400] │ Θ: 246° │ Φ: 94 ° │ RT: 221.14ms │ PO: 46.98ms │ Tot: 268.15ms │ Hit: 9% │ Bounces: 1.54
[272/400] │ Θ: 246° │ Φ: 104° │ RT: 235.44ms │ PO: 47.86ms │ Tot: 283.34ms │ Hit: 9% │ Bounces: 1.61
[273/400] │ Θ: 246° │ Φ: 113° │ RT: 248.77ms │ PO: 48.27ms │ Tot: 297.07ms │ Hit: 9% │ Bounces: 1.63
[274/400] │ Θ: 246° │ Φ: 123° │ RT: 255.58ms │ PO: 53.50ms │ Tot: 309.12ms │ Hit: 8% │ Bounces: 1.69
[275/400] │ Θ: 246° │ Φ: 132° │ RT: 261.29ms │ PO: 45.69ms │ Tot: 307.01ms │ Hit: 8% │ Bounces: 1.71
[276/400] │ Θ: 246° │ Φ: 142° │ RT: 280.83ms │ PO: 43.80ms │ Tot: 324.66ms │ Hit: 7% │ Bounces: 1.72
[277/400] │ Θ: 246° │ Φ: 151° │ RT: 274.75ms │ PO: 42.35ms │ Tot: 317.14ms │ Hit: 7% │ Bounces: 1.76
[278/400] │ Θ: 246° │ Φ: 161° │ RT: 268.43ms │ PO: 41.49ms │ Tot: 309.95ms │ Hit: 6% │ Bounces: 1.72
[279/400] │ Θ: 246° │ Φ: 170° │ RT: 248.26ms │ PO: 40.44ms │ Tot: 288.73ms │ Hit: 6% │ Bounces: 1.68
[280/400] │ Θ: 246° │ Φ: 180° │ RT: 252.93ms │ PO: 40.05ms │ Tot: 293.01ms │ Hit: 6% │ Bounces: 1.77
[281/400] │ Θ: 265° │ Φ: 0  ° │ RT: 208.72ms │ PO: 25.88ms │ Tot: 234.62ms │ Hit: 2% │ Bounces: 2.75
[282/400] │ Θ: 265° │ Φ: 9  ° │ RT: 222.21ms │ PO: 27.98ms │ Tot: 250.23ms │ Hit: 3% │ Bounces: 2.60
[283/400] │ Θ: 265° │ Φ: 18 ° │ RT: 213.82ms │ PO: 30.33ms │ Tot: 244.17ms │ Hit: 4% │ Bounces: 2.19
[284/400] │ Θ: 265° │ Φ: 28 ° │ RT: 230.04ms │ PO: 32.34ms │ Tot: 262.41ms │ Hit: 4% │ Bounces: 2.04
[285/400] │ Θ: 265° │ Φ: 37 ° │ RT: 222.86ms │ PO: 33.12ms │ Tot: 256.02ms │ Hit: 5% │ Bounces: 1.86
[286/400] │ Θ: 265° │ Φ: 47 ° │ RT: 203.43ms │ PO: 34.67ms │ Tot: 238.13ms │ Hit: 5% │ Bounces: 1.71
[287/400] │ Θ: 265° │ Φ: 56 ° │ RT: 176.88ms │ PO: 36.18ms │ Tot: 213.09ms │ Hit: 6% │ Bounces: 1.53
[288/400] │ Θ: 265° │ Φ: 66 ° │ RT: 156.43ms │ PO: 37.31ms │ Tot: 193.76ms │ Hit: 6% │ Bounces: 1.39
[289/400] │ Θ: 265° │ Φ: 75 ° │ RT: 139.14ms │ PO: 37.83ms │ Tot: 177.01ms │ Hit: 6% │ Bounces: 1.31
[290/400] │ Θ: 265° │ Φ: 85 ° │ RT: 128.54ms │ PO: 38.48ms │ Tot: 167.05ms │ Hit: 6% │ Bounces: 1.26
[291/400] │ Θ: 265° │ Φ: 94 ° │ RT: 130.47ms │ PO: 38.72ms │ Tot: 169.22ms │ Hit: 6% │ Bounces: 1.26
[292/400] │ Θ: 265° │ Φ: 104° │ RT: 151.55ms │ PO: 37.72ms │ Tot: 189.29ms │ Hit: 6% │ Bounces: 1.34
[293/400] │ Θ: 265° │ Φ: 113° │ RT: 152.28ms │ PO: 36.11ms │ Tot: 188.42ms │ Hit: 6% │ Bounces: 1.40
[294/400] │ Θ: 265° │ Φ: 123° │ RT: 153.45ms │ PO: 34.67ms │ Tot: 188.15ms │ Hit: 5% │ Bounces: 1.51
[295/400] │ Θ: 265° │ Φ: 132° │ RT: 171.50ms │ PO: 32.45ms │ Tot: 203.98ms │ Hit: 5% │ Bounces: 1.66
[296/400] │ Θ: 265° │ Φ: 142° │ RT: 197.72ms │ PO: 30.37ms │ Tot: 228.11ms │ Hit: 4% │ Bounces: 1.81
[297/400] │ Θ: 265° │ Φ: 151° │ RT: 203.59ms │ PO: 29.39ms │ Tot: 233.01ms │ Hit: 4% │ Bounces: 1.97
[298/400] │ Θ: 265° │ Φ: 161° │ RT: 200.94ms │ PO: 27.72ms │ Tot: 228.70ms │ Hit: 3% │ Bounces: 2.02
[299/400] │ Θ: 265° │ Φ: 170° │ RT: 196.42ms │ PO: 25.72ms │ Tot: 222.16ms │ Hit: 3% │ Bounces: 2.14
[300/400] │ Θ: 265° │ Φ: 180° │ RT: 196.66ms │ PO: 24.56ms │ Tot: 221.25ms │ Hit: 2% │ Bounces: 2.30
[301/400] │ Θ: 284° │ Φ: 0  ° │ RT: 148.66ms │ PO: 31.91ms │ Tot: 180.59ms │ Hit: 4% │ Bounces: 1.41
[302/400] │ Θ: 284° │ Φ: 9  ° │ RT: 165.94ms │ PO: 32.73ms │ Tot: 198.70ms │ Hit: 4% │ Bounces: 1.43
[303/400] │ Θ: 284° │ Φ: 18 ° │ RT: 167.97ms │ PO: 33.48ms │ Tot: 201.48ms │ Hit: 5% │ Bounces: 1.47
[304/400] │ Θ: 284° │ Φ: 28 ° │ RT: 162.73ms │ PO: 34.73ms │ Tot: 197.49ms │ Hit: 5% │ Bounces: 1.43
[305/400] │ Θ: 284° │ Φ: 37 ° │ RT: 157.70ms │ PO: 35.76ms │ Tot: 193.49ms │ Hit: 5% │ Bounces: 1.39
[306/400] │ Θ: 284° │ Φ: 47 ° │ RT: 156.23ms │ PO: 37.21ms │ Tot: 193.47ms │ Hit: 6% │ Bounces: 1.35
[307/400] │ Θ: 284° │ Φ: 56 ° │ RT: 171.52ms │ PO: 39.18ms │ Tot: 210.73ms │ Hit: 6% │ Bounces: 1.36
[308/400] │ Θ: 284° │ Φ: 66 ° │ RT: 157.29ms │ PO: 42.99ms │ Tot: 200.31ms │ Hit: 7% │ Bounces: 1.29
[309/400] │ Θ: 284° │ Φ: 75 ° │ RT: 155.73ms │ PO: 45.83ms │ Tot: 201.59ms │ Hit: 7% │ Bounces: 1.29
[310/400] │ Θ: 284° │ Φ: 85 ° │ RT: 142.10ms │ PO: 41.28ms │ Tot: 183.41ms │ Hit: 8% │ Bounces: 1.25
[311/400] │ Θ: 284° │ Φ: 94 ° │ RT: 126.57ms │ PO: 40.49ms │ Tot: 167.09ms │ Hit: 8% │ Bounces: 1.25
[312/400] │ Θ: 284° │ Φ: 104° │ RT: 161.50ms │ PO: 42.16ms │ Tot: 203.69ms │ Hit: 7% │ Bounces: 1.35
[313/400] │ Θ: 284° │ Φ: 113° │ RT: 162.83ms │ PO: 42.07ms │ Tot: 204.93ms │ Hit: 7% │ Bounces: 1.36
[314/400] │ Θ: 284° │ Φ: 123° │ RT: 182.10ms │ PO: 41.56ms │ Tot: 223.69ms │ Hit: 7% │ Bounces: 1.42
[315/400] │ Θ: 284° │ Φ: 132° │ RT: 202.97ms │ PO: 40.71ms │ Tot: 243.72ms │ Hit: 7% │ Bounces: 1.50
[316/400] │ Θ: 284° │ Φ: 142° │ RT: 211.52ms │ PO: 39.40ms │ Tot: 250.96ms │ Hit: 6% │ Bounces: 1.54
[317/400] │ Θ: 284° │ Φ: 151° │ RT: 232.19ms │ PO: 38.35ms │ Tot: 270.57ms │ Hit: 6% │ Bounces: 1.66
[318/400] │ Θ: 284° │ Φ: 161° │ RT: 254.94ms │ PO: 36.66ms │ Tot: 291.63ms │ Hit: 5% │ Bounces: 1.83
[319/400] │ Θ: 284° │ Φ: 170° │ RT: 240.39ms │ PO: 34.90ms │ Tot: 275.32ms │ Hit: 4% │ Bounces: 1.82
[320/400] │ Θ: 284° │ Φ: 180° │ RT: 222.09ms │ PO: 33.12ms │ Tot: 255.24ms │ Hit: 4% │ Bounces: 1.84
[321/400] │ Θ: 303° │ Φ: 0  ° │ RT: 182.50ms │ PO: 48.59ms │ Tot: 231.13ms │ Hit: 8% │ Bounces: 1.20
[322/400] │ Θ: 303° │ Φ: 9  ° │ RT: 193.43ms │ PO: 48.38ms │ Tot: 241.84ms │ Hit: 8% │ Bounces: 1.23
[323/400] │ Θ: 303° │ Φ: 18 ° │ RT: 199.13ms │ PO: 49.28ms │ Tot: 248.44ms │ Hit: 8% │ Bounces: 1.24
[324/400] │ Θ: 303° │ Φ: 28 ° │ RT: 217.93ms │ PO: 51.07ms │ Tot: 269.03ms │ Hit: 9% │ Bounces: 1.25
[325/400] │ Θ: 303° │ Φ: 37 ° │ RT: 202.27ms │ PO: 51.63ms │ Tot: 253.93ms │ Hit: 9% │ Bounces: 1.28
[326/400] │ Θ: 303° │ Φ: 47 ° │ RT: 200.82ms │ PO: 52.88ms │ Tot: 253.73ms │ Hit: 10% │ Bounces: 1.27
[327/400] │ Θ: 303° │ Φ: 56 ° │ RT: 206.41ms │ PO: 53.62ms │ Tot: 260.06ms │ Hit: 10% │ Bounces: 1.32
[328/400] │ Θ: 303° │ Φ: 66 ° │ RT: 210.56ms │ PO: 54.18ms │ Tot: 264.77ms │ Hit: 10% │ Bounces: 1.33
[329/400] │ Θ: 303° │ Φ: 75 ° │ RT: 204.67ms │ PO: 59.36ms │ Tot: 264.07ms │ Hit: 10% │ Bounces: 1.34
[330/400] │ Θ: 303° │ Φ: 85 ° │ RT: 185.93ms │ PO: 56.11ms │ Tot: 242.06ms │ Hit: 10% │ Bounces: 1.31
[331/400] │ Θ: 303° │ Φ: 94 ° │ RT: 200.49ms │ PO: 53.34ms │ Tot: 253.85ms │ Hit: 10% │ Bounces: 1.35
[332/400] │ Θ: 303° │ Φ: 104° │ RT: 216.46ms │ PO: 53.26ms │ Tot: 269.75ms │ Hit: 10% │ Bounces: 1.37
[333/400] │ Θ: 303° │ Φ: 113° │ RT: 237.18ms │ PO: 53.18ms │ Tot: 290.39ms │ Hit: 10% │ Bounces: 1.43
[334/400] │ Θ: 303° │ Φ: 123° │ RT: 251.86ms │ PO: 53.58ms │ Tot: 305.47ms │ Hit: 10% │ Bounces: 1.45
[335/400] │ Θ: 303° │ Φ: 132° │ RT: 262.57ms │ PO: 53.52ms │ Tot: 316.13ms │ Hit: 10% │ Bounces: 1.47
[336/400] │ Θ: 303° │ Φ: 142° │ RT: 274.84ms │ PO: 53.98ms │ Tot: 328.85ms │ Hit: 9% │ Bounces: 1.53
[337/400] │ Θ: 303° │ Φ: 151° │ RT: 288.49ms │ PO: 51.83ms │ Tot: 340.35ms │ Hit: 9% │ Bounces: 1.59
[338/400] │ Θ: 303° │ Φ: 161° │ RT: 280.90ms │ PO: 50.74ms │ Tot: 331.67ms │ Hit: 9% │ Bounces: 1.55
[339/400] │ Θ: 303° │ Φ: 170° │ RT: 271.74ms │ PO: 50.10ms │ Tot: 321.87ms │ Hit: 8% │ Bounces: 1.57
[340/400] │ Θ: 303° │ Φ: 180° │ RT: 258.84ms │ PO: 49.27ms │ Tot: 308.14ms │ Hit: 8% │ Bounces: 1.55
[341/400] │ Θ: 322° │ Φ: 0  ° │ RT: 227.54ms │ PO: 61.97ms │ Tot: 289.54ms │ Hit: 11% │ Bounces: 1.21
[342/400] │ Θ: 322° │ Φ: 9  ° │ RT: 216.58ms │ PO: 66.76ms │ Tot: 283.38ms │ Hit: 11% │ Bounces: 1.21
[343/400] │ Θ: 322° │ Φ: 18 ° │ RT: 230.27ms │ PO: 62.85ms │ Tot: 293.16ms │ Hit: 11% │ Bounces: 1.24
[344/400] │ Θ: 322° │ Φ: 28 ° │ RT: 224.80ms │ PO: 62.81ms │ Tot: 287.63ms │ Hit: 12% │ Bounces: 1.24
[345/400] │ Θ: 322° │ Φ: 37 ° │ RT: 224.53ms │ PO: 63.93ms │ Tot: 288.49ms │ Hit: 12% │ Bounces: 1.26
[346/400] │ Θ: 322° │ Φ: 47 ° │ RT: 249.98ms │ PO: 63.94ms │ Tot: 313.95ms │ Hit: 12% │ Bounces: 1.30
[347/400] │ Θ: 322° │ Φ: 56 ° │ RT: 230.73ms │ PO: 65.05ms │ Tot: 295.82ms │ Hit: 12% │ Bounces: 1.31
[348/400] │ Θ: 322° │ Φ: 66 ° │ RT: 241.34ms │ PO: 64.46ms │ Tot: 305.83ms │ Hit: 12% │ Bounces: 1.34
[349/400] │ Θ: 322° │ Φ: 75 ° │ RT: 257.28ms │ PO: 64.33ms │ Tot: 321.65ms │ Hit: 12% │ Bounces: 1.34
[350/400] │ Θ: 322° │ Φ: 85 ° │ RT: 252.44ms │ PO: 64.34ms │ Tot: 316.81ms │ Hit: 12% │ Bounces: 1.37
[351/400] │ Θ: 322° │ Φ: 94 ° │ RT: 229.86ms │ PO: 64.51ms │ Tot: 294.41ms │ Hit: 12% │ Bounces: 1.33
[352/400] │ Θ: 322° │ Φ: 104° │ RT: 248.75ms │ PO: 64.55ms │ Tot: 313.33ms │ Hit: 12% │ Bounces: 1.35
[353/400] │ Θ: 322° │ Φ: 113° │ RT: 249.57ms │ PO: 64.79ms │ Tot: 314.39ms │ Hit: 12% │ Bounces: 1.34
[354/400] │ Θ: 322° │ Φ: 123° │ RT: 262.98ms │ PO: 64.74ms │ Tot: 327.76ms │ Hit: 12% │ Bounces: 1.37
[355/400] │ Θ: 322° │ Φ: 132° │ RT: 295.80ms │ PO: 64.97ms │ Tot: 360.80ms │ Hit: 12% │ Bounces: 1.45
[356/400] │ Θ: 322° │ Φ: 142° │ RT: 284.27ms │ PO: 64.22ms │ Tot: 348.53ms │ Hit: 12% │ Bounces: 1.41
[357/400] │ Θ: 322° │ Φ: 151° │ RT: 277.74ms │ PO: 63.91ms │ Tot: 341.68ms │ Hit: 12% │ Bounces: 1.39
[358/400] │ Θ: 322° │ Φ: 161° │ RT: 294.41ms │ PO: 63.39ms │ Tot: 357.83ms │ Hit: 12% │ Bounces: 1.42
[359/400] │ Θ: 322° │ Φ: 170° │ RT: 282.40ms │ PO: 63.15ms │ Tot: 345.58ms │ Hit: 11% │ Bounces: 1.40
[360/400] │ Θ: 322° │ Φ: 180° │ RT: 282.75ms │ PO: 62.76ms │ Tot: 345.53ms │ Hit: 11% │ Bounces: 1.42
[361/400] │ Θ: 341° │ Φ: 0  ° │ RT: 232.27ms │ PO: 71.06ms │ Tot: 303.36ms │ Hit: 13% │ Bounces: 1.21
[362/400] │ Θ: 341° │ Φ: 9  ° │ RT: 230.16ms │ PO: 71.03ms │ Tot: 301.22ms │ Hit: 13% │ Bounces: 1.20
[363/400] │ Θ: 341° │ Φ: 18 ° │ RT: 230.94ms │ PO: 71.16ms │ Tot: 302.13ms │ Hit: 14% │ Bounces: 1.22
[364/400] │ Θ: 341° │ Φ: 28 ° │ RT: 233.72ms │ PO: 71.98ms │ Tot: 305.73ms │ Hit: 14% │ Bounces: 1.24
[365/400] │ Θ: 341° │ Φ: 37 ° │ RT: 258.86ms │ PO: 71.48ms │ Tot: 330.36ms │ Hit: 14% │ Bounces: 1.26
[366/400] │ Θ: 341° │ Φ: 47 ° │ RT: 244.65ms │ PO: 71.92ms │ Tot: 316.60ms │ Hit: 14% │ Bounces: 1.26
[367/400] │ Θ: 341° │ Φ: 56 ° │ RT: 247.36ms │ PO: 71.56ms │ Tot: 318.95ms │ Hit: 14% │ Bounces: 1.27
[368/400] │ Θ: 341° │ Φ: 66 ° │ RT: 240.10ms │ PO: 71.69ms │ Tot: 311.81ms │ Hit: 14% │ Bounces: 1.26
[369/400] │ Θ: 341° │ Φ: 75 ° │ RT: 234.68ms │ PO: 72.09ms │ Tot: 306.80ms │ Hit: 14% │ Bounces: 1.26
[370/400] │ Θ: 341° │ Φ: 85 ° │ RT: 240.51ms │ PO: 71.68ms │ Tot: 312.22ms │ Hit: 14% │ Bounces: 1.28
[371/400] │ Θ: 341° │ Φ: 94 ° │ RT: 246.21ms │ PO: 77.25ms │ Tot: 323.49ms │ Hit: 14% │ Bounces: 1.29
[372/400] │ Θ: 341° │ Φ: 104° │ RT: 250.34ms │ PO: 75.51ms │ Tot: 325.89ms │ Hit: 14% │ Bounces: 1.30
[373/400] │ Θ: 341° │ Φ: 113° │ RT: 246.89ms │ PO: 71.89ms │ Tot: 318.82ms │ Hit: 14% │ Bounces: 1.27
[374/400] │ Θ: 341° │ Φ: 123° │ RT: 264.52ms │ PO: 72.08ms │ Tot: 336.63ms │ Hit: 14% │ Bounces: 1.34
[375/400] │ Θ: 341° │ Φ: 132° │ RT: 267.29ms │ PO: 72.01ms │ Tot: 339.33ms │ Hit: 14% │ Bounces: 1.31
[376/400] │ Θ: 341° │ Φ: 142° │ RT: 276.19ms │ PO: 71.92ms │ Tot: 348.15ms │ Hit: 14% │ Bounces: 1.33
[377/400] │ Θ: 341° │ Φ: 151° │ RT: 278.12ms │ PO: 71.90ms │ Tot: 350.06ms │ Hit: 14% │ Bounces: 1.31
[378/400] │ Θ: 341° │ Φ: 161° │ RT: 286.79ms │ PO: 71.70ms │ Tot: 358.52ms │ Hit: 14% │ Bounces: 1.34
[379/400] │ Θ: 341° │ Φ: 170° │ RT: 312.06ms │ PO: 71.56ms │ Tot: 383.65ms │ Hit: 14% │ Bounces: 1.36
[380/400] │ Θ: 341° │ Φ: 180° │ RT: 273.64ms │ PO: 71.61ms │ Tot: 345.28ms │ Hit: 14% │ Bounces: 1.34
[381/400] │ Θ: 360° │ Φ: 0  ° │ RT: 211.56ms │ PO: 74.03ms │ Tot: 285.62ms │ Hit: 14% │ Bounces: 1.20
[382/400] │ Θ: 360° │ Φ: 9  ° │ RT: 216.03ms │ PO: 74.24ms │ Tot: 290.30ms │ Hit: 14% │ Bounces: 1.22
[383/400] │ Θ: 360° │ Φ: 18 ° │ RT: 217.95ms │ PO: 74.65ms │ Tot: 292.63ms │ Hit: 14% │ Bounces: 1.22
[384/400] │ Θ: 360° │ Φ: 28 ° │ RT: 206.97ms │ PO: 74.32ms │ Tot: 281.32ms │ Hit: 14% │ Bounces: 1.20
[385/400] │ Θ: 360° │ Φ: 37 ° │ RT: 207.06ms │ PO: 75.04ms │ Tot: 282.13ms │ Hit: 14% │ Bounces: 1.20
[386/400] │ Θ: 360° │ Φ: 47 ° │ RT: 208.03ms │ PO: 74.18ms │ Tot: 282.24ms │ Hit: 14% │ Bounces: 1.20
[387/400] │ Θ: 360° │ Φ: 56 ° │ RT: 222.99ms │ PO: 82.74ms │ Tot: 305.76ms │ Hit: 14% │ Bounces: 1.22
[388/400] │ Θ: 360° │ Φ: 66 ° │ RT: 223.22ms │ PO: 81.67ms │ Tot: 304.93ms │ Hit: 14% │ Bounces: 1.23
[389/400] │ Θ: 360° │ Φ: 75 ° │ RT: 226.40ms │ PO: 74.12ms │ Tot: 300.56ms │ Hit: 14% │ Bounces: 1.23
[390/400] │ Θ: 360° │ Φ: 85 ° │ RT: 226.20ms │ PO: 74.09ms │ Tot: 300.33ms │ Hit: 14% │ Bounces: 1.23
[391/400] │ Θ: 360° │ Φ: 94 ° │ RT: 231.33ms │ PO: 74.26ms │ Tot: 305.62ms │ Hit: 14% │ Bounces: 1.24
[392/400] │ Θ: 360° │ Φ: 104° │ RT: 229.85ms │ PO: 74.24ms │ Tot: 304.12ms │ Hit: 14% │ Bounces: 1.24
[393/400] │ Θ: 360° │ Φ: 113° │ RT: 231.78ms │ PO: 74.97ms │ Tot: 306.78ms │ Hit: 14% │ Bounces: 1.25
[394/400] │ Θ: 360° │ Φ: 123° │ RT: 231.09ms │ PO: 74.13ms │ Tot: 305.25ms │ Hit: 14% │ Bounces: 1.26
[395/400] │ Θ: 360° │ Φ: 132° │ RT: 231.92ms │ PO: 74.14ms │ Tot: 306.10ms │ Hit: 14% │ Bounces: 1.26
[396/400] │ Θ: 360° │ Φ: 142° │ RT: 231.32ms │ PO: 74.21ms │ Tot: 305.57ms │ Hit: 14% │ Bounces: 1.25
[397/400] │ Θ: 360° │ Φ: 151° │ RT: 229.81ms │ PO: 74.20ms │ Tot: 304.04ms │ Hit: 14% │ Bounces: 1.25
[398/400] │ Θ: 360° │ Φ: 161° │ RT: 223.30ms │ PO: 74.23ms │ Tot: 297.57ms │ Hit: 14% │ Bounces: 1.24
[399/400] │ Θ: 360° │ Φ: 170° │ RT: 217.81ms │ PO: 75.52ms │ Tot: 293.36ms │ Hit: 14% │ Bounces: 1.23
[400/400] │ Θ: 360° │ Φ: 180° │ RT: 215.32ms │ PO: 74.17ms │ Tot: 289.52ms │ Hit: 14% │ Bounces: 1.22
└──────────────────────────────────────────────────┘

┌── SWEEP PERFORMANCE BREAKDOWN                    ┐
│ Ray Tracing Kernel (total): 101555.10 ms
│ PO Integration Kernel (total): 23303.19 ms
│ Memset (total)      : 4.54 ms
│ Memcpy D2H (total)  : 5.33 ms
│ File Writes (total) : 3.34 ms
│ Stats Computation (total): 48819.16 ms
│ ─────────────────:  
│ GPU Time (kernels only): 124858.29 ms
│ Total Sweep Wall Time: 173734.70 ms
└──────────────────────────────────────────────────┘

┌── PER-ITERATION AVERAGES                         ┐
│ Ray Tracing Kernel  : 253.89 ms
│ PO Integration Kernel: 58.26 ms
│ Memset              : 0.01 ms
│ Memcpy D2H          : 0.01 ms
│ File Write          : 0.01 ms
│ ─────────────────:  
│ Total Points        : 400 
│ Average Time/Point  : 434.34 ms
└──────────────────────────────────────────────────┘

┌── CLEANUP                                        ┐
│  Device memory released. Success.
└──────────────────────────────────────────────────┘

┌── TOTAL TIMING BREAKDOWN                         ┐
│ Model Loading       : 625.36 ms
│ BVH Construction    : 3655.45 ms
│ GPU Memory Alloc    : 1647.03 ms
│ File Open/Header    : 0.22 ms
│ Sweep Execution     : 173734.70 ms
│ File Close          : 0.24 ms
│ Cleanup             : 3.08 ms
│ ─────────────────:  
│ Total App Time      : 181103.79 ms
└──────────────────────────────────────────────────┘
[CRAYBLAS_WARNING] Application linked against multiple cray-libsci libraries
